2026-04-25 02:06:37 | INFO | Fetching S&P 500 stocks from Wikipedia
2026-04-25 02:06:38 | INFO | S&P 500 source: Wikipedia live list (503 stocks)
2026-04-25 02:06:40 | INFO | 🟡 WAIT       | MMM             | $    145.99 | EMAs converging, no breakout yet
2026-04-25 02:06:42 | INFO | 🟡 WAIT       | AOS             | $     64.38 | EMAs converging, no breakout yet
2026-04-25 02:06:45 | INFO | 🔴 EXIT       | ABT             | $     91.13 | Below 40W EMA
2026-04-25 02:06:47 | INFO | 🔴 EXIT       | ABBV            | $    198.71 | Broke support with EMAs converging
2026-04-25 02:06:49 | INFO | 🔴 EXIT       | ACN             | $    178.36 | Below 40W EMA
2026-04-25 02:06:51 | INFO | 🔴 EXIT       | ADBE            | $    245.44 | Below 40W EMA
2026-04-25 02:06:53 | INFO | 🟢 HOLD_ADD   | AMD             | $    347.81 | Above all weekly EMAs
2026-04-25 02:06:55 | INFO | 🟣 FADING     | AES             | $     14.49 | Below 10W EMA - momentum fading
2026-04-25 02:06:58 | INFO | 🟡 WAIT       | AFL             | $    114.62 | EMAs converging, no breakout yet
2026-04-25 02:07:00 | INFO | 🔴 EXIT       | A               | $    115.55 | Below 40W EMA
2026-04-25 02:07:02 | INFO | 🟢 HOLD_ADD   | APD             | $    301.76 | Above all weekly EMAs
2026-04-25 02:07:04 | INFO | ✅ BULLISH    | ABNB            | $    142.82 | Resistance breakout with EMAs converging
2026-04-25 02:07:06 | INFO | 🟠 CAUTIOUS   | AKAM            | $     95.25 | Below 20W EMA
2026-04-25 02:07:08 | INFO | 🟢 HOLD_ADD   | ALB             | $    188.33 | Above all weekly EMAs
2026-04-25 02:07:10 | INFO | 🔴 EXIT       | ARE             | $     47.40 | Below 40W EMA
2026-04-25 02:07:13 | INFO | 🟢 HOLD_ADD   | ALGN            | $    189.61 | Above all weekly EMAs
2026-04-25 02:07:15 | INFO | 🔴 EXIT       | ALLE            | $    146.10 | Below 40W EMA
2026-04-25 02:07:17 | INFO | 🟢 HOLD_ADD   | LNT             | $     72.31 | Above all weekly EMAs
2026-04-25 02:07:19 | INFO | 🟡 WAIT       | ALL             | $    212.88 | EMAs converging, no breakout yet
2026-04-25 02:07:21 | INFO | 🟢 HOLD_ADD   | GOOGL           | $    344.40 | Above all weekly EMAs
2026-04-25 02:07:23 | INFO | 🟢 HOLD_ADD   | GOOG            | $    342.32 | Above all weekly EMAs
2026-04-25 02:07:26 | INFO | 🟢 HOLD_ADD   | MO              | $     66.88 | Above all weekly EMAs
2026-04-25 02:07:28 | INFO | 🟢 HOLD_ADD   | AMZN            | $    263.99 | Above all weekly EMAs
2026-04-25 02:07:30 | INFO | 🔴 EXIT       | AMCR            | $     38.95 | Below 40W EMA
2026-04-25 02:07:32 | INFO | 🟢 HOLD_ADD   | AEE             | $    111.12 | Above all weekly EMAs
2026-04-25 02:07:34 | INFO | 🟢 HOLD_ADD   | AEP             | $    134.73 | Above all weekly EMAs
2026-04-25 02:07:36 | INFO | 🟡 WAIT       | AXP             | $    314.08 | EMAs converging, no breakout yet
2026-04-25 02:07:39 | INFO | 🟡 WAIT       | AIG             | $     75.14 | EMAs converging, no breakout yet
2026-04-25 02:07:41 | INFO | 🟡 WAIT       | AMT             | $    178.21 | EMAs converging, no breakout yet
2026-04-25 02:07:43 | INFO | 🟡 WAIT       | AWK             | $    132.42 | EMAs converging, no breakout yet
2026-04-25 02:07:45 | INFO | 🔴 EXIT       | AMP             | $    464.12 | Below 40W EMA
2026-04-25 02:07:47 | INFO | 🟢 HOLD_ADD   | AME             | $    232.95 | Above all weekly EMAs
2026-04-25 02:07:49 | INFO | 🟠 CAUTIOUS   | AMGN            | $    344.55 | Below 20W EMA
2026-04-25 02:07:51 | INFO | 🟢 HOLD_ADD   | APH             | $    149.71 | Above all weekly EMAs
2026-04-25 02:07:54 | INFO | 🟢 HOLD_ADD   | ADI             | $    399.57 | Above all weekly EMAs
2026-04-25 02:07:56 | INFO | 🔴 EXIT       | AON             | $    321.14 | Below 40W EMA
2026-04-25 02:07:58 | INFO | 🟢 HOLD_ADD   | APA             | $     37.73 | Above all weekly EMAs
2026-04-25 02:08:00 | INFO | 🔴 EXIT       | APO             | $    124.26 | Below 40W EMA
2026-04-25 02:08:02 | INFO | 🟢 HOLD_ADD   | AAPL            | $    271.06 | Above all weekly EMAs
2026-04-25 02:08:05 | INFO | 🟢 HOLD_ADD   | AMAT            | $    417.04 | Above all weekly EMAs
2026-04-25 02:08:07 | INFO | 🔴 EXIT       | APP             | $    448.29 | Below 40W EMA
2026-04-25 02:08:09 | INFO | 🔴 EXIT       | APTV            | $     60.10 | Below 40W EMA
2026-04-25 02:08:11 | INFO | 🟡 WAIT       | ACGL            | $     96.19 | EMAs converging, no breakout yet
2026-04-25 02:08:13 | INFO | 🟢 HOLD_ADD   | ADM             | $     69.23 | Above all weekly EMAs
2026-04-25 02:08:15 | INFO | 🔴 EXIT       | ARES            | $    115.23 | Below 40W EMA
2026-04-25 02:08:17 | INFO | 🟢 HOLD_ADD   | ANET            | $    176.91 | Above all weekly EMAs
2026-04-25 02:08:19 | INFO | 🔴 EXIT       | AJG             | $    215.38 | Below 40W EMA
2026-04-25 02:08:22 | INFO | 🟡 WAIT       | AIZ             | $    229.80 | EMAs converging, no breakout yet
2026-04-25 02:08:24 | INFO | 🟠 CAUTIOUS   | T               | $     26.20 | Below 20W EMA
2026-04-25 02:08:26 | INFO | 🟢 HOLD_ADD   | ATO             | $    185.45 | Above all weekly EMAs
2026-04-25 02:08:28 | INFO | 🔴 EXIT       | ADSK            | $    237.44 | Below 40W EMA
2026-04-25 02:08:30 | INFO | 🔴 EXIT       | ADP             | $    196.53 | Below 40W EMA
2026-04-25 02:08:32 | INFO | 🔴 EXIT       | AZO             | $   3577.91 | Below 40W EMA
2026-04-25 02:08:35 | INFO | 🔴 EXIT       | AVB             | $    172.38 | Below 40W EMA
2026-04-25 02:08:37 | INFO | 🟡 WAIT       | AVY             | $    165.50 | EMAs converging, no breakout yet
2026-04-25 02:08:39 | INFO | 🔴 EXIT       | AXON            | $    397.12 | Below 40W EMA
2026-04-25 02:08:41 | INFO | 🟢 HOLD_ADD   | BKR             | $     68.94 | Above all weekly EMAs
2026-04-25 02:08:43 | INFO | 🟣 FADING     | BALL            | $     61.32 | Below 10W EMA - momentum fading
2026-04-25 02:08:45 | INFO | 🟡 WAIT       | BAC             | $     52.05 | EMAs converging, no breakout yet
2026-04-25 02:08:48 | INFO | 🔴 EXIT       | BAX             | $     18.16 | Below 40W EMA
2026-04-25 02:08:50 | INFO | 🟡 WAIT       | BDX             | $    152.14 | EMAs converging, no breakout yet
2026-04-25 02:08:52 | INFO | 🟡 WAIT       | BRK-B           | $    469.32 | EMAs converging, no breakout yet
2026-04-25 02:08:54 | INFO | 🔴 EXIT       | BBY             | $     60.45 | Below 40W EMA
2026-04-25 02:08:56 | INFO | 🔴 EXIT       | TECH            | $     54.19 | Below 40W EMA
2026-04-25 02:08:58 | INFO | 🟢 HOLD_ADD   | BIIB            | $    184.38 | Above all weekly EMAs
2026-04-25 02:09:01 | INFO | 🟡 WAIT       | BLK             | $   1044.97 | EMAs converging, no breakout yet
2026-04-25 02:09:03 | INFO | 🔴 EXIT       | BX              | $    121.65 | Below 40W EMA
2026-04-25 02:09:05 | INFO | 🟡 WAIT       | XYZ             | $     71.63 | EMAs converging, no breakout yet
2026-04-25 02:09:07 | INFO | 🟢 HOLD_ADD   | BK              | $    134.05 | Above all weekly EMAs
2026-04-25 02:09:09 | INFO | 🟡 WAIT       | BA              | $    232.44 | EMAs converging, no breakout yet
2026-04-25 02:09:11 | INFO | 🔴 EXIT       | BKNG            | $    180.25 | Below 40W EMA
2026-04-25 02:09:13 | INFO | 🔴 EXIT       | BSX             | $     62.07 | Below 40W EMA
2026-04-25 02:09:16 | INFO | 🟢 HOLD_ADD   | BMY             | $     58.71 | Above all weekly EMAs
2026-04-25 02:09:18 | INFO | 🟢 HOLD_ADD   | AVGO            | $    422.76 | Above all weekly EMAs
2026-04-25 02:09:20 | INFO | 🔴 EXIT       | BR              | $    155.07 | Below 40W EMA
2026-04-25 02:09:22 | INFO | 🔴 EXIT       | BRO             | $     65.90 | Below 40W EMA
2026-04-25 02:09:24 | INFO | 🟡 WAIT       | BF-B            | $     28.31 | EMAs converging, no breakout yet
2026-04-25 02:09:26 | INFO | 🔴 EXIT       | BLDR            | $     90.04 | Below 40W EMA
2026-04-25 02:09:29 | INFO | 🟢 HOLD_ADD   | BG              | $    124.90 | Above all weekly EMAs
2026-04-25 02:09:31 | INFO | 🔴 EXIT       | BXP             | $     57.73 | Below 40W EMA
2026-04-25 02:09:33 | INFO | 🟢 HOLD_ADD   | CHRW            | $    183.03 | Above all weekly EMAs
2026-04-25 02:09:35 | INFO | 🟡 WAIT       | CDNS            | $    332.89 | EMAs converging, no breakout yet
2026-04-25 02:09:37 | INFO | 🟡 WAIT       | CPT             | $    101.75 | EMAs converging, no breakout yet
2026-04-25 02:09:39 | INFO | 🔴 EXIT       | CPB             | $     20.62 | Below 40W EMA
2026-04-25 02:09:42 | INFO | 🔴 EXIT       | COF             | $    191.39 | Below 40W EMA
2026-04-25 02:09:44 | INFO | 🟠 CAUTIOUS   | CAH             | $    199.85 | Below 20W EMA
2026-04-25 02:09:46 | INFO | 🟡 WAIT       | CCL             | $     27.17 | EMAs converging, no breakout yet
2026-04-25 02:09:48 | INFO | 🟡 WAIT       | CARR            | $     60.97 | EMAs converging, no breakout yet
2026-04-25 02:09:50 | INFO | 🟡 WAIT       | CVNA            | $    409.08 | EMAs converging, no breakout yet
2026-04-25 02:09:52 | INFO | 🟢 HOLD_ADD   | CASY            | $    799.55 | Above all weekly EMAs
2026-04-25 02:09:55 | INFO | 🟢 HOLD_ADD   | CAT             | $    830.79 | Above all weekly EMAs
2026-04-25 02:09:57 | INFO | 🟢 HOLD_ADD   | CBOE            | $    303.81 | Above all weekly EMAs
2026-04-25 02:09:59 | INFO | 🟡 WAIT       | CBRE            | $    148.29 | EMAs converging, no breakout yet
2026-04-25 02:10:01 | INFO | 🔴 EXIT       | CDW             | $    135.32 | Below 40W EMA
2026-04-25 02:10:03 | INFO | 🔴 EXIT       | COR             | $    308.19 | Broke support with EMAs converging
2026-04-25 02:10:05 | INFO | 🟢 HOLD_ADD   | CNC             | $     41.82 | Above all weekly EMAs
2026-04-25 02:10:08 | INFO | 🟣 FADING     | CNP             | $     42.47 | Below 10W EMA - momentum fading
2026-04-25 02:10:10 | INFO | 🟢 HOLD_ADD   | CF              | $    120.93 | Above all weekly EMAs
2026-04-25 02:10:12 | INFO | 🟡 WAIT       | CRL             | $    169.80 | EMAs converging, no breakout yet
2026-04-25 02:10:14 | INFO | 🔴 EXIT       | SCHW            | $     88.50 | Broke support with EMAs converging
2026-04-25 02:10:16 | INFO | 🔴 EXIT       | CHTR            | $    180.13 | Below 40W EMA
2026-04-25 02:10:18 | INFO | 🟣 FADING     | CVX             | $    185.21 | Below 10W EMA - momentum fading
2026-04-25 02:10:20 | INFO | 🔴 EXIT       | CMG             | $     34.21 | Below 40W EMA
2026-04-25 02:10:23 | INFO | 🟢 HOLD_ADD   | CB              | $    326.12 | Above all weekly EMAs
2026-04-25 02:10:25 | INFO | 🟡 WAIT       | CHD             | $     95.02 | EMAs converging, no breakout yet
2026-04-25 02:10:27 | INFO | 🟢 HOLD_ADD   | CIEN            | $    520.80 | Above all weekly EMAs
2026-04-25 02:10:29 | INFO | 🟡 WAIT       | CI              | $    275.64 | EMAs converging, no breakout yet
2026-04-25 02:10:31 | INFO | 🟡 WAIT       | CINF            | $    164.48 | EMAs converging, no breakout yet
2026-04-25 02:10:33 | INFO | 🔴 EXIT       | CTAS            | $    175.90 | Below 40W EMA
2026-04-25 02:10:36 | INFO | 🟢 HOLD_ADD   | CSCO            | $     89.01 | Above all weekly EMAs
2026-04-25 02:10:38 | INFO | 🟢 HOLD_ADD   | C               | $    127.98 | Above all weekly EMAs
2026-04-25 02:10:40 | INFO | 🟢 HOLD_ADD   | CFG             | $     63.79 | Above all weekly EMAs
2026-04-25 02:10:42 | INFO | 🔴 EXIT       | CLX             | $     98.68 | Below 40W EMA
2026-04-25 02:10:44 | INFO | 🟠 CAUTIOUS   | CME             | $    285.06 | Below 20W EMA
2026-04-25 02:10:47 | INFO | 🟣 FADING     | CMS             | $     76.27 | Below 10W EMA - momentum fading
2026-04-25 02:10:49 | INFO | 🟢 HOLD_ADD   | KO              | $     76.63 | Above all weekly EMAs
2026-04-25 02:10:51 | INFO | 🔴 EXIT       | CTSH            | $     55.11 | Below 40W EMA
2026-04-25 02:10:53 | INFO | 🟢 HOLD_ADD   | COHR            | $    336.09 | Above all weekly EMAs
2026-04-25 02:10:55 | INFO | 🔴 EXIT       | COIN            | $    199.77 | Below 40W EMA
2026-04-25 02:10:57 | INFO | 🟡 WAIT       | CL              | $     84.65 | EMAs converging, no breakout yet
2026-04-25 02:11:00 | INFO | 🟡 WAIT       | CMCSA           | $     27.56 | EMAs converging, no breakout yet
2026-04-25 02:11:02 | INFO | 🟢 HOLD_ADD   | FIX             | $   1726.12 | Above all weekly EMAs
2026-04-25 02:11:04 | INFO | 🔴 EXIT       | CAG             | $     14.17 | Below 40W EMA
2026-04-25 02:11:06 | INFO | 🟢 HOLD_ADD   | COP             | $    121.76 | Above all weekly EMAs
2026-04-25 02:11:08 | INFO | 🟣 FADING     | ED              | $    109.06 | Below 10W EMA - momentum fading
2026-04-25 02:11:10 | INFO | 🟡 WAIT       | STZ             | $    156.00 | EMAs converging, no breakout yet
2026-04-25 02:11:13 | INFO | 🟢 HOLD_ADD   | CEG             | $    313.53 | Above all weekly EMAs
2026-04-25 02:11:15 | INFO | 🔴 EXIT       | COO             | $     64.42 | Below 40W EMA
2026-04-25 02:11:17 | INFO | 🔴 EXIT       | CPRT            | $     33.07 | Below 40W EMA
2026-04-25 02:11:19 | INFO | 🟢 HOLD_ADD   | GLW             | $    175.89 | Above all weekly EMAs
2026-04-25 02:11:21 | INFO | 🟡 WAIT       | CPAY            | $    312.91 | EMAs converging, no breakout yet
2026-04-25 02:11:23 | INFO | 🟢 HOLD_ADD   | CTVA            | $     79.80 | Above all weekly EMAs
2026-04-25 02:11:25 | INFO | 🔴 EXIT       | CSGP            | $     36.44 | Below 40W EMA
2026-04-25 02:11:28 | INFO | 🟢 HOLD_ADD   | COST            | $   1011.15 | Above all weekly EMAs
2026-04-25 02:11:30 | INFO | 🟢 HOLD_ADD   | CTRA            | $     33.53 | Above all weekly EMAs
2026-04-25 02:11:32 | INFO | 🟡 WAIT       | CRH             | $    118.00 | EMAs converging, no breakout yet
2026-04-25 02:11:34 | INFO | 🟢 HOLD_ADD   | CRWD            | $    448.13 | Above all weekly EMAs
2026-04-25 02:11:36 | INFO | 🔴 EXIT       | CCI             | $     86.34 | Below 40W EMA
2026-04-25 02:11:38 | INFO | 🟢 HOLD_ADD   | CSX             | $     45.41 | Above all weekly EMAs
2026-04-25 02:11:41 | INFO | 🟢 HOLD_ADD   | CMI             | $    660.75 | Above all weekly EMAs
2026-04-25 02:11:43 | INFO | 🟢 HOLD_ADD   | CVS             | $     77.94 | Above all weekly EMAs
2026-04-25 02:11:45 | INFO | 🔴 EXIT       | DHR             | $    177.25 | Below 40W EMA
2026-04-25 02:11:47 | INFO | 🟡 WAIT       | DRI             | $    201.06 | EMAs converging, no breakout yet
2026-04-25 02:11:49 | INFO | 🔴 EXIT       | DDOG            | $    129.48 | Below 40W EMA
2026-04-25 02:11:51 | INFO | 🟢 HOLD_ADD   | DVA             | $    151.85 | Above all weekly EMAs
2026-04-25 02:11:54 | INFO | 🟡 WAIT       | DECK            | $    108.53 | EMAs converging, no breakout yet
2026-04-25 02:11:56 | INFO | 🟣 FADING     | DE              | $    562.64 | Below 10W EMA - momentum fading
2026-04-25 02:11:58 | INFO | 🟢 HOLD_ADD   | DELL            | $    216.09 | Above all weekly EMAs
2026-04-25 02:12:00 | INFO | 🟢 HOLD_ADD   | DAL             | $     68.45 | Above all weekly EMAs
2026-04-25 02:12:02 | INFO | 🟢 HOLD_ADD   | DVN             | $     47.94 | Above all weekly EMAs
2026-04-25 02:12:04 | INFO | 🔴 EXIT       | DXCM            | $     61.57 | Below 40W EMA
2026-04-25 02:12:06 | INFO | 🟢 HOLD_ADD   | FANG            | $    194.79 | Above all weekly EMAs
2026-04-25 02:12:09 | INFO | 🟢 HOLD_ADD   | DLR             | $    200.00 | Above all weekly EMAs
2026-04-25 02:12:11 | INFO | 🔴 EXIT       | DG              | $    120.71 | Below 40W EMA
2026-04-25 02:12:13 | INFO | 🟡 WAIT       | DLTR            | $    103.75 | EMAs converging, no breakout yet
2026-04-25 02:12:15 | INFO | 🟢 HOLD_ADD   | D               | $     62.58 | Above all weekly EMAs
2026-04-25 02:12:17 | INFO | 🔴 EXIT       | DPZ             | $    367.83 | Below 40W EMA
2026-04-25 02:12:19 | INFO | 🔴 EXIT       | DASH            | $    176.78 | Below 40W EMA
2026-04-25 02:12:21 | INFO | 🟢 HOLD_ADD   | DOV             | $    224.78 | Above all weekly EMAs
2026-04-25 02:12:24 | INFO | 🟢 HOLD_ADD   | DOW             | $     38.66 | Above all weekly EMAs
2026-04-25 02:12:26 | INFO | 🟡 WAIT       | DHI             | $    159.90 | EMAs converging, no breakout yet
2026-04-25 02:12:28 | INFO | 🟢 HOLD_ADD   | DTE             | $    146.88 | Above all weekly EMAs
2026-04-25 02:12:30 | INFO | 🟣 FADING     | DUK             | $    127.27 | Below 10W EMA - momentum fading
2026-04-25 02:12:33 | INFO | 🟢 HOLD_ADD   | DD              | $     46.33 | Above all weekly EMAs
2026-04-25 02:12:35 | INFO | 🟢 HOLD_ADD   | ETN             | $    423.92 | Above all weekly EMAs
2026-04-25 02:12:37 | INFO | 🟢 HOLD_ADD   | EBAY            | $     97.94 | Above all weekly EMAs
2026-04-25 02:12:39 | INFO | 🟣 FADING     | SATS            | $    117.50 | Below 10W EMA - momentum fading
2026-04-25 02:12:41 | INFO | 🟡 WAIT       | ECL             | $    269.49 | EMAs converging, no breakout yet
2026-04-25 02:12:43 | INFO | 🟣 FADING     | EIX             | $     68.86 | Below 10W EMA - momentum fading
2026-04-25 02:12:46 | INFO | 🟡 WAIT       | EW              | $     84.15 | EMAs converging, no breakout yet
2026-04-25 02:12:48 | INFO | 🟢 HOLD_ADD   | EA              | $    202.67 | Above all weekly EMAs
2026-04-25 02:12:50 | INFO | 🟢 HOLD_ADD   | ELV             | $    344.76 | Above all weekly EMAs
2026-04-25 02:12:52 | INFO | 🟢 HOLD_ADD   | EME             | $    869.90 | Above all weekly EMAs
2026-04-25 02:12:54 | INFO | 🟡 WAIT       | EMR             | $    141.35 | EMAs converging, no breakout yet
2026-04-25 02:12:56 | INFO | 🟢 HOLD_ADD   | ETR             | $    113.64 | Above all weekly EMAs
2026-04-25 02:12:59 | INFO | 🟢 HOLD_ADD   | EOG             | $    133.13 | Above all weekly EMAs
2026-04-25 02:13:01 | INFO | 🔴 EXIT       | EPAM            | $    118.98 | Below 40W EMA
2026-04-25 02:13:03 | INFO | 🟠 CAUTIOUS   | EQT             | $     58.91 | Below 20W EMA
2026-04-25 02:13:05 | INFO | 🔴 EXIT       | EFX             | $    172.47 | Below 40W EMA
2026-04-25 02:13:07 | INFO | 🟢 HOLD_ADD   | EQIX            | $   1108.76 | Above all weekly EMAs
2026-04-25 02:13:10 | INFO | 🟡 WAIT       | EQR             | $     62.26 | EMAs converging, no breakout yet
2026-04-25 02:13:12 | INFO | 🔴 EXIT       | ERIE            | $    233.62 | Below 40W EMA
2026-04-25 02:13:14 | INFO | 🟡 WAIT       | ESS             | $    255.37 | EMAs converging, no breakout yet
2026-04-25 02:13:16 | INFO | 🔴 EXIT       | EL              | $     77.82 | Below 40W EMA
2026-04-25 02:13:18 | INFO | 🟡 WAIT       | EG              | $    343.38 | EMAs converging, no breakout yet
2026-04-25 02:13:20 | INFO | 🟢 HOLD_ADD   | EVRG            | $     81.23 | Above all weekly EMAs
2026-04-25 02:13:23 | INFO | 🟡 WAIT       | ES              | $     68.64 | EMAs converging, no breakout yet
2026-04-25 02:13:25 | INFO | 🟣 FADING     | EXC             | $     46.92 | Below 10W EMA - momentum fading
2026-04-25 02:13:27 | INFO | 🔴 EXIT       | EXE             | $     96.44 | Broke support with EMAs converging
2026-04-25 02:13:29 | INFO | 🟢 HOLD_ADD   | EXPE            | $    251.44 | Above all weekly EMAs
2026-04-25 02:13:31 | INFO | 🟢 HOLD_ADD   | EXPD            | $    147.56 | Above all weekly EMAs
2026-04-25 02:13:33 | INFO | 🟡 WAIT       | EXR             | $    142.09 | EMAs converging, no breakout yet
2026-04-25 02:13:36 | INFO | 🟣 FADING     | XOM             | $    148.91 | Below 10W EMA - momentum fading
2026-04-25 02:13:38 | INFO | 🟢 HOLD_ADD   | FFIV            | $    303.16 | Above all weekly EMAs
2026-04-25 02:13:40 | INFO | 🔴 EXIT       | FDS             | $    224.12 | Below 40W EMA
2026-04-25 02:13:42 | INFO | 🔴 EXIT       | FICO            | $   1004.72 | Below 40W EMA
2026-04-25 02:13:44 | INFO | 🟠 CAUTIOUS   | FAST            | $     44.69 | Below 20W EMA
2026-04-25 02:13:46 | INFO | 🟢 HOLD_ADD   | FRT             | $    111.04 | Above all weekly EMAs
2026-04-25 02:13:49 | INFO | 🟢 HOLD_ADD   | FDX             | $    387.98 | Above all weekly EMAs
2026-04-25 02:13:51 | INFO | 🔴 EXIT       | FIS             | $     45.73 | Below 40W EMA
2026-04-25 02:13:53 | INFO | 🟢 HOLD_ADD   | FITB            | $     49.66 | Above all weekly EMAs
2026-04-25 02:13:55 | INFO | 🔴 EXIT       | FSLR            | $    193.76 | Below 40W EMA
2026-04-25 02:13:57 | INFO | 🟣 FADING     | FE              | $     49.41 | Below 10W EMA - momentum fading
2026-04-25 02:13:59 | INFO | 🔴 EXIT       | FISV            | $     60.84 | Below 40W EMA
2026-04-25 02:14:02 | INFO | 🟡 WAIT       | F               | $     12.38 | EMAs converging, no breakout yet
2026-04-25 02:14:04 | INFO | 🟡 WAIT       | FTNT            | $     84.34 | EMAs converging, no breakout yet
2026-04-25 02:14:06 | INFO | 🟢 HOLD_ADD   | FTV             | $     61.09 | Above all weekly EMAs
2026-04-25 02:14:08 | INFO | 🟡 WAIT       | FOXA            | $     62.85 | EMAs converging, no breakout yet
2026-04-25 02:14:10 | INFO | 🟡 WAIT       | FOX             | $     56.17 | EMAs converging, no breakout yet
2026-04-25 02:14:12 | INFO | 🟢 HOLD_ADD   | BEN             | $     27.12 | Above all weekly EMAs
2026-04-25 02:14:14 | INFO | 🟣 FADING     | FCX             | $     61.05 | Below 10W EMA - momentum fading
2026-04-25 02:14:17 | INFO | 🟢 HOLD_ADD   | GRMN            | $    259.39 | Above all weekly EMAs
2026-04-25 02:14:19 | INFO | 🔴 EXIT       | IT              | $    150.55 | Below 40W EMA
2026-04-25 02:14:21 | INFO | 🔴 EXIT       | GE              | $    284.60 | Below 40W EMA
2026-04-25 02:14:23 | INFO | 🔴 EXIT       | GEHC            | $     68.83 | Below 40W EMA
2026-04-25 02:14:25 | INFO | 🟢 HOLD_ADD   | GEV             | $   1149.19 | Above all weekly EMAs
2026-04-25 02:14:27 | INFO | 🔴 EXIT       | GEN             | $     19.04 | Below 40W EMA
2026-04-25 02:14:29 | INFO | 🟢 HOLD_ADD   | GNRC            | $    220.93 | Above all weekly EMAs
2026-04-25 02:14:32 | INFO | 🔴 EXIT       | GD              | $    313.21 | Broke support with EMAs converging
2026-04-25 02:14:34 | INFO | 🔴 EXIT       | GIS             | $     34.97 | Below 40W EMA
2026-04-25 02:14:36 | INFO | 🟢 HOLD_ADD   | GM              | $     78.05 | Above all weekly EMAs
2026-04-25 02:14:38 | INFO | 🔴 EXIT       | GPC             | $    108.74 | Below 40W EMA
2026-04-25 02:14:40 | INFO | 🟠 CAUTIOUS   | GILD            | $    130.40 | Below 20W EMA
2026-04-25 02:14:42 | INFO | 🔴 EXIT       | GPN             | $     67.76 | Below 40W EMA
2026-04-25 02:14:45 | INFO | 🟢 HOLD_ADD   | GL              | $    152.56 | Above all weekly EMAs
2026-04-25 02:14:47 | INFO | 🔴 EXIT       | GDDY            | $     86.04 | Below 40W EMA
2026-04-25 02:14:49 | INFO | 🟢 HOLD_ADD   | GS              | $    926.91 | Above all weekly EMAs
2026-04-25 02:14:51 | INFO | 🟢 HOLD_ADD   | HAL             | $     40.36 | Above all weekly EMAs
2026-04-25 02:14:53 | INFO | 🟠 CAUTIOUS   | HIG             | $    134.45 | Below 20W EMA
2026-04-25 02:14:55 | INFO | 🟢 HOLD_ADD   | HAS             | $     95.08 | Above all weekly EMAs
2026-04-25 02:14:58 | INFO | 🔴 EXIT       | HCA             | $    432.46 | Below 40W EMA
2026-04-25 02:15:00 | INFO | 🟡 WAIT       | DOC             | $     16.43 | EMAs converging, no breakout yet
2026-04-25 02:15:02 | INFO | 🟡 WAIT       | HSIC            | $     77.54 | EMAs converging, no breakout yet
2026-04-25 02:15:04 | INFO | 🔴 EXIT       | HSY             | $    191.48 | Below 40W EMA
2026-04-25 02:15:06 | INFO | 🟢 HOLD_ADD   | HPE             | $     28.16 | Above all weekly EMAs
2026-04-25 02:15:08 | INFO | 🟢 HOLD_ADD   | HLT             | $    335.63 | Above all weekly EMAs
2026-04-25 02:15:11 | INFO | 🔴 EXIT       | HD              | $    335.89 | Below 40W EMA
2026-04-25 02:15:13 | INFO | 🔴 EXIT       | HON             | $    213.17 | Below 40W EMA
2026-04-25 02:15:15 | INFO | 🔴 EXIT       | HRL             | $     21.55 | Below 40W EMA
2026-04-25 02:15:17 | INFO | 🟢 HOLD_ADD   | HST             | $     20.90 | Above all weekly EMAs
2026-04-25 02:15:19 | INFO | 🟢 HOLD_ADD   | HWM             | $    242.44 | Above all weekly EMAs
2026-04-25 02:15:22 | INFO | 🔴 EXIT       | HPQ             | $     19.79 | Below 40W EMA
2026-04-25 02:15:24 | INFO | 🟢 HOLD_ADD   | HUBB            | $    553.07 | Above all weekly EMAs
2026-04-25 02:15:26 | INFO | 🔴 EXIT       | HUM             | $    215.23 | Below 40W EMA
2026-04-25 02:15:28 | INFO | 🟡 WAIT       | HBAN            | $     16.40 | EMAs converging, no breakout yet
2026-04-25 02:15:30 | INFO | 🟠 CAUTIOUS   | HII             | $    359.29 | Below 20W EMA
2026-04-25 02:15:33 | INFO | 🔴 EXIT       | IBM             | $    231.98 | Below 40W EMA
2026-04-25 02:15:35 | INFO | 🟢 HOLD_ADD   | IEX             | $    204.74 | Above all weekly EMAs
2026-04-25 02:15:37 | INFO | 🔴 EXIT       | IDXX            | $    565.93 | Below 40W EMA
2026-04-25 02:15:39 | INFO | 🟢 HOLD_ADD   | ITW             | $    269.29 | Above all weekly EMAs
2026-04-25 02:15:41 | INFO | 🟠 CAUTIOUS   | INCY            | $     94.65 | Below 20W EMA
2026-04-25 02:15:43 | INFO | 🟡 WAIT       | IR              | $     83.81 | EMAs converging, no breakout yet
2026-04-25 02:15:45 | INFO | 🔴 EXIT       | PODD            | $    189.56 | Below 40W EMA
2026-04-25 02:15:48 | INFO | 🟢 HOLD_ADD   | INTC            | $     82.54 | Above all weekly EMAs
2026-04-25 02:15:50 | INFO | 🟢 HOLD_ADD   | IBKR            | $     76.62 | Above all weekly EMAs
2026-04-25 02:15:52 | INFO | 🟡 WAIT       | ICE             | $    158.45 | EMAs converging, no breakout yet
2026-04-25 02:15:54 | INFO | 🟡 WAIT       | IFF             | $     71.14 | EMAs converging, no breakout yet
2026-04-25 02:15:56 | INFO | 🔴 EXIT       | IP              | $     32.65 | Below 40W EMA
2026-04-25 02:15:58 | INFO | 🔴 EXIT       | INTU            | $    395.95 | Below 40W EMA
2026-04-25 02:16:01 | INFO | 🔴 EXIT       | ISRG            | $    482.22 | Below 40W EMA
2026-04-25 02:16:03 | INFO | 🟢 HOLD_ADD   | IVZ             | $     25.51 | Above all weekly EMAs
2026-04-25 02:16:05 | INFO | 🔴 EXIT       | INVH            | $     27.13 | Below 40W EMA
2026-04-25 02:16:07 | INFO | 🔴 EXIT       | IQV             | $    162.28 | Below 40W EMA
2026-04-25 02:16:09 | INFO | 🟢 HOLD_ADD   | IRM             | $    116.03 | Above all weekly EMAs
2026-04-25 02:16:12 | INFO | 🟢 HOLD_ADD   | JBHT            | $    248.59 | Above all weekly EMAs
2026-04-25 02:16:14 | INFO | 🟢 HOLD_ADD   | JBL             | $    341.65 | Above all weekly EMAs
2026-04-25 02:16:16 | INFO | 🔴 EXIT       | JKHY            | $    151.15 | Below 40W EMA
2026-04-25 02:16:18 | INFO | 🔴 EXIT       | J               | $    126.60 | Below 40W EMA
2026-04-25 02:16:20 | INFO | 🟣 FADING     | JNJ             | $    227.50 | Below 10W EMA - momentum fading
2026-04-25 02:16:23 | INFO | 🟢 HOLD_ADD   | JCI             | $    141.92 | Above all weekly EMAs
2026-04-25 02:16:25 | INFO | 🟡 WAIT       | JPM             | $    308.28 | EMAs converging, no breakout yet
2026-04-25 02:16:27 | INFO | 🟡 WAIT       | KVUE            | $     17.49 | EMAs converging, no breakout yet
2026-04-25 02:16:29 | INFO | 🟢 HOLD_ADD   | KDP             | $     29.22 | Above all weekly EMAs
2026-04-25 02:16:31 | INFO | 🟢 HOLD_ADD   | KEY             | $     21.63 | Above all weekly EMAs
2026-04-25 02:16:33 | INFO | 🟢 HOLD_ADD   | KEYS            | $    346.96 | Above all weekly EMAs
2026-04-25 02:16:35 | INFO | 🔴 EXIT       | KMB             | $     97.85 | Below 40W EMA
2026-04-25 02:16:38 | INFO | 🟢 HOLD_ADD   | KIM             | $     23.69 | Above all weekly EMAs
2026-04-25 02:16:40 | INFO | 🟣 FADING     | KMI             | $     31.74 | Below 10W EMA - momentum fading
2026-04-25 02:16:42 | INFO | 🔴 EXIT       | KKR             | $    101.83 | Below 40W EMA
2026-04-25 02:16:44 | INFO | 🟢 HOLD_ADD   | KLAC            | $   1935.00 | Above all weekly EMAs
2026-04-25 02:16:47 | INFO | 🔴 EXIT       | KHC             | $     21.94 | Below 40W EMA
2026-04-25 02:16:49 | INFO | 🟠 CAUTIOUS   | KR              | $     67.23 | Below 20W EMA
2026-04-25 02:16:51 | INFO | 🟠 CAUTIOUS   | LHX             | $    317.51 | Below 20W EMA
2026-04-25 02:16:53 | INFO | 🟡 WAIT       | LH              | $    263.80 | EMAs converging, no breakout yet
2026-04-25 02:16:55 | INFO | 🟢 HOLD_ADD   | LRCX            | $    267.78 | Above all weekly EMAs
2026-04-25 02:16:57 | INFO | 🟡 WAIT       | LVS             | $     52.81 | EMAs converging, no breakout yet
2026-04-25 02:17:00 | INFO | 🔴 EXIT       | LDOS            | $    146.06 | Below 40W EMA
2026-04-25 02:17:02 | INFO | 🔴 EXIT       | LEN             | $     94.05 | Below 40W EMA
2026-04-25 02:17:04 | INFO | 🔴 EXIT       | LII             | $    490.97 | Below 40W EMA
2026-04-25 02:17:06 | INFO | 🟡 WAIT       | LLY             | $    883.96 | EMAs converging, no breakout yet
2026-04-25 02:17:08 | INFO | 🟢 HOLD_ADD   | LIN             | $    510.30 | Above all weekly EMAs
2026-04-25 02:17:11 | INFO | 🟢 HOLD_ADD   | LYV             | $    156.64 | Above all weekly EMAs
2026-04-25 02:17:13 | INFO | 🔴 EXIT       | LMT             | $    513.45 | Below 40W EMA
2026-04-25 02:17:15 | INFO | 🟢 HOLD_ADD   | L               | $    110.58 | Above all weekly EMAs
2026-04-25 02:17:17 | INFO | 🟡 WAIT       | LOW             | $    244.45 | EMAs converging, no breakout yet
2026-04-25 02:17:19 | INFO | 🔴 EXIT       | LULU            | $    143.80 | Below 40W EMA
2026-04-25 02:17:22 | INFO | 🟢 HOLD_ADD   | LITE            | $    881.64 | Above all weekly EMAs
2026-04-25 02:17:24 | INFO | 🟢 HOLD_ADD   | LYB             | $     69.87 | Above all weekly EMAs
2026-04-25 02:17:26 | INFO | 🟢 HOLD_ADD   | MTB             | $    214.92 | Above all weekly EMAs
2026-04-25 02:17:28 | INFO | 🟢 HOLD_ADD   | MPC             | $    224.14 | Above all weekly EMAs
2026-04-25 02:17:30 | INFO | 🟢 HOLD_ADD   | MAR             | $    367.15 | Above all weekly EMAs
2026-04-25 02:17:32 | INFO | 🔴 EXIT       | MRSH            | $    170.10 | Below 40W EMA
2026-04-25 02:17:35 | INFO | 🟡 WAIT       | MLM             | $    615.30 | EMAs converging, no breakout yet
2026-04-25 02:17:37 | INFO | 🟡 WAIT       | MAS             | $     74.18 | EMAs converging, no breakout yet
2026-04-25 02:17:39 | INFO | 🔴 EXIT       | MA              | $    504.17 | Below 40W EMA
2026-04-25 02:17:41 | INFO | 🔴 EXIT       | MKC             | $     51.53 | Below 40W EMA
2026-04-25 02:17:43 | INFO | 🟡 WAIT       | MCD             | $    299.36 | EMAs converging, no breakout yet
2026-04-25 02:17:46 | INFO | 🟠 CAUTIOUS   | MCK             | $    828.11 | Below 20W EMA
2026-04-25 02:17:48 | INFO | 🔴 EXIT       | MDT             | $     83.32 | Below 40W EMA
2026-04-25 02:17:50 | INFO | 🟠 CAUTIOUS   | MRK             | $    111.90 | Below 20W EMA
2026-04-25 02:17:52 | INFO | 🟡 WAIT       | META            | $    675.03 | EMAs converging, no breakout yet
2026-04-25 02:17:54 | INFO | 🟡 WAIT       | MET             | $     77.70 | EMAs converging, no breakout yet
2026-04-25 02:17:56 | INFO | 🟡 WAIT       | MTD             | $   1282.45 | EMAs converging, no breakout yet
2026-04-25 02:17:59 | INFO | 🟢 HOLD_ADD   | MGM             | $     39.54 | Above all weekly EMAs
2026-04-25 02:18:01 | INFO | 🟢 HOLD_ADD   | MCHP            | $     89.44 | Above all weekly EMAs
2026-04-25 02:18:03 | INFO | 🟢 HOLD_ADD   | MU              | $    496.72 | Above all weekly EMAs
2026-04-25 02:18:05 | INFO | 🔴 EXIT       | MSFT            | $    424.62 | Below 40W EMA
2026-04-25 02:18:07 | INFO | 🔴 EXIT       | MAA             | $    125.66 | Below 40W EMA
2026-04-25 02:18:09 | INFO | 🟢 HOLD_ADD   | MRNA            | $     50.73 | Above all weekly EMAs
2026-04-25 02:18:12 | INFO | 🔴 EXIT       | TAP             | $     42.44 | Below 40W EMA
2026-04-25 02:18:14 | INFO | 🟡 WAIT       | MDLZ            | $     57.61 | EMAs converging, no breakout yet
2026-04-25 02:18:16 | INFO | 🟢 HOLD_ADD   | MPWR            | $   1632.06 | Above all weekly EMAs
2026-04-25 02:18:18 | INFO | 🟢 HOLD_ADD   | MNST            | $     78.23 | Above all weekly EMAs
2026-04-25 02:18:20 | INFO | 🔴 EXIT       | MCO             | $    456.05 | Below 40W EMA
2026-04-25 02:18:22 | INFO | 🟢 HOLD_ADD   | MS              | $    188.07 | Above all weekly EMAs
2026-04-25 02:18:25 | INFO | 🔴 EXIT       | MOS             | $     24.00 | Below 40W EMA
2026-04-25 02:18:27 | INFO | 🟡 WAIT       | MSI             | $    438.26 | EMAs converging, no breakout yet
2026-04-25 02:18:29 | INFO | 🟡 WAIT       | MSCI            | $    592.69 | EMAs converging, no breakout yet
2026-04-25 02:18:31 | INFO | 🟡 WAIT       | NDAQ            | $     89.90 | EMAs converging, no breakout yet
2026-04-25 02:18:33 | INFO | 🟡 WAIT       | NTAP            | $    108.71 | EMAs converging, no breakout yet
2026-04-25 02:18:35 | INFO | 🔴 EXIT       | NFLX            | $     92.44 | Below 40W EMA
2026-04-25 02:18:38 | INFO | 🟢 HOLD_ADD   | NEM             | $    120.70 | Above all weekly EMAs
2026-04-25 02:18:40 | INFO | 🟢 HOLD_ADD   | NWSA            | $     26.20 | Above all weekly EMAs
2026-04-25 02:18:42 | INFO | 🟡 WAIT       | NWS             | $     30.24 | EMAs converging, no breakout yet
2026-04-25 02:18:44 | INFO | 🟢 HOLD_ADD   | NEE             | $     95.28 | Above all weekly EMAs
2026-04-25 02:18:46 | INFO | 🔴 EXIT       | NKE             | $     44.69 | Below 40W EMA
2026-04-25 02:18:48 | INFO | 🟢 HOLD_ADD   | NI              | $     47.99 | Above all weekly EMAs
2026-04-25 02:18:51 | INFO | 🟢 HOLD_ADD   | NDSN            | $    282.36 | Above all weekly EMAs
2026-04-25 02:18:53 | INFO | 🟢 HOLD_ADD   | NSC             | $    319.71 | Above all weekly EMAs
2026-04-25 02:18:55 | INFO | 🟢 HOLD_ADD   | NTRS            | $    164.01 | Above all weekly EMAs
2026-04-25 02:18:57 | INFO | 🔴 EXIT       | NOC             | $    575.11 | Below 40W EMA
2026-04-25 02:18:59 | INFO | 🔴 EXIT       | NCLH            | $     18.51 | Below 40W EMA
2026-04-25 02:19:01 | INFO | 🟢 HOLD_ADD   | NRG             | $    159.81 | Above all weekly EMAs
2026-04-25 02:19:04 | INFO | 🟢 HOLD_ADD   | NUE             | $    214.29 | Above all weekly EMAs
2026-04-25 02:19:06 | INFO | 🟢 HOLD_ADD   | NVDA            | $    208.27 | Above all weekly EMAs
2026-04-25 02:19:08 | INFO | 🔴 EXIT       | NVR             | $   6503.95 | Below 40W EMA
2026-04-25 02:19:10 | INFO | 🟡 WAIT       | NXPI            | $    244.04 | EMAs converging, no breakout yet
2026-04-25 02:19:12 | INFO | 🟡 WAIT       | ORLY            | $     93.13 | EMAs converging, no breakout yet
2026-04-25 02:19:14 | INFO | 🟢 HOLD_ADD   | OXY             | $     57.12 | Above all weekly EMAs
2026-04-25 02:19:16 | INFO | 🟢 HOLD_ADD   | ODFL            | $    219.98 | Above all weekly EMAs
2026-04-25 02:19:19 | INFO | 🟡 WAIT       | OMC             | $     75.74 | EMAs converging, no breakout yet
2026-04-25 02:19:21 | INFO | 🟢 HOLD_ADD   | ON              | $     98.40 | Above all weekly EMAs
2026-04-25 02:19:23 | INFO | 🟢 HOLD_ADD   | OKE             | $     87.50 | Above all weekly EMAs
2026-04-25 02:19:25 | INFO | 🔴 EXIT       | ORCL            | $    173.28 | Below 40W EMA
2026-04-25 02:19:27 | INFO | 🔴 EXIT       | OTIS            | $     77.95 | Below 40W EMA
2026-04-25 02:19:29 | INFO | 🟢 HOLD_ADD   | PCAR            | $    127.00 | Above all weekly EMAs
2026-04-25 02:19:31 | INFO | 🟡 WAIT       | PKG             | $    212.87 | EMAs converging, no breakout yet
2026-04-25 02:19:34 | INFO | 🔴 EXIT       | PLTR            | $    143.09 | Below 40W EMA
2026-04-25 02:19:36 | INFO | 🟢 HOLD_ADD   | PANW            | $    178.54 | Above all weekly EMAs
2026-04-25 02:19:38 | INFO | 🔴 EXIT       | PSKY            | $     10.97 | Below 40W EMA
2026-04-25 02:19:40 | INFO | 🟢 HOLD_ADD   | PH              | $    974.47 | Above all weekly EMAs
2026-04-25 02:19:42 | INFO | 🔴 EXIT       | PAYX            | $     89.82 | Below 40W EMA
2026-04-25 02:19:44 | INFO | 🔴 EXIT       | PYPL            | $     50.48 | Below 40W EMA
2026-04-25 02:19:46 | INFO | 🔴 EXIT       | PNR             | $     91.75 | Below 40W EMA
2026-04-25 02:19:49 | INFO | 🟣 FADING     | PEP             | $    155.44 | Below 10W EMA - momentum fading
2026-04-25 02:19:51 | INFO | 🟣 FADING     | PFE             | $     27.00 | Below 10W EMA - momentum fading
2026-04-25 02:19:53 | INFO | 🟠 CAUTIOUS   | PCG             | $     16.61 | Below 20W EMA
2026-04-25 02:19:55 | INFO | 🟡 WAIT       | PM              | $    164.20 | EMAs converging, no breakout yet
2026-04-25 02:19:57 | INFO | 🟣 FADING     | PSX             | $    162.85 | Below 10W EMA - momentum fading
2026-04-25 02:20:00 | INFO | 🟢 HOLD_ADD   | PNW             | $    102.30 | Above all weekly EMAs
2026-04-25 02:20:02 | INFO | 🟢 HOLD_ADD   | PNC             | $    219.86 | Above all weekly EMAs
2026-04-25 02:20:04 | INFO | 🔴 EXIT       | POOL            | $    232.55 | Below 40W EMA
2026-04-25 02:20:06 | INFO | 🟡 WAIT       | PPG             | $    109.80 | EMAs converging, no breakout yet
2026-04-25 02:20:08 | INFO | 🟢 HOLD_ADD   | PPL             | $     38.75 | Above all weekly EMAs
2026-04-25 02:20:11 | INFO | 🟢 HOLD_ADD   | PFG             | $     99.34 | Above all weekly EMAs
2026-04-25 02:20:13 | INFO | 🟡 WAIT       | PG              | $    148.18 | EMAs converging, no breakout yet
2026-04-25 02:20:15 | INFO | 🔴 EXIT       | PGR             | $    200.89 | Below 40W EMA
2026-04-25 02:20:17 | INFO | 🟢 HOLD_ADD   | PLD             | $    142.10 | Above all weekly EMAs
2026-04-25 02:20:19 | INFO | 🔴 EXIT       | PRU             | $     94.21 | Below 40W EMA
2026-04-25 02:20:22 | INFO | 🟡 WAIT       | PEG             | $     80.74 | EMAs converging, no breakout yet
2026-04-25 02:20:24 | INFO | 🔴 EXIT       | PTC             | $    137.17 | Below 40W EMA
2026-04-25 02:20:26 | INFO | 🟡 WAIT       | PSA             | $    308.29 | EMAs converging, no breakout yet
2026-04-25 02:20:28 | INFO | 🟡 WAIT       | PHM             | $    127.56 | EMAs converging, no breakout yet
2026-04-25 02:20:30 | INFO | 🟢 HOLD_ADD   | PWR             | $    624.84 | Above all weekly EMAs
2026-04-25 02:20:32 | INFO | 🔴 EXIT       | QCOM            | $    148.85 | Below 40W EMA
2026-04-25 02:20:35 | INFO | 🟢 HOLD_ADD   | DGX             | $    196.27 | Above all weekly EMAs
2026-04-25 02:20:37 | WARNING | Q: Insufficient data for analysis
2026-04-25 02:20:39 | INFO | 🟢 HOLD_ADD   | RL              | $    371.24 | Above all weekly EMAs
2026-04-25 02:20:41 | INFO | 🟡 WAIT       | RJF             | $    153.42 | EMAs converging, no breakout yet
2026-04-25 02:20:43 | INFO | 🔴 EXIT       | RTX             | $    174.26 | Below 40W EMA
2026-04-25 02:20:45 | INFO | 🟢 HOLD_ADD   | O               | $     63.33 | Above all weekly EMAs
2026-04-25 02:20:48 | INFO | 🟢 HOLD_ADD   | REG             | $     80.19 | Above all weekly EMAs
2026-04-25 02:20:50 | INFO | 🟣 FADING     | REGN            | $    751.57 | Below 10W EMA - momentum fading
2026-04-25 02:20:52 | INFO | 🟢 HOLD_ADD   | RF              | $     27.76 | Above all weekly EMAs
2026-04-25 02:20:54 | INFO | 🟡 WAIT       | RSG             | $    209.79 | EMAs converging, no breakout yet
2026-04-25 02:20:56 | INFO | 🔴 EXIT       | RMD             | $    219.85 | Below 40W EMA
2026-04-25 02:20:59 | INFO | 🔴 EXIT       | RVTY            | $     86.77 | Below 40W EMA
2026-04-25 02:21:01 | INFO | 🔴 EXIT       | HOOD            | $     84.71 | Below 40W EMA
2026-04-25 02:21:03 | INFO | 🟢 HOLD_ADD   | ROK             | $    401.18 | Above all weekly EMAs
2026-04-25 02:21:05 | INFO | 🟡 WAIT       | ROL             | $     56.60 | EMAs converging, no breakout yet
2026-04-25 02:21:07 | INFO | 🔴 EXIT       | ROP             | $    353.40 | Below 40W EMA
2026-04-25 02:21:09 | INFO | 🟢 HOLD_ADD   | ROST            | $    226.37 | Above all weekly EMAs
2026-04-25 02:21:12 | INFO | 🟡 WAIT       | RCL             | $    265.84 | EMAs converging, no breakout yet
2026-04-25 02:21:14 | INFO | 🔴 EXIT       | SPGI            | $    436.79 | Below 40W EMA
2026-04-25 02:21:16 | INFO | 🔴 EXIT       | CRM             | $    178.16 | Below 40W EMA
2026-04-25 02:21:18 | INFO | 🟢 HOLD_ADD   | SNDK            | $    989.90 | Above all weekly EMAs
2026-04-25 02:21:20 | INFO | ✅ BULLISH    | SBAC            | $    219.47 | Resistance breakout with EMAs converging
2026-04-25 02:21:22 | INFO | 🟢 HOLD_ADD   | SLB             | $     56.15 | Above all weekly EMAs
2026-04-25 02:21:25 | INFO | 🟢 HOLD_ADD   | STX             | $    586.25 | Above all weekly EMAs
2026-04-25 02:21:27 | INFO | 🟣 FADING     | SRE             | $     93.20 | Below 10W EMA - momentum fading
2026-04-25 02:21:29 | INFO | 🔴 EXIT       | NOW             | $     90.17 | Below 40W EMA
2026-04-25 02:21:31 | INFO | 🟡 WAIT       | SHW             | $    337.70 | EMAs converging, no breakout yet
2026-04-25 02:21:33 | INFO | 🟢 HOLD_ADD   | SPG             | $    201.16 | Above all weekly EMAs
2026-04-25 02:21:35 | INFO | 🟢 HOLD_ADD   | SWKS            | $     63.65 | Above all weekly EMAs
2026-04-25 02:21:37 | INFO | 🔴 EXIT       | SJM             | $     96.07 | Below 40W EMA
2026-04-25 02:21:39 | INFO | 🟡 WAIT       | SW              | $     39.96 | EMAs converging, no breakout yet
2026-04-25 02:21:42 | INFO | 🟢 HOLD_ADD   | SNA             | $    378.42 | Above all weekly EMAs
2026-04-25 02:21:44 | INFO | 🔴 EXIT       | SOLV            | $     68.52 | Below 40W EMA
2026-04-25 02:21:46 | INFO | 🟣 FADING     | SO              | $     93.49 | Below 10W EMA - momentum fading
2026-04-25 02:21:48 | INFO | 🟠 CAUTIOUS   | LUV             | $     39.45 | Below 20W EMA
2026-04-25 02:21:50 | INFO | 🟡 WAIT       | SWK             | $     76.64 | EMAs converging, no breakout yet
2026-04-25 02:21:53 | INFO | 🟢 HOLD_ADD   | SBUX            | $     98.67 | Above all weekly EMAs
2026-04-25 02:21:55 | INFO | 🟢 HOLD_ADD   | STT             | $    150.74 | Above all weekly EMAs
2026-04-25 02:21:57 | INFO | 🟢 HOLD_ADD   | STLD            | $    226.79 | Above all weekly EMAs
2026-04-25 02:21:59 | INFO | 🔴 EXIT       | STE             | $    221.80 | Below 40W EMA
2026-04-25 02:22:01 | INFO | 🔴 EXIT       | SYK             | $    327.51 | Below 40W EMA
2026-04-25 02:22:03 | INFO | 🔴 EXIT       | SMCI            | $     29.08 | Below 40W EMA
2026-04-25 02:22:05 | INFO | 🟡 WAIT       | SYF             | $     76.30 | EMAs converging, no breakout yet
2026-04-25 02:22:08 | INFO | 🟢 HOLD_ADD   | SNPS            | $    500.82 | Above all weekly EMAs
2026-04-25 02:22:10 | INFO | 🟡 WAIT       | SYY             | $     76.56 | EMAs converging, no breakout yet
2026-04-25 02:22:12 | INFO | 🔴 EXIT       | TMUS            | $    189.80 | Below 40W EMA
2026-04-25 02:22:14 | INFO | 🟡 WAIT       | TROW            | $     99.06 | EMAs converging, no breakout yet
2026-04-25 02:22:16 | INFO | 🔴 EXIT       | TTWO            | $    210.75 | Below 40W EMA
2026-04-25 02:22:18 | INFO | 🟢 HOLD_ADD   | TPR             | $    145.89 | Above all weekly EMAs
2026-04-25 02:22:20 | INFO | 🟢 HOLD_ADD   | TRGP            | $    240.69 | Above all weekly EMAs
2026-04-25 02:22:23 | INFO | 🟢 HOLD_ADD   | TGT             | $    129.26 | Above all weekly EMAs
2026-04-25 02:22:25 | INFO | 🟠 CAUTIOUS   | TEL             | $    214.67 | Below 20W EMA
2026-04-25 02:22:27 | INFO | 🟢 HOLD_ADD   | TDY             | $    648.68 | Above all weekly EMAs
2026-04-25 02:22:29 | INFO | 🟢 HOLD_ADD   | TER             | $    418.08 | Above all weekly EMAs
2026-04-25 02:22:31 | INFO | 🟡 WAIT       | TSLA            | $    376.30 | EMAs converging, no breakout yet
2026-04-25 02:22:33 | INFO | 🟢 HOLD_ADD   | TXN             | $    277.14 | Above all weekly EMAs
2026-04-25 02:22:35 | INFO | 🟣 FADING     | TPL             | $    438.91 | Below 10W EMA - momentum fading
2026-04-25 02:22:38 | INFO | 🟠 CAUTIOUS   | TXT             | $     87.96 | Below 20W EMA
2026-04-25 02:22:40 | INFO | 🔴 EXIT       | TMO             | $    469.71 | Below 40W EMA
2026-04-25 02:22:42 | INFO | 🟣 FADING     | TJX             | $    157.03 | Below 10W EMA - momentum fading
2026-04-25 02:22:44 | INFO | 🔴 EXIT       | TKO             | $    186.50 | Below 40W EMA
2026-04-25 02:22:46 | INFO | 🔴 EXIT       | TTD             | $     23.97 | Below 40W EMA
2026-04-25 02:22:49 | INFO | 🔴 EXIT       | TSCO            | $     36.74 | Below 40W EMA
2026-04-25 02:22:51 | INFO | 🟢 HOLD_ADD   | TT              | $    486.42 | Above all weekly EMAs
2026-04-25 02:22:53 | INFO | 🔴 EXIT       | TDG             | $   1148.18 | Below 40W EMA
2026-04-25 02:22:55 | INFO | 🟢 HOLD_ADD   | TRV             | $    302.73 | Above all weekly EMAs
2026-04-25 02:22:57 | INFO | 🔴 EXIT       | TRMB            | $     67.35 | Below 40W EMA
2026-04-25 02:22:59 | INFO | 🟢 HOLD_ADD   | TFC             | $     50.73 | Above all weekly EMAs
2026-04-25 02:23:02 | INFO | 🔴 EXIT       | TYL             | $    342.03 | Below 40W EMA
2026-04-25 02:23:04 | INFO | 🟢 HOLD_ADD   | TSN             | $     64.03 | Above all weekly EMAs
2026-04-25 02:23:06 | INFO | 🟢 HOLD_ADD   | USB             | $     55.58 | Above all weekly EMAs
2026-04-25 02:23:08 | INFO | 🔴 EXIT       | UBER            | $     74.64 | Below 40W EMA
2026-04-25 02:23:10 | INFO | 🔴 EXIT       | UDR             | $     34.77 | Below 40W EMA
2026-04-25 02:23:12 | INFO | 🔴 EXIT       | ULTA            | $    558.55 | Below 40W EMA
2026-04-25 02:23:14 | INFO | 🟢 HOLD_ADD   | UNP             | $    268.70 | Above all weekly EMAs
2026-04-25 02:23:17 | INFO | 🟡 WAIT       | UAL             | $     93.00 | EMAs converging, no breakout yet
2026-04-25 02:23:19 | INFO | 🟡 WAIT       | UPS             | $    107.02 | EMAs converging, no breakout yet
2026-04-25 02:23:21 | INFO | ✅ BULLISH    | URI             | $    974.41 | Resistance breakout with EMAs converging
2026-04-25 02:23:23 | INFO | 🟢 HOLD_ADD   | UNH             | $    354.92 | Above all weekly EMAs
2026-04-25 02:23:25 | INFO | 🔴 EXIT       | UHS             | $    174.35 | Below 40W EMA
2026-04-25 02:23:27 | INFO | 🟢 HOLD_ADD   | VLO             | $    235.85 | Above all weekly EMAs
2026-04-25 02:23:30 | INFO | 🟢 HOLD_ADD   | VTR             | $     83.62 | Above all weekly EMAs
2026-04-25 02:23:32 | INFO | 🔴 EXIT       | VLTO            | $     88.62 | Below 40W EMA
2026-04-25 02:23:34 | INFO | 🟡 WAIT       | VRSN            | $    269.20 | EMAs converging, no breakout yet
2026-04-25 02:23:36 | INFO | 🔴 EXIT       | VRSK            | $    177.59 | Below 40W EMA
2026-04-25 02:23:38 | INFO | 🟣 FADING     | VZ              | $     46.38 | Below 10W EMA - momentum fading
2026-04-25 02:23:40 | INFO | 🟡 WAIT       | VRTX            | $    430.29 | EMAs converging, no breakout yet
2026-04-25 02:23:42 | INFO | 🟢 HOLD_ADD   | VRT             | $    323.46 | Above all weekly EMAs
2026-04-25 02:23:45 | INFO | 🟢 HOLD_ADD   | VTRS            | $     14.59 | Above all weekly EMAs
2026-04-25 02:23:47 | INFO | 🟡 WAIT       | VICI            | $     28.42 | EMAs converging, no breakout yet
2026-04-25 02:23:49 | INFO | 🔴 EXIT       | V               | $    309.42 | Below 40W EMA
2026-04-25 02:23:51 | INFO | 🔴 EXIT       | VST             | $    164.35 | Below 40W EMA
2026-04-25 02:23:53 | INFO | 🟡 WAIT       | VMC             | $    292.07 | EMAs converging, no breakout yet
2026-04-25 02:23:55 | INFO | 🟡 WAIT       | WRB             | $     66.53 | EMAs converging, no breakout yet
2026-04-25 02:23:58 | INFO | 🟢 HOLD_ADD   | GWW             | $   1147.99 | Above all weekly EMAs
2026-04-25 02:24:00 | INFO | 🟢 HOLD_ADD   | WAB             | $    267.06 | Above all weekly EMAs
2026-04-25 02:24:02 | INFO | 🟢 HOLD_ADD   | WMT             | $    129.92 | Above all weekly EMAs
2026-04-25 02:24:04 | INFO | 🔴 EXIT       | DIS             | $    102.60 | Below 40W EMA
2026-04-25 02:24:06 | INFO | 🟣 FADING     | WBD             | $     27.07 | Below 10W EMA - momentum fading
2026-04-25 02:24:08 | INFO | 🟡 WAIT       | WM              | $    229.53 | EMAs converging, no breakout yet
2026-04-25 02:24:11 | INFO | 🔴 EXIT       | WAT             | $    309.87 | Below 40W EMA
2026-04-25 02:24:13 | INFO | 🟣 FADING     | WEC             | $    114.60 | Below 10W EMA - momentum fading
2026-04-25 02:24:15 | INFO | 🟡 WAIT       | WFC             | $     79.42 | EMAs converging, no breakout yet
2026-04-25 02:24:17 | INFO | 🟢 HOLD_ADD   | WELL            | $    208.75 | Above all weekly EMAs
2026-04-25 02:24:19 | INFO | ✅ BULLISH    | WST             | $    306.16 | Resistance breakout with EMAs converging
2026-04-25 02:24:21 | INFO | 🟢 HOLD_ADD   | WDC             | $    404.00 | Above all weekly EMAs
2026-04-25 02:24:24 | INFO | 🟡 WAIT       | WY              | $     25.03 | EMAs converging, no breakout yet
2026-04-25 02:24:26 | INFO | 🟡 WAIT       | WSM             | $    190.55 | EMAs converging, no breakout yet
2026-04-25 02:24:28 | INFO | 🟢 HOLD_ADD   | WMB             | $     72.18 | Above all weekly EMAs
2026-04-25 02:24:30 | INFO | 🔴 EXIT       | WTW             | $    287.73 | Below 40W EMA
2026-04-25 02:24:32 | INFO | 🔴 EXIT       | WDAY            | $    119.76 | Below 40W EMA
2026-04-25 02:24:34 | INFO | 🔴 EXIT       | WYNN            | $    105.67 | Below 40W EMA
2026-04-25 02:24:37 | INFO | 🟣 FADING     | XEL             | $     79.15 | Below 10W EMA - momentum fading
2026-04-25 02:24:39 | INFO | 🔴 EXIT       | XYL             | $    121.46 | Below 40W EMA
2026-04-25 02:24:41 | INFO | 🟢 HOLD_ADD   | YUM             | $    160.28 | Above all weekly EMAs
2026-04-25 02:24:43 | INFO | 🔴 EXIT       | ZBRA            | $    227.71 | Below 40W EMA
2026-04-25 02:24:45 | INFO | 🟡 WAIT       | ZBH             | $     91.26 | EMAs converging, no breakout yet
2026-04-25 02:24:47 | INFO | 🔴 EXIT       | ZTS             | $    116.87 | Below 40W EMA
2026-04-25 02:24:47 | INFO | ==================================================
2026-04-25 02:24:47 | INFO | SCAN COMPLETE
2026-04-25 02:24:47 | INFO | Total: 502 | Errors: 1
2026-04-25 02:24:47 | INFO | EXIT: 160
2026-04-25 02:24:47 | INFO | BULLISH: 4
2026-04-25 02:24:47 | INFO | WAIT: 106
2026-04-25 02:24:47 | INFO | CAUTIOUS: 19
2026-04-25 02:24:47 | INFO | FADING: 28
2026-04-25 02:24:47 | INFO | HOLD_ADD: 185
2026-04-25 02:24:47 | INFO | 
Checking for previous log to generate Actionable Report...
2026-04-25 02:24:47 | INFO | Comparing current run against previous run: 2026-04-18_USA.log
2026-04-25 02:24:47 | INFO | Action report generated at: /home/runner/work/ema-tracker/ema-tracker/actions/2026-04-25_USA-ACTIONS.csv
