2026-02-14 12:45:45 | INFO | 🟠 CAUTIOUS   | AAPL            | $    255.78 | Below 20W EMA
2026-02-14 12:45:45 | INFO | 🔴 EXIT       | MSFT            | $    401.32 | Below 40W EMA
2026-02-14 12:45:46 | INFO | 🟣 FADING     | NVDA            | $    182.81 | Below 10W EMA - momentum fading
2026-02-14 12:45:46 | INFO | 🔴 EXIT       | AMZN            | $    198.79 | Broke support with EMAs converging
2026-02-14 12:45:46 | INFO | 🟣 FADING     | GOOGL           | $    305.72 | Below 10W EMA - momentum fading
2026-02-14 12:45:46 | INFO | 🟣 FADING     | GOOG            | $    306.02 | Below 10W EMA - momentum fading
2026-02-14 12:45:46 | INFO | 🟡 WAIT       | META            | $    639.77 | EMAs converging, no breakout yet
2026-02-14 12:45:46 | INFO | 🟡 WAIT       | BRK.B           | $    497.55 | EMAs converging, no breakout yet
2026-02-14 12:45:46 | INFO | 🟠 CAUTIOUS   | AVGO            | $    325.17 | Below 20W EMA
2026-02-14 12:45:46 | INFO | 🟠 CAUTIOUS   | TSLA            | $    417.44 | Below 20W EMA
2026-02-14 12:45:46 | INFO | 🟠 CAUTIOUS   | JPM             | $    302.55 | Below 20W EMA
2026-02-14 12:45:46 | INFO | 🔴 EXIT       | V               | $    314.08 | Broke support with EMAs converging
2026-02-14 12:45:47 | INFO | 🔴 EXIT       | UNH             | $    293.19 | Below 40W EMA
2026-02-14 12:45:47 | INFO | 🟢 HOLD_ADD   | XOM             | $    148.45 | Above all weekly EMAs
2026-02-14 12:45:47 | INFO | 🟢 HOLD_ADD   | LLY             | $   1040.00 | Above all weekly EMAs
2026-02-14 12:45:47 | INFO | 🟢 HOLD_ADD   | WMT             | $    133.89 | Above all weekly EMAs
2026-02-14 12:45:47 | INFO | 🟢 HOLD_ADD   | JNJ             | $    243.45 | Above all weekly EMAs
2026-02-14 12:45:47 | INFO | 🟡 WAIT       | MA              | $    518.36 | EMAs converging, no breakout yet
2026-02-14 12:45:48 | INFO | ✅ BULLISH    | PG              | $    160.07 | Resistance breakout with EMAs converging
2026-02-14 12:45:48 | INFO | 🔴 EXIT       | ORCL            | $    160.14 | Below 40W EMA
2026-02-14 12:45:49 | INFO | ✅ BULLISH    | COST            | $   1018.48 | Resistance breakout with EMAs converging
2026-02-14 12:45:49 | INFO | 🟡 WAIT       | HD              | $    391.05 | EMAs converging, no breakout yet
2026-02-14 12:45:49 | INFO | 🟢 HOLD_ADD   | MRK             | $    121.41 | Above all weekly EMAs
2026-02-14 12:45:49 | INFO | 🟢 HOLD_ADD   | ABBV            | $    231.50 | Above all weekly EMAs
2026-02-14 12:45:49 | INFO | 🟠 CAUTIOUS   | BAC             | $     52.55 | Below 20W EMA
2026-02-14 12:45:50 | INFO | 🟢 HOLD_ADD   | KO              | $     78.68 | Above all weekly EMAs
2026-02-14 12:45:50 | INFO | 🔴 EXIT       | CRM             | $    189.72 | Below 40W EMA
2026-02-14 12:45:50 | INFO | 🔴 EXIT       | NFLX            | $     76.87 | Below 40W EMA
2026-02-14 12:45:50 | INFO | 🟢 HOLD_ADD   | CVX             | $    183.74 | Above all weekly EMAs
2026-02-14 12:45:50 | INFO | 🔴 EXIT       | ACN             | $    224.23 | Below 40W EMA
2026-02-14 12:45:50 | INFO | 🟠 CAUTIOUS   | AMD             | $    207.32 | Below 20W EMA
2026-02-14 12:45:50 | INFO | 🟢 HOLD_ADD   | PEP             | $    165.94 | Above all weekly EMAs
2026-02-14 12:45:50 | INFO | 🔴 EXIT       | TMO             | $    504.82 | Below 40W EMA
2026-02-14 12:45:51 | INFO | 🟢 HOLD_ADD   | MCD             | $    327.58 | Above all weekly EMAs
2026-02-14 12:45:51 | INFO | 🟣 FADING     | CSCO            | $     76.85 | Below 10W EMA - momentum fading
2026-02-14 12:45:51 | INFO | 🟡 WAIT       | LIN             | $    481.00 | EMAs converging, no breakout yet
2026-02-14 12:45:51 | INFO | 🔴 EXIT       | ABT             | $    112.68 | Below 40W EMA
2026-02-14 12:45:51 | INFO | 🟠 CAUTIOUS   | WFC             | $     86.98 | Below 20W EMA
2026-02-14 12:45:51 | INFO | 🟢 HOLD_ADD   | GE              | $    315.41 | Above all weekly EMAs
2026-02-14 12:45:51 | INFO | 🟡 WAIT       | DHR             | $    212.58 | EMAs converging, no breakout yet
2026-02-14 12:45:52 | INFO | 🟢 HOLD_ADD   | PM              | $    187.51 | Above all weekly EMAs
2026-02-14 12:45:52 | INFO | 🔴 EXIT       | IBM             | $    262.38 | Below 40W EMA
2026-02-14 12:45:52 | INFO | 🟢 HOLD_ADD   | TXN             | $    226.16 | Above all weekly EMAs
2026-02-14 12:45:53 | INFO | 🟢 HOLD_ADD   | GS              | $    905.14 | Above all weekly EMAs
2026-02-14 12:45:53 | INFO | 🔴 EXIT       | INTU            | $    399.40 | Below 40W EMA
2026-02-14 12:45:53 | INFO | 🟡 WAIT       | QCOM            | $    140.70 | EMAs converging, no breakout yet
2026-02-14 12:45:53 | INFO | 🟢 HOLD_ADD   | RTX             | $    200.06 | Above all weekly EMAs
2026-02-14 12:45:53 | INFO | 🟢 HOLD_ADD   | CAT             | $    774.20 | Above all weekly EMAs
2026-02-14 12:45:53 | INFO | 🔴 EXIT       | NOW             | $    107.08 | Below 40W EMA
2026-02-14 12:45:53 | INFO | 🟢 HOLD_ADD   | AMGN            | $    369.19 | Above all weekly EMAs
2026-02-14 12:45:54 | INFO | 🔴 EXIT       | SPGI            | $    409.54 | Broke support with EMAs converging
2026-02-14 12:45:54 | INFO | 🟡 WAIT       | BLK             | $   1071.51 | EMAs converging, no breakout yet
2026-02-14 12:45:54 | INFO | 🟠 CAUTIOUS   | AXP             | $    337.50 | Below 20W EMA
2026-02-14 12:45:54 | INFO | 🔴 EXIT       | BKNG            | $   4140.60 | Below 40W EMA
2026-02-14 12:45:54 | INFO | 🟡 WAIT       | DIS             | $    105.45 | EMAs converging, no breakout yet
2026-02-14 12:45:54 | INFO | 🟢 HOLD_ADD   | LOW             | $    287.39 | Above all weekly EMAs
2026-02-14 12:45:54 | INFO | 🟠 CAUTIOUS   | SCHW            | $     93.72 | Below 20W EMA
2026-02-14 12:45:55 | INFO | 🟡 WAIT       | SYK             | $    366.05 | EMAs converging, no breakout yet
2026-02-14 12:45:55 | INFO | 🟢 HOLD_ADD   | PFE             | $     27.58 | Above all weekly EMAs
2026-02-14 12:45:55 | INFO | 🟢 HOLD_ADD   | HON             | $    241.38 | Above all weekly EMAs
2026-02-14 12:45:55 | INFO | 🟢 HOLD_ADD   | TJX             | $    154.46 | Above all weekly EMAs
2026-02-14 12:45:55 | INFO | 🔴 EXIT       | ADP             | $    212.11 | Below 40W EMA
2026-02-14 12:45:55 | INFO | 🟣 FADING     | C               | $    110.86 | Below 10W EMA - momentum fading
2026-02-14 12:45:56 | INFO | 🟣 FADING     | MS              | $    171.15 | Below 10W EMA - momentum fading
2026-02-14 12:45:56 | INFO | 🟢 HOLD_ADD   | UPS             | $    119.24 | Above all weekly EMAs
2026-02-14 12:45:56 | INFO | 🟢 HOLD_ADD   | COP             | $    111.43 | Above all weekly EMAs
2026-02-14 12:45:56 | INFO | 🟢 HOLD_ADD   | BA              | $    242.96 | Above all weekly EMAs
2026-02-14 12:45:56 | INFO | 🟣 FADING     | MDT             | $     99.49 | Below 10W EMA - momentum fading
2026-02-14 12:45:56 | INFO | 🟢 HOLD_ADD   | MO              | $     67.25 | Above all weekly EMAs
2026-02-14 12:45:57 | INFO | 🟢 HOLD_ADD   | GILD            | $    154.98 | Above all weekly EMAs
2026-02-14 12:45:57 | INFO | 🟢 HOLD_ADD   | LRCX            | $    235.53 | Above all weekly EMAs
2026-02-14 12:45:57 | INFO | 🟢 HOLD_ADD   | MU              | $    411.66 | Above all weekly EMAs
2026-02-14 12:45:58 | INFO | 🟡 WAIT       | SO              | $     94.95 | EMAs converging, no breakout yet
2026-02-14 12:45:58 | INFO | 🟢 HOLD_ADD   | AMAT            | $    354.91 | Above all weekly EMAs
2026-02-14 12:45:58 | INFO | ✅ BULLISH    | EQIX            | $    956.19 | Resistance breakout with EMAs converging
2026-02-14 12:45:58 | INFO | 🟢 HOLD_ADD   | DE              | $    602.92 | Above all weekly EMAs
2026-02-14 12:45:58 | INFO | 🟢 HOLD_ADD   | NEE             | $     93.80 | Above all weekly EMAs
2026-02-14 12:45:58 | INFO | ✅ BULLISH    | DUK             | $    128.20 | Resistance breakout with EMAs converging
2026-02-14 12:45:58 | INFO | 🟢 HOLD_ADD   | KLAC            | $   1464.13 | Above all weekly EMAs
2026-02-14 12:45:59 | INFO | 🔴 EXIT       | PANW            | $    166.95 | Below 40W EMA
2026-02-14 12:45:59 | INFO | 🟢 HOLD_ADD   | ANET            | $    141.59 | Above all weekly EMAs
2026-02-14 12:45:59 | INFO | 🟡 WAIT       | CMCSA           | $     31.57 | EMAs converging, no breakout yet
2026-02-14 12:45:59 | INFO | 🟡 WAIT       | CRWD            | $    429.64 | EMAs converging, no breakout yet
2026-02-14 12:45:59 | INFO | 🟢 HOLD_ADD   | ADI             | $    337.10 | Above all weekly EMAs
2026-02-14 12:45:59 | INFO | ✅ BULLISH    | TT              | $    465.27 | Resistance breakout with EMAs converging
2026-02-14 12:46:00 | INFO | 🟢 HOLD_ADD   | UNP             | $    260.68 | Above all weekly EMAs
2026-02-14 12:46:00 | INFO | 🔴 EXIT       | NKE             | $     63.13 | Below 40W EMA
2026-02-14 12:46:00 | INFO | ✅ BULLISH    | T               | $     28.69 | Resistance breakout with EMAs converging
2026-02-14 12:46:00 | INFO | 🟢 HOLD_ADD   | VZ              | $     49.01 | Above all weekly EMAs
2026-02-14 12:46:00 | INFO | 🔴 EXIT       | MMC             | $    174.06 | Below 40W EMA
2026-02-14 12:46:00 | INFO | 🟢 HOLD_ADD   | CB              | $    324.95 | Above all weekly EMAs
2026-02-14 12:46:00 | INFO | 🟢 HOLD_ADD   | CME             | $    303.07 | Above all weekly EMAs
2026-02-14 12:46:00 | INFO | 🟡 WAIT       | ELV             | $    346.80 | EMAs converging, no breakout yet
2026-02-14 12:46:03 | ERROR | HTTP Error 404: {"quoteSummary":{"result":null,"error":{"code":"Not Found","description":"Quote not found for symbol: FI"}}}
2026-02-14 12:46:03 | ERROR | $FI: possibly delisted; no timezone found
2026-02-14 12:46:03 | WARNING | No data returned for FI
2026-02-14 12:46:03 | INFO | 🔴 EXIT       | UBER            | $     69.99 | Below 40W EMA
2026-02-14 12:46:03 | INFO | 🔴 EXIT       | BX              | $    129.86 | Below 40W EMA
2026-02-14 12:46:03 | INFO | 🔴 EXIT       | PGR             | $    204.53 | Below 40W EMA
2026-02-14 12:46:03 | INFO | 🔴 EXIT       | AON             | $    321.70 | Broke support with EMAs converging
2026-02-14 12:46:04 | INFO | 🟢 HOLD_ADD   | APH             | $    146.72 | Above all weekly EMAs
2026-02-14 12:46:04 | INFO | 🟣 FADING     | GD              | $    347.64 | Below 10W EMA - momentum fading
2026-02-14 12:46:04 | INFO | ==================================================
2026-02-14 12:46:04 | INFO | SCAN COMPLETE
2026-02-14 12:46:04 | INFO | Total: 99 | Errors: 1
2026-02-14 12:46:04 | INFO | EXIT: 23
2026-02-14 12:46:04 | INFO | BULLISH: 6
2026-02-14 12:46:04 | INFO | WAIT: 14
2026-02-14 12:46:04 | INFO | CAUTIOUS: 9
2026-02-14 12:46:04 | INFO | FADING: 8
2026-02-14 12:46:04 | INFO | HOLD_ADD: 39
