2026-05-30 02:31:55 | INFO | Fetching S&P 500 stocks from Wikipedia
2026-05-30 02:31:55 | INFO | S&P 500 source: Wikipedia live list (503 stocks)
2026-05-30 02:31:57 | INFO | 🟡 WAIT       | MMM             | $    153.13 | EMAs converging, no breakout yet
2026-05-30 02:31:59 | INFO | 🔴 EXIT       | AOS             | $     56.72 | Below 40W EMA
2026-05-30 02:32:02 | INFO | 🔴 EXIT       | ABT             | $     85.60 | Below 40W EMA
2026-05-30 02:32:04 | INFO | 🟡 WAIT       | ABBV            | $    217.72 | EMAs converging, no breakout yet
2026-05-30 02:32:06 | INFO | 🔴 EXIT       | ACN             | $    187.07 | Below 40W EMA
2026-05-30 02:32:08 | INFO | 🔴 EXIT       | ADBE            | $    259.21 | Below 40W EMA
2026-05-30 02:32:10 | INFO | 🟢 HOLD_ADD   | AMD             | $    516.10 | Above all weekly EMAs
2026-05-30 02:32:12 | INFO | 🟢 HOLD_ADD   | AES             | $     14.67 | Above all weekly EMAs
2026-05-30 02:32:15 | INFO | 🟣 FADING     | AFL             | $    112.42 | Below 10W EMA - momentum fading
2026-05-30 02:32:17 | INFO | 🟢 HOLD_ADD   | A               | $    135.53 | Above all weekly EMAs
2026-05-30 02:32:19 | INFO | 🟠 CAUTIOUS   | APD             | $    278.62 | Below 20W EMA
2026-05-30 02:32:21 | INFO | 🟡 WAIT       | ABNB            | $    133.31 | EMAs converging, no breakout yet
2026-05-30 02:32:23 | INFO | 🟢 HOLD_ADD   | AKAM            | $    149.54 | Above all weekly EMAs
2026-05-30 02:32:25 | INFO | 🟣 FADING     | ALB             | $    176.42 | Below 10W EMA - momentum fading
2026-05-30 02:32:27 | INFO | 🔴 EXIT       | ARE             | $     49.68 | Below 40W EMA
2026-05-30 02:32:29 | INFO | 🟡 WAIT       | ALGN            | $    174.95 | EMAs converging, no breakout yet
2026-05-30 02:32:32 | INFO | 🔴 EXIT       | ALLE            | $    130.07 | Below 40W EMA
2026-05-30 02:32:34 | INFO | 🟣 FADING     | LNT             | $     71.61 | Below 10W EMA - momentum fading
2026-05-30 02:32:36 | INFO | 🟡 WAIT       | ALL             | $    206.09 | EMAs converging, no breakout yet
2026-05-30 02:32:38 | INFO | 🟢 HOLD_ADD   | GOOGL           | $    380.34 | Above all weekly EMAs
2026-05-30 02:32:40 | INFO | 🟢 HOLD_ADD   | GOOG            | $    376.43 | Above all weekly EMAs
2026-05-30 02:32:42 | INFO | 🟢 HOLD_ADD   | MO              | $     69.58 | Above all weekly EMAs
2026-05-30 02:32:44 | INFO | 🟢 HOLD_ADD   | AMZN            | $    270.64 | Above all weekly EMAs
2026-05-30 02:32:47 | INFO | 🔴 EXIT       | AMCR            | $     38.82 | Below 40W EMA
2026-05-30 02:32:49 | INFO | 🟠 CAUTIOUS   | AEE             | $    107.97 | Below 20W EMA
2026-05-30 02:32:51 | INFO | 🟠 CAUTIOUS   | AEP             | $    126.67 | Below 20W EMA
2026-05-30 02:32:53 | INFO | 🟡 WAIT       | AXP             | $    316.47 | EMAs converging, no breakout yet
2026-05-30 02:32:55 | INFO | 🟡 WAIT       | AIG             | $     74.23 | EMAs converging, no breakout yet
2026-05-30 02:32:57 | INFO | 🟡 WAIT       | AMT             | $    186.96 | EMAs converging, no breakout yet
2026-05-30 02:33:00 | INFO | 🟡 WAIT       | AWK             | $    123.27 | EMAs converging, no breakout yet
2026-05-30 02:33:02 | INFO | 🔴 EXIT       | AMP             | $    445.71 | Below 40W EMA
2026-05-30 02:33:04 | INFO | 🟣 FADING     | AME             | $    225.85 | Below 10W EMA - momentum fading
2026-05-30 02:33:06 | INFO | 🟡 WAIT       | AMGN            | $    336.79 | EMAs converging, no breakout yet
2026-05-30 02:33:08 | INFO | 🟢 HOLD_ADD   | APH             | $    148.76 | Above all weekly EMAs
2026-05-30 02:33:10 | INFO | 🟢 HOLD_ADD   | ADI             | $    413.85 | Above all weekly EMAs
2026-05-30 02:33:13 | INFO | 🔴 EXIT       | AON             | $    316.06 | Below 40W EMA
2026-05-30 02:33:15 | INFO | 🟣 FADING     | APA             | $     36.43 | Below 10W EMA - momentum fading
2026-05-30 02:33:17 | INFO | 🟡 WAIT       | APO             | $    128.71 | EMAs converging, no breakout yet
2026-05-30 02:33:19 | INFO | 🟢 HOLD_ADD   | AAPL            | $    312.06 | Above all weekly EMAs
2026-05-30 02:33:21 | INFO | 🟢 HOLD_ADD   | AMAT            | $    450.06 | Above all weekly EMAs
2026-05-30 02:33:23 | INFO | 🟡 WAIT       | APP             | $    613.09 | EMAs converging, no breakout yet
2026-05-30 02:33:25 | INFO | 🔴 EXIT       | APTV            | $     67.94 | Below 40W EMA
2026-05-30 02:33:27 | INFO | 🔴 EXIT       | ACGL            | $     89.34 | Broke support with EMAs converging
2026-05-30 02:33:30 | INFO | 🟢 HOLD_ADD   | ADM             | $     79.78 | Above all weekly EMAs
2026-05-30 02:33:32 | INFO | 🔴 EXIT       | ARES            | $    128.50 | Below 40W EMA
2026-05-30 02:33:34 | INFO | 🟢 HOLD_ADD   | ANET            | $    159.47 | Above all weekly EMAs
2026-05-30 02:33:36 | INFO | 🔴 EXIT       | AJG             | $    201.11 | Below 40W EMA
2026-05-30 02:33:38 | INFO | 🟢 HOLD_ADD   | AIZ             | $    248.87 | Above all weekly EMAs
2026-05-30 02:33:41 | INFO | 🟡 WAIT       | T               | $     24.80 | EMAs converging, no breakout yet
2026-05-30 02:33:43 | INFO | 🔴 EXIT       | ATO             | $    169.13 | Below 40W EMA
2026-05-30 02:33:45 | INFO | 🔴 EXIT       | ADSK            | $    231.31 | Below 40W EMA
2026-05-30 02:33:47 | INFO | 🔴 EXIT       | ADP             | $    221.84 | Below 40W EMA
2026-05-30 02:33:49 | INFO | 🔴 EXIT       | AZO             | $   2935.19 | Below 40W EMA
2026-05-30 02:33:51 | INFO | 🟡 WAIT       | AVB             | $    182.51 | EMAs converging, no breakout yet
2026-05-30 02:33:53 | INFO | 🔴 EXIT       | AVY             | $    159.07 | Below 40W EMA
2026-05-30 02:33:56 | INFO | 🔴 EXIT       | AXON            | $    448.72 | Below 40W EMA
2026-05-30 02:33:58 | INFO | 🟢 HOLD_ADD   | BKR             | $     63.88 | Above all weekly EMAs
2026-05-30 02:34:00 | INFO | 🟡 WAIT       | BALL            | $     54.67 | EMAs converging, no breakout yet
2026-05-30 02:34:02 | INFO | 🟡 WAIT       | BAC             | $     51.60 | EMAs converging, no breakout yet
2026-05-30 02:34:04 | INFO | 🔴 EXIT       | BAX             | $     18.78 | Below 40W EMA
2026-05-30 02:34:07 | INFO | 🟡 WAIT       | BDX             | $    147.12 | EMAs converging, no breakout yet
2026-05-30 02:34:09 | INFO | 🟡 WAIT       | BRK-B           | $    474.48 | EMAs converging, no breakout yet
2026-05-30 02:34:11 | INFO | 🟢 HOLD_ADD   | BBY             | $     77.95 | Above all weekly EMAs
2026-05-30 02:34:13 | INFO | 🔴 EXIT       | TECH            | $     51.68 | Below 40W EMA
2026-05-30 02:34:15 | INFO | 🟢 HOLD_ADD   | BIIB            | $    196.00 | Above all weekly EMAs
2026-05-30 02:34:17 | INFO | 🟡 WAIT       | BLK             | $   1046.88 | EMAs converging, no breakout yet
2026-05-30 02:34:19 | INFO | 🔴 EXIT       | BX              | $    116.97 | Below 40W EMA
2026-05-30 02:34:21 | INFO | 🟢 HOLD_ADD   | XYZ             | $     75.72 | Above all weekly EMAs
2026-05-30 02:34:24 | INFO | 🟢 HOLD_ADD   | BNY             | $    139.43 | Above all weekly EMAs
2026-05-30 02:34:26 | INFO | 🟡 WAIT       | BA              | $    231.15 | EMAs converging, no breakout yet
2026-05-30 02:34:28 | INFO | 🔴 EXIT       | BKNG            | $    167.43 | Below 40W EMA
2026-05-30 02:34:30 | INFO | 🔴 EXIT       | BSX             | $     48.31 | Below 40W EMA
2026-05-30 02:34:32 | INFO | 🟣 FADING     | BMY             | $     57.18 | Below 10W EMA - momentum fading
2026-05-30 02:34:34 | INFO | 🟢 HOLD_ADD   | AVGO            | $    446.77 | Above all weekly EMAs
2026-05-30 02:34:36 | INFO | 🔴 EXIT       | BR              | $    153.72 | Below 40W EMA
2026-05-30 02:34:39 | INFO | 🔴 EXIT       | BRO             | $     56.25 | Below 40W EMA
2026-05-30 02:34:41 | INFO | 🔴 EXIT       | BF-B            | $     25.72 | Below 40W EMA
2026-05-30 02:34:43 | INFO | 🔴 EXIT       | BLDR            | $     76.26 | Below 40W EMA
2026-05-30 02:34:45 | INFO | 🟢 HOLD_ADD   | BG              | $    123.30 | Above all weekly EMAs
2026-05-30 02:34:47 | INFO | 🔴 EXIT       | BXP             | $     60.01 | Below 40W EMA
2026-05-30 02:34:49 | INFO | 🟢 HOLD_ADD   | CHRW            | $    178.65 | Above all weekly EMAs
2026-05-30 02:34:51 | INFO | 🟢 HOLD_ADD   | CDNS            | $    374.93 | Above all weekly EMAs
2026-05-30 02:34:54 | INFO | 🟡 WAIT       | CPT             | $    106.56 | EMAs converging, no breakout yet
2026-05-30 02:34:56 | INFO | 🔴 EXIT       | CPB             | $     21.11 | Below 40W EMA
2026-05-30 02:34:58 | INFO | 🔴 EXIT       | COF             | $    187.93 | Below 40W EMA
2026-05-30 02:35:00 | INFO | 🟠 CAUTIOUS   | CAH             | $    196.80 | Below 20W EMA
2026-05-30 02:35:02 | INFO | 🟡 WAIT       | CCL             | $     28.06 | EMAs converging, no breakout yet
2026-05-30 02:35:05 | INFO | 🟡 WAIT       | CARR            | $     63.87 | EMAs converging, no breakout yet
2026-05-30 02:35:07 | INFO | 🟡 WAIT       | CVNA            | $     73.00 | EMAs converging, no breakout yet
2026-05-30 02:35:09 | INFO | 🟣 FADING     | CASY            | $    767.14 | Below 10W EMA - momentum fading
2026-05-30 02:35:11 | INFO | 🟢 HOLD_ADD   | CAT             | $    875.87 | Above all weekly EMAs
2026-05-30 02:35:13 | INFO | 🟢 HOLD_ADD   | CBOE            | $    333.56 | Above all weekly EMAs
2026-05-30 02:35:15 | INFO | 🔴 EXIT       | CBRE            | $    125.04 | Below 40W EMA
2026-05-30 02:35:17 | INFO | 🔴 EXIT       | CDW             | $    125.45 | Below 40W EMA
2026-05-30 02:35:20 | INFO | 🔴 EXIT       | COR             | $    269.36 | Below 40W EMA
2026-05-30 02:35:22 | INFO | 🟢 HOLD_ADD   | CNC             | $     59.60 | Above all weekly EMAs
2026-05-30 02:35:24 | INFO | 🟢 HOLD_ADD   | CNP             | $     42.26 | Above all weekly EMAs
2026-05-30 02:35:26 | INFO | 🟣 FADING     | CF              | $    112.35 | Below 10W EMA - momentum fading
2026-05-30 02:35:28 | INFO | 🟡 WAIT       | CRL             | $    180.71 | EMAs converging, no breakout yet
2026-05-30 02:35:30 | INFO | 🔴 EXIT       | SCHW            | $     87.35 | Broke support with EMAs converging
2026-05-30 02:35:32 | INFO | 🔴 EXIT       | CHTR            | $    144.05 | Below 40W EMA
2026-05-30 02:35:35 | INFO | 🟣 FADING     | CVX             | $    182.46 | Below 10W EMA - momentum fading
2026-05-30 02:35:37 | INFO | 🔴 EXIT       | CMG             | $     31.86 | Below 40W EMA
2026-05-30 02:35:39 | INFO | 🟠 CAUTIOUS   | CB              | $    311.73 | Below 20W EMA
2026-05-30 02:35:41 | INFO | 🟡 WAIT       | CHD             | $     95.63 | EMAs converging, no breakout yet
2026-05-30 02:35:43 | INFO | 🟢 HOLD_ADD   | CIEN            | $    580.23 | Above all weekly EMAs
2026-05-30 02:35:45 | INFO | 🟡 WAIT       | CI              | $    277.40 | EMAs converging, no breakout yet
2026-05-30 02:35:48 | INFO | 🟡 WAIT       | CINF            | $    157.42 | EMAs converging, no breakout yet
2026-05-30 02:35:50 | INFO | 🔴 EXIT       | CTAS            | $    171.26 | Below 40W EMA
2026-05-30 02:35:52 | INFO | 🟢 HOLD_ADD   | CSCO            | $    120.42 | Above all weekly EMAs
2026-05-30 02:35:54 | INFO | 🟢 HOLD_ADD   | C               | $    125.90 | Above all weekly EMAs
2026-05-30 02:35:56 | INFO | 🟢 HOLD_ADD   | CFG             | $     62.26 | Above all weekly EMAs
2026-05-30 02:35:58 | INFO | 🔴 EXIT       | CLX             | $     90.02 | Below 40W EMA
2026-05-30 02:36:00 | INFO | 🔴 EXIT       | CME             | $    273.54 | Below 40W EMA
2026-05-30 02:36:03 | INFO | 🟡 WAIT       | CMS             | $     72.57 | EMAs converging, no breakout yet
2026-05-30 02:36:05 | INFO | 🟢 HOLD_ADD   | KO              | $     79.01 | Above all weekly EMAs
2026-05-30 02:36:07 | INFO | 🔴 EXIT       | CTSH            | $     55.76 | Below 40W EMA
2026-05-30 02:36:09 | INFO | 🟢 HOLD_ADD   | COHR            | $    361.47 | Above all weekly EMAs
2026-05-30 02:36:11 | INFO | 🔴 EXIT       | COIN            | $    189.03 | Below 40W EMA
2026-05-30 02:36:13 | INFO | 🟡 WAIT       | CL              | $     90.13 | EMAs converging, no breakout yet
2026-05-30 02:36:16 | INFO | 🔴 EXIT       | CMCSA           | $     24.87 | Below 40W EMA
2026-05-30 02:36:18 | INFO | 🟢 HOLD_ADD   | FIX             | $   1828.21 | Above all weekly EMAs
2026-05-30 02:36:20 | INFO | 🔴 EXIT       | CAG             | $     13.28 | Below 40W EMA
2026-05-30 02:36:22 | INFO | 🟠 CAUTIOUS   | COP             | $    113.98 | Below 20W EMA
2026-05-30 02:36:24 | INFO | 🟠 CAUTIOUS   | ED              | $    105.63 | Below 20W EMA
2026-05-30 02:36:27 | INFO | 🔴 EXIT       | STZ             | $    138.82 | Broke support with EMAs converging
2026-05-30 02:36:29 | INFO | 🔴 EXIT       | CEG             | $    287.75 | Below 40W EMA
2026-05-30 02:36:31 | INFO | 🔴 EXIT       | COO             | $     61.21 | Below 40W EMA
2026-05-30 02:36:33 | INFO | 🔴 EXIT       | CPRT            | $     32.77 | Below 40W EMA
2026-05-30 02:36:35 | INFO | 🟢 HOLD_ADD   | GLW             | $    181.16 | Above all weekly EMAs
2026-05-30 02:36:37 | INFO | 🟢 HOLD_ADD   | CPAY            | $    361.80 | Above all weekly EMAs
2026-05-30 02:36:39 | INFO | 🟣 FADING     | CTVA            | $     78.28 | Below 10W EMA - momentum fading
2026-05-30 02:36:41 | INFO | 🔴 EXIT       | CSGP            | $     32.20 | Below 40W EMA
2026-05-30 02:36:44 | INFO | 🔴 EXIT       | COST            | $    956.32 | Below 40W EMA
2026-05-30 02:36:46 | INFO | 🟡 WAIT       | CRH             | $    108.79 | EMAs converging, no breakout yet
2026-05-30 02:36:48 | INFO | 🟢 HOLD_ADD   | CRWD            | $    731.00 | Above all weekly EMAs
2026-05-30 02:36:50 | INFO | 🟡 WAIT       | CCI             | $     91.50 | EMAs converging, no breakout yet
2026-05-30 02:36:52 | INFO | 🟢 HOLD_ADD   | CSX             | $     45.26 | Above all weekly EMAs
2026-05-30 02:36:54 | INFO | 🟢 HOLD_ADD   | CMI             | $    646.63 | Above all weekly EMAs
2026-05-30 02:36:57 | INFO | 🟢 HOLD_ADD   | CVS             | $     90.98 | Above all weekly EMAs
2026-05-30 02:36:59 | INFO | 🔴 EXIT       | DHR             | $    182.67 | Below 40W EMA
2026-05-30 02:37:01 | INFO | 🟡 WAIT       | DRI             | $    203.91 | EMAs converging, no breakout yet
2026-05-30 02:37:03 | INFO | 🟢 HOLD_ADD   | DDOG            | $    247.35 | Above all weekly EMAs
2026-05-30 02:37:05 | INFO | 🟢 HOLD_ADD   | DVA             | $    194.36 | Above all weekly EMAs
2026-05-30 02:37:07 | INFO | 🟡 WAIT       | DECK            | $    113.85 | EMAs converging, no breakout yet
2026-05-30 02:37:09 | INFO | 🟠 CAUTIOUS   | DE              | $    542.18 | Below 20W EMA
2026-05-30 02:37:12 | INFO | 🟢 HOLD_ADD   | DELL            | $    420.91 | Above all weekly EMAs
2026-05-30 02:37:14 | INFO | 🟢 HOLD_ADD   | DAL             | $     82.48 | Above all weekly EMAs
2026-05-30 02:37:16 | INFO | 🟠 CAUTIOUS   | DVN             | $     44.49 | Below 20W EMA
2026-05-30 02:37:18 | INFO | 🟢 HOLD_ADD   | DXCM            | $     73.74 | Above all weekly EMAs
2026-05-30 02:37:20 | INFO | 🟣 FADING     | FANG            | $    191.48 | Below 10W EMA - momentum fading
2026-05-30 02:37:22 | INFO | 🟢 HOLD_ADD   | DLR             | $    190.00 | Above all weekly EMAs
2026-05-30 02:37:24 | INFO | 🔴 EXIT       | DG              | $    110.61 | Below 40W EMA
2026-05-30 02:37:26 | INFO | 🟢 HOLD_ADD   | DLTR            | $    116.44 | Above all weekly EMAs
2026-05-30 02:37:29 | INFO | 🟢 HOLD_ADD   | D               | $     66.94 | Above all weekly EMAs
2026-05-30 02:37:31 | INFO | 🔴 EXIT       | DPZ             | $    310.58 | Below 40W EMA
2026-05-30 02:37:33 | INFO | 🔴 EXIT       | DASH            | $    159.29 | Below 40W EMA
2026-05-30 02:37:35 | INFO | 🟣 FADING     | DOV             | $    211.36 | Below 10W EMA - momentum fading
2026-05-30 02:37:37 | INFO | 🟠 CAUTIOUS   | DOW             | $     33.75 | Below 20W EMA
2026-05-30 02:37:39 | INFO | 🟡 WAIT       | DHI             | $    147.09 | EMAs converging, no breakout yet
2026-05-30 02:37:42 | INFO | 🟣 FADING     | DTE             | $    142.87 | Below 10W EMA - momentum fading
2026-05-30 02:37:44 | INFO | 🟡 WAIT       | DUK             | $    122.73 | EMAs converging, no breakout yet
2026-05-30 02:37:46 | INFO | 🟢 HOLD_ADD   | DD              | $     48.42 | Above all weekly EMAs
2026-05-30 02:37:48 | INFO | 🟢 HOLD_ADD   | ETN             | $    400.60 | Above all weekly EMAs
2026-05-30 02:37:51 | INFO | 🟢 HOLD_ADD   | EBAY            | $    109.27 | Above all weekly EMAs
2026-05-30 02:37:53 | INFO | 🟢 HOLD_ADD   | SATS            | $    129.19 | Above all weekly EMAs
2026-05-30 02:37:55 | INFO | 🟡 WAIT       | ECL             | $    256.00 | EMAs converging, no breakout yet
2026-05-30 02:37:57 | INFO | 🟢 HOLD_ADD   | EIX             | $     69.94 | Above all weekly EMAs
2026-05-30 02:37:59 | INFO | 🟡 WAIT       | EW              | $     86.47 | EMAs converging, no breakout yet
2026-05-30 02:38:01 | INFO | 🟢 HOLD_ADD   | EA              | $    201.72 | Above all weekly EMAs
2026-05-30 02:38:04 | INFO | 🟢 HOLD_ADD   | ELV             | $    393.19 | Above all weekly EMAs
2026-05-30 02:38:06 | INFO | 🟣 FADING     | EME             | $    826.82 | Below 10W EMA - momentum fading
2026-05-30 02:38:08 | INFO | 🟡 WAIT       | EMR             | $    143.82 | EMAs converging, no breakout yet
2026-05-30 02:38:10 | INFO | 🟣 FADING     | ETR             | $    109.05 | Below 10W EMA - momentum fading
2026-05-30 02:38:12 | INFO | 🟣 FADING     | EOG             | $    133.38 | Below 10W EMA - momentum fading
2026-05-30 02:38:15 | INFO | 🔴 EXIT       | EPAM            | $    102.46 | Below 40W EMA
2026-05-30 02:38:17 | INFO | 🟡 WAIT       | EQT             | $     54.93 | EMAs converging, no breakout yet
2026-05-30 02:38:19 | INFO | 🔴 EXIT       | EFX             | $    165.79 | Below 40W EMA
2026-05-30 02:38:21 | INFO | 🟢 HOLD_ADD   | EQIX            | $   1068.04 | Above all weekly EMAs
2026-05-30 02:38:23 | INFO | 🟡 WAIT       | EQR             | $     65.45 | EMAs converging, no breakout yet
2026-05-30 02:38:25 | INFO | 🔴 EXIT       | ERIE            | $    213.07 | Below 40W EMA
2026-05-30 02:38:28 | INFO | ✅ BULLISH    | ESS             | $    272.64 | Resistance breakout with EMAs converging
2026-05-30 02:38:30 | INFO | 🟢 HOLD_ADD   | EL              | $     88.95 | Above all weekly EMAs
2026-05-30 02:38:32 | INFO | 🟡 WAIT       | EG              | $    324.03 | EMAs converging, no breakout yet
2026-05-30 02:38:34 | INFO | 🟢 HOLD_ADD   | EVRG            | $     82.04 | Above all weekly EMAs
2026-05-30 02:38:36 | INFO | 🟡 WAIT       | ES              | $     68.27 | EMAs converging, no breakout yet
2026-05-30 02:38:38 | INFO | 🟡 WAIT       | EXC             | $     45.64 | EMAs converging, no breakout yet
2026-05-30 02:38:41 | INFO | 🔴 EXIT       | EXE             | $     92.98 | Below 40W EMA
2026-05-30 02:38:43 | INFO | 🟡 WAIT       | EXPE            | $    225.79 | EMAs converging, no breakout yet
2026-05-30 02:38:45 | INFO | 🟢 HOLD_ADD   | EXPD            | $    157.99 | Above all weekly EMAs
2026-05-30 02:38:47 | INFO | 🟡 WAIT       | EXR             | $    144.31 | EMAs converging, no breakout yet
2026-05-30 02:38:49 | INFO | 🟠 CAUTIOUS   | XOM             | $    145.26 | Below 20W EMA
2026-05-30 02:38:51 | INFO | 🟢 HOLD_ADD   | FFIV            | $    383.45 | Above all weekly EMAs
2026-05-30 02:38:53 | INFO | 🔴 EXIT       | FDS             | $    245.47 | Below 40W EMA
2026-05-30 02:38:56 | INFO | 🔴 EXIT       | FICO            | $   1250.59 | Below 40W EMA
2026-05-30 02:38:58 | INFO | 🟡 WAIT       | FAST            | $     44.20 | EMAs converging, no breakout yet
2026-05-30 02:39:00 | INFO | 🟢 HOLD_ADD   | FRT             | $    119.63 | Above all weekly EMAs
2026-05-30 02:39:02 | INFO | 🟢 HOLD_ADD   | FDX             | $    411.75 | Above all weekly EMAs
2026-05-30 02:39:04 | INFO | 🔴 EXIT       | FIS             | $     42.99 | Below 40W EMA
2026-05-30 02:39:07 | INFO | 🟢 HOLD_ADD   | FITB            | $     49.93 | Above all weekly EMAs
2026-05-30 02:39:09 | INFO | 🟢 HOLD_ADD   | FSLR            | $    306.79 | Above all weekly EMAs
2026-05-30 02:39:11 | INFO | 🟡 WAIT       | FE              | $     46.39 | EMAs converging, no breakout yet
2026-05-30 02:39:13 | INFO | 🔴 EXIT       | FISV            | $     56.56 | Below 40W EMA
2026-05-30 02:39:15 | INFO | 🟢 HOLD_ADD   | F               | $     17.44 | Above all weekly EMAs
2026-05-30 02:39:17 | INFO | 🟢 HOLD_ADD   | FTNT            | $    137.97 | Above all weekly EMAs
2026-05-30 02:39:19 | INFO | 🟣 FADING     | FTV             | $     58.32 | Below 10W EMA - momentum fading
2026-05-30 02:39:21 | INFO | 🟡 WAIT       | FOXA            | $     63.92 | EMAs converging, no breakout yet
2026-05-30 02:39:24 | INFO | 🟡 WAIT       | FOX             | $     57.39 | EMAs converging, no breakout yet
2026-05-30 02:39:26 | INFO | 🟢 HOLD_ADD   | BEN             | $     31.02 | Above all weekly EMAs
2026-05-30 02:39:28 | INFO | 🟢 HOLD_ADD   | FCX             | $     65.71 | Above all weekly EMAs
2026-05-30 02:39:30 | INFO | 🟠 CAUTIOUS   | GRMN            | $    233.92 | Below 20W EMA
2026-05-30 02:39:32 | INFO | 🔴 EXIT       | IT              | $    162.20 | Below 40W EMA
2026-05-30 02:39:34 | INFO | 🟢 HOLD_ADD   | GE              | $    323.76 | Above all weekly EMAs
2026-05-30 02:39:36 | INFO | 🔴 EXIT       | GEHC            | $     62.34 | Below 40W EMA
2026-05-30 02:39:39 | INFO | 🟣 FADING     | GEV             | $    968.32 | Below 10W EMA - momentum fading
2026-05-30 02:39:41 | INFO | 🟢 HOLD_ADD   | GEN             | $     25.79 | Above all weekly EMAs
2026-05-30 02:39:43 | INFO | 🟢 HOLD_ADD   | GNRC            | $    277.91 | Above all weekly EMAs
2026-05-30 02:39:45 | INFO | 🟡 WAIT       | GD              | $    346.82 | EMAs converging, no breakout yet
2026-05-30 02:39:47 | INFO | 🔴 EXIT       | GIS             | $     33.81 | Below 40W EMA
2026-05-30 02:39:49 | INFO | 🟢 HOLD_ADD   | GM              | $     83.24 | Above all weekly EMAs
2026-05-30 02:39:52 | INFO | 🔴 EXIT       | GPC             | $     98.70 | Below 40W EMA
2026-05-30 02:39:54 | INFO | 🟢 HOLD_ADD   | GILD            | $    134.43 | Above all weekly EMAs
2026-05-30 02:39:56 | INFO | 🟢 HOLD_ADD   | GPN             | $     75.51 | Above all weekly EMAs
2026-05-30 02:39:58 | INFO | 🟢 HOLD_ADD   | GL              | $    153.24 | Above all weekly EMAs
2026-05-30 02:40:00 | INFO | 🔴 EXIT       | GDDY            | $     85.83 | Below 40W EMA
2026-05-30 02:40:02 | INFO | 🟢 HOLD_ADD   | GS              | $   1025.56 | Above all weekly EMAs
2026-05-30 02:40:04 | INFO | 🟣 FADING     | HAL             | $     38.85 | Below 10W EMA - momentum fading
2026-05-30 02:40:07 | INFO | 🟡 WAIT       | HIG             | $    127.13 | EMAs converging, no breakout yet
2026-05-30 02:40:09 | INFO | 🟠 CAUTIOUS   | HAS             | $     86.17 | Below 20W EMA
2026-05-30 02:40:11 | INFO | 🔴 EXIT       | HCA             | $    378.54 | Below 40W EMA
2026-05-30 02:40:13 | INFO | 🟢 HOLD_ADD   | DOC             | $     19.15 | Above all weekly EMAs
2026-05-30 02:40:15 | INFO | 🟡 WAIT       | HSIC            | $     76.58 | EMAs converging, no breakout yet
2026-05-30 02:40:17 | INFO | 🟡 WAIT       | HSY             | $    194.03 | EMAs converging, no breakout yet
2026-05-30 02:40:19 | INFO | 🟢 HOLD_ADD   | HPE             | $     43.04 | Above all weekly EMAs
2026-05-30 02:40:22 | INFO | 🟢 HOLD_ADD   | HLT             | $    327.66 | Above all weekly EMAs
2026-05-30 02:40:24 | INFO | 🔴 EXIT       | HD              | $    317.14 | Below 40W EMA
2026-05-30 02:40:26 | INFO | 🟢 HOLD_ADD   | HON             | $    237.86 | Above all weekly EMAs
2026-05-30 02:40:28 | INFO | 🔴 EXIT       | HRL             | $     23.23 | Below 40W EMA
2026-05-30 02:40:30 | INFO | 🟢 HOLD_ADD   | HST             | $     22.98 | Above all weekly EMAs
2026-05-30 02:40:33 | INFO | 🟢 HOLD_ADD   | HWM             | $    258.25 | Above all weekly EMAs
2026-05-30 02:40:35 | INFO | 🟢 HOLD_ADD   | HPQ             | $     27.04 | Above all weekly EMAs
2026-05-30 02:40:37 | INFO | 🟠 CAUTIOUS   | HUBB            | $    473.61 | Below 20W EMA
2026-05-30 02:40:39 | INFO | 🟢 HOLD_ADD   | HUM             | $    305.42 | Above all weekly EMAs
2026-05-30 02:40:42 | INFO | 🟡 WAIT       | HBAN            | $     16.36 | EMAs converging, no breakout yet
2026-05-30 02:40:44 | INFO | 🔴 EXIT       | HII             | $    308.17 | Below 40W EMA
2026-05-30 02:40:46 | INFO | 🟢 HOLD_ADD   | IBM             | $    297.80 | Above all weekly EMAs
2026-05-30 02:40:48 | INFO | 🟢 HOLD_ADD   | IEX             | $    210.83 | Above all weekly EMAs
2026-05-30 02:40:50 | INFO | 🔴 EXIT       | IDXX            | $    563.53 | Below 40W EMA
2026-05-30 02:40:52 | INFO | 🟡 WAIT       | ITW             | $    247.28 | EMAs converging, no breakout yet
2026-05-30 02:40:54 | INFO | 🟢 HOLD_ADD   | INCY            | $     96.74 | Above all weekly EMAs
2026-05-30 02:40:57 | INFO | 🔴 EXIT       | IR              | $     71.64 | Below 40W EMA
2026-05-30 02:40:59 | INFO | 🔴 EXIT       | PODD            | $    144.94 | Below 40W EMA
2026-05-30 02:41:01 | INFO | 🟢 HOLD_ADD   | INTC            | $    114.68 | Above all weekly EMAs
2026-05-30 02:41:03 | INFO | 🟢 HOLD_ADD   | IBKR            | $     86.97 | Above all weekly EMAs
2026-05-30 02:41:05 | INFO | 🔴 EXIT       | ICE             | $    147.85 | Below 40W EMA
2026-05-30 02:41:07 | INFO | 🟡 WAIT       | IFF             | $     76.05 | EMAs converging, no breakout yet
2026-05-30 02:41:10 | INFO | 🔴 EXIT       | IP              | $     33.47 | Below 40W EMA
2026-05-30 02:41:12 | INFO | 🔴 EXIT       | INTU            | $    331.53 | Below 40W EMA
2026-05-30 02:41:14 | INFO | 🔴 EXIT       | ISRG            | $    424.64 | Below 40W EMA
2026-05-30 02:41:16 | INFO | 🟢 HOLD_ADD   | IVZ             | $     28.46 | Above all weekly EMAs
2026-05-30 02:41:18 | INFO | 🟡 WAIT       | INVH            | $     29.25 | EMAs converging, no breakout yet
2026-05-30 02:41:20 | INFO | 🔴 EXIT       | IQV             | $    182.21 | Below 40W EMA
2026-05-30 02:41:22 | INFO | 🟢 HOLD_ADD   | IRM             | $    128.25 | Above all weekly EMAs
2026-05-30 02:41:24 | INFO | 🟢 HOLD_ADD   | JBHT            | $    276.43 | Above all weekly EMAs
2026-05-30 02:41:27 | INFO | 🟢 HOLD_ADD   | JBL             | $    364.56 | Above all weekly EMAs
2026-05-30 02:41:29 | INFO | 🔴 EXIT       | JKHY            | $    136.32 | Below 40W EMA
2026-05-30 02:41:31 | INFO | 🔴 EXIT       | J               | $    119.86 | Below 40W EMA
2026-05-30 02:41:33 | INFO | 🟠 CAUTIOUS   | JNJ             | $    225.33 | Below 20W EMA
2026-05-30 02:41:35 | INFO | 🟣 FADING     | JCI             | $    134.06 | Below 10W EMA - momentum fading
2026-05-30 02:41:38 | INFO | 🟡 WAIT       | JPM             | $    299.31 | EMAs converging, no breakout yet
2026-05-30 02:41:40 | INFO | 🟡 WAIT       | KVUE            | $     17.28 | EMAs converging, no breakout yet
2026-05-30 02:41:42 | INFO | 🟡 WAIT       | KDP             | $     30.03 | EMAs converging, no breakout yet
2026-05-30 02:41:44 | INFO | 🟢 HOLD_ADD   | KEY             | $     21.33 | Above all weekly EMAs
2026-05-30 02:41:46 | INFO | 🟢 HOLD_ADD   | KEYS            | $    338.33 | Above all weekly EMAs
2026-05-30 02:41:48 | INFO | 🔴 EXIT       | KMB             | $     97.60 | Below 40W EMA
2026-05-30 02:41:50 | INFO | 🟢 HOLD_ADD   | KIM             | $     24.08 | Above all weekly EMAs
2026-05-30 02:41:52 | INFO | 🟠 CAUTIOUS   | KMI             | $     31.08 | Below 20W EMA
2026-05-30 02:41:55 | INFO | 🔴 EXIT       | KKR             | $     95.94 | Below 40W EMA
2026-05-30 02:41:57 | INFO | 🟢 HOLD_ADD   | KLAC            | $   1921.71 | Above all weekly EMAs
2026-05-30 02:41:59 | INFO | 🟢 HOLD_ADD   | KHC             | $     24.01 | Above all weekly EMAs
2026-05-30 02:42:01 | INFO | 🟡 WAIT       | KR              | $     62.15 | EMAs converging, no breakout yet
2026-05-30 02:42:03 | INFO | 🟠 CAUTIOUS   | LHX             | $    315.18 | Below 20W EMA
2026-05-30 02:42:05 | INFO | 🟡 WAIT       | LH              | $    260.06 | EMAs converging, no breakout yet
2026-05-30 02:42:08 | INFO | 🟢 HOLD_ADD   | LRCX            | $    318.18 | Above all weekly EMAs
2026-05-30 02:42:10 | INFO | 🟡 WAIT       | LVS             | $     50.57 | EMAs converging, no breakout yet
2026-05-30 02:42:12 | INFO | 🔴 EXIT       | LDOS            | $    127.80 | Below 40W EMA
2026-05-30 02:42:14 | INFO | 🔴 EXIT       | LEN             | $     89.78 | Below 40W EMA
2026-05-30 02:42:16 | INFO | 🟡 WAIT       | LII             | $    502.16 | EMAs converging, no breakout yet
2026-05-30 02:42:18 | INFO | 🟢 HOLD_ADD   | LLY             | $   1105.00 | Above all weekly EMAs
2026-05-30 02:42:21 | INFO | 🟣 FADING     | LIN             | $    497.69 | Below 10W EMA - momentum fading
2026-05-30 02:42:23 | INFO | 🟢 HOLD_ADD   | LYV             | $    168.41 | Above all weekly EMAs
2026-05-30 02:42:25 | INFO | 🔴 EXIT       | LMT             | $    530.45 | Below 40W EMA
2026-05-30 02:42:27 | INFO | 🔴 EXIT       | L               | $    103.55 | Below 40W EMA
2026-05-30 02:42:29 | INFO | 🔴 EXIT       | LOW             | $    214.36 | Below 40W EMA
2026-05-30 02:42:31 | INFO | 🔴 EXIT       | LULU            | $    131.18 | Below 40W EMA
2026-05-30 02:42:33 | INFO | 🟣 FADING     | LITE            | $    854.96 | Below 10W EMA - momentum fading
2026-05-30 02:42:36 | INFO | 🟣 FADING     | LYB             | $     66.65 | Below 10W EMA - momentum fading
2026-05-30 02:42:38 | INFO | 🟢 HOLD_ADD   | MTB             | $    216.11 | Above all weekly EMAs
2026-05-30 02:42:40 | INFO | 🟢 HOLD_ADD   | MPC             | $    248.77 | Above all weekly EMAs
2026-05-30 02:42:42 | INFO | 🟢 HOLD_ADD   | MAR             | $    375.60 | Above all weekly EMAs
2026-05-30 02:42:44 | INFO | 🔴 EXIT       | MRSH            | $    159.97 | Below 40W EMA
2026-05-30 02:42:46 | INFO | 🟡 WAIT       | MLM             | $    581.64 | EMAs converging, no breakout yet
2026-05-30 02:42:49 | INFO | 🟡 WAIT       | MAS             | $     70.25 | EMAs converging, no breakout yet
2026-05-30 02:42:51 | INFO | 🔴 EXIT       | MA              | $    493.98 | Below 40W EMA
2026-05-30 02:42:53 | INFO | 🔴 EXIT       | MKC             | $     47.37 | Below 40W EMA
2026-05-30 02:42:55 | INFO | 🔴 EXIT       | MCD             | $    279.20 | Below 40W EMA
2026-05-30 02:42:57 | INFO | 🟡 WAIT       | MCK             | $    742.44 | EMAs converging, no breakout yet
2026-05-30 02:43:00 | INFO | 🔴 EXIT       | MDT             | $     73.81 | Below 40W EMA
2026-05-30 02:43:02 | INFO | 🟢 HOLD_ADD   | MRK             | $    118.72 | Above all weekly EMAs
2026-05-30 02:43:04 | INFO | 🟡 WAIT       | META            | $    632.51 | EMAs converging, no breakout yet
2026-05-30 02:43:06 | INFO | 🟡 WAIT       | MET             | $     82.69 | EMAs converging, no breakout yet
2026-05-30 02:43:08 | INFO | 🔴 EXIT       | MTD             | $   1180.58 | Below 40W EMA
2026-05-30 02:43:10 | INFO | 🟢 HOLD_ADD   | MGM             | $     43.67 | Above all weekly EMAs
2026-05-30 02:43:12 | INFO | 🟢 HOLD_ADD   | MCHP            | $     94.65 | Above all weekly EMAs
2026-05-30 02:43:15 | INFO | 🟢 HOLD_ADD   | MU              | $    971.00 | Above all weekly EMAs
2026-05-30 02:43:17 | INFO | 🟢 HOLD_ADD   | MSFT            | $    450.24 | Above all weekly EMAs
2026-05-30 02:43:19 | INFO | 🟡 WAIT       | MAA             | $    129.07 | EMAs converging, no breakout yet
2026-05-30 02:43:21 | INFO | 🟣 FADING     | MRNA            | $     47.19 | Below 10W EMA - momentum fading
2026-05-30 02:43:23 | INFO | 🔴 EXIT       | TAP             | $     39.53 | Below 40W EMA
2026-05-30 02:43:25 | INFO | 🟡 WAIT       | MDLZ            | $     61.17 | EMAs converging, no breakout yet
2026-05-30 02:43:28 | INFO | 🟢 HOLD_ADD   | MPWR            | $   1566.21 | Above all weekly EMAs
2026-05-30 02:43:30 | INFO | 🟢 HOLD_ADD   | MNST            | $     88.08 | Above all weekly EMAs
2026-05-30 02:43:32 | INFO | 🔴 EXIT       | MCO             | $    453.25 | Below 40W EMA
2026-05-30 02:43:34 | INFO | 🟢 HOLD_ADD   | MS              | $    208.00 | Above all weekly EMAs
2026-05-30 02:43:36 | INFO | 🔴 EXIT       | MOS             | $     23.90 | Below 40W EMA
2026-05-30 02:43:38 | INFO | 🟡 WAIT       | MSI             | $    403.28 | EMAs converging, no breakout yet
2026-05-30 02:43:40 | INFO | ✅ BULLISH    | MSCI            | $    631.38 | Resistance breakout with EMAs converging
2026-05-30 02:43:43 | INFO | 🟡 WAIT       | NDAQ            | $     92.52 | EMAs converging, no breakout yet
2026-05-30 02:43:45 | INFO | 🟢 HOLD_ADD   | NTAP            | $    174.29 | Above all weekly EMAs
2026-05-30 02:43:47 | INFO | 🔴 EXIT       | NFLX            | $     86.02 | Below 40W EMA
2026-05-30 02:43:49 | INFO | 🟣 FADING     | NEM             | $    109.81 | Below 10W EMA - momentum fading
2026-05-30 02:43:51 | INFO | 🟡 WAIT       | NWSA            | $     26.10 | EMAs converging, no breakout yet
2026-05-30 02:43:53 | INFO | 🟡 WAIT       | NWS             | $     29.82 | EMAs converging, no breakout yet
2026-05-30 02:43:55 | INFO | 🟠 CAUTIOUS   | NEE             | $     87.01 | Below 20W EMA
2026-05-30 02:43:58 | INFO | 🔴 EXIT       | NKE             | $     46.23 | Below 40W EMA
2026-05-30 02:44:00 | INFO | 🟣 FADING     | NI              | $     46.22 | Below 10W EMA - momentum fading
2026-05-30 02:44:02 | INFO | 🟢 HOLD_ADD   | NDSN            | $    287.33 | Above all weekly EMAs
2026-05-30 02:44:04 | INFO | 🟣 FADING     | NSC             | $    304.96 | Below 10W EMA - momentum fading
2026-05-30 02:44:06 | INFO | 🟢 HOLD_ADD   | NTRS            | $    165.45 | Above all weekly EMAs
2026-05-30 02:44:09 | INFO | 🔴 EXIT       | NOC             | $    563.68 | Below 40W EMA
2026-05-30 02:44:11 | INFO | 🔴 EXIT       | NCLH            | $     18.34 | Below 40W EMA
2026-05-30 02:44:13 | INFO | 🔴 EXIT       | NRG             | $    134.08 | Below 40W EMA
2026-05-30 02:44:15 | INFO | 🟢 HOLD_ADD   | NUE             | $    250.00 | Above all weekly EMAs
2026-05-30 02:44:17 | INFO | 🟢 HOLD_ADD   | NVDA            | $    211.14 | Above all weekly EMAs
2026-05-30 02:44:19 | INFO | 🔴 EXIT       | NVR             | $   6104.80 | Below 40W EMA
2026-05-30 02:44:21 | INFO | 🟢 HOLD_ADD   | NXPI            | $    321.35 | Above all weekly EMAs
2026-05-30 02:44:23 | INFO | 🟡 WAIT       | ORLY            | $     86.88 | EMAs converging, no breakout yet
2026-05-30 02:44:26 | INFO | 🟣 FADING     | OXY             | $     56.63 | Below 10W EMA - momentum fading
2026-05-30 02:44:28 | INFO | 🟢 HOLD_ADD   | ODFL            | $    225.15 | Above all weekly EMAs
2026-05-30 02:44:30 | INFO | 🟡 WAIT       | OMC             | $     72.71 | EMAs converging, no breakout yet
2026-05-30 02:44:32 | INFO | 🟢 HOLD_ADD   | ON              | $    120.62 | Above all weekly EMAs
2026-05-30 02:44:34 | INFO | 🟠 CAUTIOUS   | OKE             | $     83.94 | Below 20W EMA
2026-05-30 02:44:36 | INFO | ✅ BULLISH    | ORCL            | $    225.78 | Resistance breakout with EMAs converging
2026-05-30 02:44:39 | INFO | 🔴 EXIT       | OTIS            | $     70.84 | Below 40W EMA
2026-05-30 02:44:41 | INFO | 🔴 EXIT       | PCAR            | $    110.37 | Below 40W EMA
2026-05-30 02:44:43 | INFO | 🟡 WAIT       | PKG             | $    218.91 | EMAs converging, no breakout yet
2026-05-30 02:44:45 | INFO | 🟡 WAIT       | PLTR            | $    156.54 | EMAs converging, no breakout yet
2026-05-30 02:44:47 | INFO | 🟢 HOLD_ADD   | PANW            | $    281.69 | Above all weekly EMAs
2026-05-30 02:44:49 | INFO | 🔴 EXIT       | PSKY            | $     10.61 | Below 40W EMA
2026-05-30 02:44:51 | INFO | 🔴 EXIT       | PH              | $    844.63 | Below 40W EMA
2026-05-30 02:44:54 | INFO | 🔴 EXIT       | PAYX            | $     96.98 | Below 40W EMA
2026-05-30 02:44:56 | INFO | 🔴 EXIT       | PYPL            | $     44.75 | Below 40W EMA
2026-05-30 02:44:58 | INFO | 🔴 EXIT       | PNR             | $     70.84 | Below 40W EMA
2026-05-30 02:45:00 | INFO | 🟡 WAIT       | PEP             | $    144.19 | EMAs converging, no breakout yet
2026-05-30 02:45:02 | INFO | 🟡 WAIT       | PFE             | $     26.18 | EMAs converging, no breakout yet
2026-05-30 02:45:05 | INFO | 🟡 WAIT       | PCG             | $     16.34 | EMAs converging, no breakout yet
2026-05-30 02:45:07 | INFO | 🟢 HOLD_ADD   | PM              | $    177.38 | Above all weekly EMAs
2026-05-30 02:45:09 | INFO | 🟢 HOLD_ADD   | PSX             | $    175.88 | Above all weekly EMAs
2026-05-30 02:45:11 | INFO | 🟣 FADING     | PNW             | $     99.74 | Below 10W EMA - momentum fading
2026-05-30 02:45:13 | INFO | 🟢 HOLD_ADD   | PNC             | $    221.12 | Above all weekly EMAs
2026-05-30 02:45:15 | INFO | 🔴 EXIT       | POOL            | $    181.40 | Below 40W EMA
2026-05-30 02:45:18 | INFO | 🟡 WAIT       | PPG             | $    112.98 | EMAs converging, no breakout yet
2026-05-30 02:45:20 | INFO | 🟡 WAIT       | PPL             | $     35.39 | EMAs converging, no breakout yet
2026-05-30 02:45:22 | INFO | 🟢 HOLD_ADD   | PFG             | $    103.62 | Above all weekly EMAs
2026-05-30 02:45:24 | INFO | 🟡 WAIT       | PG              | $    143.56 | EMAs converging, no breakout yet
2026-05-30 02:45:26 | INFO | 🔴 EXIT       | PGR             | $    190.40 | Below 40W EMA
2026-05-30 02:45:29 | INFO | 🟢 HOLD_ADD   | PLD             | $    143.47 | Above all weekly EMAs
2026-05-30 02:45:31 | INFO | 🟡 WAIT       | PRU             | $    100.64 | EMAs converging, no breakout yet
2026-05-30 02:45:33 | INFO | 🟡 WAIT       | PEG             | $     78.65 | EMAs converging, no breakout yet
2026-05-30 02:45:35 | INFO | 🔴 EXIT       | PTC             | $    138.73 | Below 40W EMA
2026-05-30 02:45:37 | INFO | 🟢 HOLD_ADD   | PSA             | $    303.69 | Above all weekly EMAs
2026-05-30 02:45:39 | INFO | 🟡 WAIT       | PHM             | $    118.18 | EMAs converging, no breakout yet
2026-05-30 02:45:41 | INFO | 🟢 HOLD_ADD   | PWR             | $    711.73 | Above all weekly EMAs
2026-05-30 02:45:44 | INFO | 🟢 HOLD_ADD   | QCOM            | $    251.02 | Above all weekly EMAs
2026-05-30 02:45:46 | INFO | 🟢 HOLD_ADD   | DGX             | $    194.90 | Above all weekly EMAs
2026-05-30 02:45:48 | WARNING | Q: Insufficient data for analysis
2026-05-30 02:45:50 | INFO | 🟢 HOLD_ADD   | RL              | $    363.90 | Above all weekly EMAs
2026-05-30 02:45:52 | INFO | 🟡 WAIT       | RJF             | $    143.41 | EMAs converging, no breakout yet
2026-05-30 02:45:54 | INFO | 🟠 CAUTIOUS   | RTX             | $    179.66 | Below 20W EMA
2026-05-30 02:45:57 | INFO | 🟠 CAUTIOUS   | O               | $     61.28 | Below 20W EMA
2026-05-30 02:45:59 | INFO | 🟣 FADING     | REG             | $     77.35 | Below 10W EMA - momentum fading
2026-05-30 02:46:01 | INFO | 🟡 WAIT       | REGN            | $    614.78 | EMAs converging, no breakout yet
2026-05-30 02:46:03 | INFO | 🟢 HOLD_ADD   | RF              | $     28.00 | Above all weekly EMAs
2026-05-30 02:46:05 | INFO | 🔴 EXIT       | RSG             | $    200.44 | Below 40W EMA
2026-05-30 02:46:07 | INFO | 🔴 EXIT       | RMD             | $    190.57 | Below 40W EMA
2026-05-30 02:46:10 | INFO | 🟡 WAIT       | RVTY            | $    104.55 | EMAs converging, no breakout yet
2026-05-30 02:46:12 | INFO | 🟢 HOLD_ADD   | HOOD            | $     94.30 | Above all weekly EMAs
2026-05-30 02:46:14 | INFO | 🟢 HOLD_ADD   | ROK             | $    451.06 | Above all weekly EMAs
2026-05-30 02:46:16 | INFO | 🔴 EXIT       | ROL             | $     47.60 | Below 40W EMA
2026-05-30 02:46:18 | INFO | 🔴 EXIT       | ROP             | $    325.53 | Below 40W EMA
2026-05-30 02:46:21 | INFO | 🟢 HOLD_ADD   | ROST            | $    231.73 | Above all weekly EMAs
2026-05-30 02:46:23 | INFO | 🟡 WAIT       | RCL             | $    284.63 | EMAs converging, no breakout yet
2026-05-30 02:46:25 | INFO | 🔴 EXIT       | SPGI            | $    424.00 | Below 40W EMA
2026-05-30 02:46:27 | INFO | 🔴 EXIT       | CRM             | $    191.10 | Below 40W EMA
2026-05-30 02:46:29 | INFO | 🟢 HOLD_ADD   | SNDK            | $   1694.98 | Above all weekly EMAs
2026-05-30 02:46:31 | INFO | 🟡 WAIT       | SBAC            | $    203.16 | EMAs converging, no breakout yet
2026-05-30 02:46:33 | INFO | 🟢 HOLD_ADD   | SLB             | $     54.55 | Above all weekly EMAs
2026-05-30 02:46:36 | INFO | 🟢 HOLD_ADD   | STX             | $    879.80 | Above all weekly EMAs
2026-05-30 02:46:38 | INFO | 🔴 EXIT       | SRE             | $     89.13 | Below 40W EMA
2026-05-30 02:46:40 | INFO | 🔴 EXIT       | NOW             | $    124.37 | Below 40W EMA
2026-05-30 02:46:42 | INFO | 🔴 EXIT       | SHW             | $    303.84 | Below 40W EMA
2026-05-30 02:46:44 | INFO | 🟢 HOLD_ADD   | SPG             | $    204.91 | Above all weekly EMAs
2026-05-30 02:46:46 | INFO | 🟢 HOLD_ADD   | SWKS            | $     77.85 | Above all weekly EMAs
2026-05-30 02:46:48 | INFO | 🟡 WAIT       | SJM             | $    103.20 | EMAs converging, no breakout yet
2026-05-30 02:46:51 | INFO | 🟡 WAIT       | SW              | $     41.15 | EMAs converging, no breakout yet
2026-05-30 02:46:53 | INFO | 🟢 HOLD_ADD   | SNA             | $    371.21 | Above all weekly EMAs
2026-05-30 02:46:55 | INFO | 🟡 WAIT       | SOLV            | $     74.95 | EMAs converging, no breakout yet
2026-05-30 02:46:57 | INFO | 🟡 WAIT       | SO              | $     92.05 | EMAs converging, no breakout yet
2026-05-30 02:46:59 | INFO | 🟢 HOLD_ADD   | LUV             | $     42.95 | Above all weekly EMAs
2026-05-30 02:47:02 | INFO | 🟡 WAIT       | SWK             | $     79.42 | EMAs converging, no breakout yet
2026-05-30 02:47:04 | INFO | 🟣 FADING     | SBUX            | $     99.16 | Below 10W EMA - momentum fading
2026-05-30 02:47:06 | INFO | 🟢 HOLD_ADD   | STT             | $    155.64 | Above all weekly EMAs
2026-05-30 02:47:08 | INFO | 🟢 HOLD_ADD   | STLD            | $    260.15 | Above all weekly EMAs
2026-05-30 02:47:10 | INFO | 🔴 EXIT       | STE             | $    212.73 | Below 40W EMA
2026-05-30 02:47:12 | INFO | 🔴 EXIT       | SYK             | $    305.09 | Below 40W EMA
2026-05-30 02:47:15 | INFO | 🟢 HOLD_ADD   | SMCI            | $     46.09 | Above all weekly EMAs
2026-05-30 02:47:17 | INFO | 🟡 WAIT       | SYF             | $     71.44 | EMAs converging, no breakout yet
2026-05-30 02:47:19 | INFO | 🟡 WAIT       | SNPS            | $    475.62 | EMAs converging, no breakout yet
2026-05-30 02:47:21 | INFO | 🟡 WAIT       | SYY             | $     75.81 | EMAs converging, no breakout yet
2026-05-30 02:47:23 | INFO | 🔴 EXIT       | TMUS            | $    187.53 | Below 40W EMA
2026-05-30 02:47:25 | INFO | 🟡 WAIT       | TROW            | $    104.53 | EMAs converging, no breakout yet
2026-05-30 02:47:27 | INFO | 🟡 WAIT       | TTWO            | $    224.16 | EMAs converging, no breakout yet
2026-05-30 02:47:30 | INFO | 🟢 HOLD_ADD   | TPR             | $    145.46 | Above all weekly EMAs
2026-05-30 02:47:32 | INFO | 🟢 HOLD_ADD   | TRGP            | $    255.07 | Above all weekly EMAs
2026-05-30 02:47:34 | INFO | 🟢 HOLD_ADD   | TGT             | $    127.07 | Above all weekly EMAs
2026-05-30 02:47:36 | INFO | 🟡 WAIT       | TEL             | $    213.41 | EMAs converging, no breakout yet
2026-05-30 02:47:38 | INFO | 🟣 FADING     | TDY             | $    619.83 | Below 10W EMA - momentum fading
2026-05-30 02:47:40 | INFO | 🟢 HOLD_ADD   | TER             | $    374.31 | Above all weekly EMAs
2026-05-30 02:47:42 | INFO | 🟢 HOLD_ADD   | TSLA            | $    435.79 | Above all weekly EMAs
2026-05-30 02:47:45 | INFO | 🟢 HOLD_ADD   | TXN             | $    305.68 | Above all weekly EMAs
2026-05-30 02:47:47 | INFO | 🔴 EXIT       | TPL             | $    393.00 | Below 40W EMA
2026-05-30 02:47:49 | INFO | 🟢 HOLD_ADD   | TXT             | $     91.76 | Above all weekly EMAs
2026-05-30 02:47:51 | INFO | 🔴 EXIT       | TMO             | $    492.51 | Below 40W EMA
2026-05-30 02:47:53 | INFO | 🟣 FADING     | TJX             | $    154.75 | Below 10W EMA - momentum fading
2026-05-30 02:47:56 | INFO | 🟡 WAIT       | TKO             | $    205.18 | EMAs converging, no breakout yet
2026-05-30 02:47:58 | INFO | 🔴 EXIT       | TTD             | $     21.56 | Below 40W EMA
2026-05-30 02:48:00 | INFO | 🔴 EXIT       | TSCO            | $     31.53 | Below 40W EMA
2026-05-30 02:48:02 | INFO | 🟣 FADING     | TT              | $    451.30 | Below 10W EMA - momentum fading
2026-05-30 02:48:04 | INFO | 🔴 EXIT       | TDG             | $   1258.32 | Below 40W EMA
2026-05-30 02:48:06 | INFO | 🟠 CAUTIOUS   | TRV             | $    291.89 | Below 20W EMA
2026-05-30 02:48:08 | INFO | 🔴 EXIT       | TRMB            | $     56.41 | Below 40W EMA
2026-05-30 02:48:11 | INFO | 🟣 FADING     | TFC             | $     48.21 | Below 10W EMA - momentum fading
2026-05-30 02:48:13 | INFO | 🔴 EXIT       | TYL             | $    313.15 | Below 40W EMA
2026-05-30 02:48:15 | INFO | 🟠 CAUTIOUS   | TSN             | $     61.02 | Below 20W EMA
2026-05-30 02:48:17 | INFO | 🟢 HOLD_ADD   | USB             | $     54.85 | Above all weekly EMAs
2026-05-30 02:48:19 | INFO | 🔴 EXIT       | UBER            | $     70.40 | Below 40W EMA
2026-05-30 02:48:21 | INFO | 🟡 WAIT       | UDR             | $     36.90 | EMAs converging, no breakout yet
2026-05-30 02:48:23 | INFO | 🔴 EXIT       | ULTA            | $    508.85 | Below 40W EMA
2026-05-30 02:48:26 | INFO | 🟢 HOLD_ADD   | UNP             | $    262.64 | Above all weekly EMAs
2026-05-30 02:48:28 | INFO | 🟡 WAIT       | UAL             | $    114.80 | EMAs converging, no breakout yet
2026-05-30 02:48:30 | INFO | 🟡 WAIT       | UPS             | $    106.69 | EMAs converging, no breakout yet
2026-05-30 02:48:32 | INFO | 🟢 HOLD_ADD   | URI             | $    995.67 | Above all weekly EMAs
2026-05-30 02:48:34 | INFO | 🟢 HOLD_ADD   | UNH             | $    380.31 | Above all weekly EMAs
2026-05-30 02:48:36 | INFO | 🔴 EXIT       | UHS             | $    146.11 | Below 40W EMA
2026-05-30 02:48:39 | INFO | 🟢 HOLD_ADD   | VLO             | $    244.82 | Above all weekly EMAs
2026-05-30 02:48:41 | INFO | 🔴 EXIT       | VEEV            | $    174.34 | Below 40W EMA
2026-05-30 02:48:43 | INFO | 🟣 FADING     | VTR             | $     84.42 | Below 10W EMA - momentum fading
2026-05-30 02:48:45 | INFO | 🔴 EXIT       | VLTO            | $     82.23 | Below 40W EMA
2026-05-30 02:48:47 | INFO | 🟢 HOLD_ADD   | VRSN            | $    285.38 | Above all weekly EMAs
2026-05-30 02:48:49 | INFO | 🔴 EXIT       | VRSK            | $    174.99 | Below 40W EMA
2026-05-30 02:48:51 | INFO | 🟢 HOLD_ADD   | VZ              | $     47.81 | Above all weekly EMAs
2026-05-30 02:48:53 | INFO | 🟡 WAIT       | VRTX            | $    447.54 | EMAs converging, no breakout yet
2026-05-30 02:48:55 | INFO | 🟢 HOLD_ADD   | VRT             | $    315.71 | Above all weekly EMAs
2026-05-30 02:48:58 | INFO | 🟢 HOLD_ADD   | VTRS            | $     16.26 | Above all weekly EMAs
2026-05-30 02:49:00 | INFO | 🟡 WAIT       | VICI            | $     28.22 | EMAs converging, no breakout yet
2026-05-30 02:49:02 | INFO | 🟡 WAIT       | V               | $    326.36 | EMAs converging, no breakout yet
2026-05-30 02:49:04 | INFO | 🔴 EXIT       | VST             | $    160.23 | Below 40W EMA
2026-05-30 02:49:06 | INFO | 🟡 WAIT       | VMC             | $    282.92 | EMAs converging, no breakout yet
2026-05-30 02:49:08 | INFO | 🔴 EXIT       | WRB             | $     63.54 | Broke support with EMAs converging
2026-05-30 02:49:11 | INFO | 🟢 HOLD_ADD   | GWW             | $   1234.24 | Above all weekly EMAs
2026-05-30 02:49:13 | INFO | 🟢 HOLD_ADD   | WAB             | $    261.16 | Above all weekly EMAs
2026-05-30 02:49:15 | INFO | 🔴 EXIT       | WMT             | $    115.75 | Below 40W EMA
2026-05-30 02:49:17 | INFO | 🟡 WAIT       | DIS             | $    101.83 | EMAs converging, no breakout yet
2026-05-30 02:49:19 | INFO | 🟣 FADING     | WBD             | $     27.01 | Below 10W EMA - momentum fading
2026-05-30 02:49:21 | INFO | 🔴 EXIT       | WM              | $    211.46 | Broke support with EMAs converging
2026-05-30 02:49:24 | INFO | 🟡 WAIT       | WAT             | $    383.57 | EMAs converging, no breakout yet
2026-05-30 02:49:26 | INFO | 🟡 WAIT       | WEC             | $    111.05 | EMAs converging, no breakout yet
2026-05-30 02:49:28 | INFO | 🟡 WAIT       | WFC             | $     77.54 | EMAs converging, no breakout yet
2026-05-30 02:49:30 | INFO | 🟣 FADING     | WELL            | $    205.33 | Below 10W EMA - momentum fading
2026-05-30 02:49:32 | INFO | 🟢 HOLD_ADD   | WST             | $    322.81 | Above all weekly EMAs
2026-05-30 02:49:35 | INFO | 🟢 HOLD_ADD   | WDC             | $    531.21 | Above all weekly EMAs
2026-05-30 02:49:37 | INFO | 🟡 WAIT       | WY              | $     24.51 | EMAs converging, no breakout yet
2026-05-30 02:49:39 | INFO | 🟡 WAIT       | WSM             | $    203.57 | EMAs converging, no breakout yet
2026-05-30 02:49:41 | INFO | 🟣 FADING     | WMB             | $     71.39 | Below 10W EMA - momentum fading
2026-05-30 02:49:43 | INFO | 🔴 EXIT       | WTW             | $    249.67 | Below 40W EMA
2026-05-30 02:49:45 | INFO | 🔴 EXIT       | WDAY            | $    146.19 | Below 40W EMA
2026-05-30 02:49:47 | INFO | 🔴 EXIT       | WYNN            | $    101.22 | Below 40W EMA
2026-05-30 02:49:50 | INFO | 🟣 FADING     | XEL             | $     79.50 | Below 10W EMA - momentum fading
2026-05-30 02:49:52 | INFO | 🔴 EXIT       | XYL             | $    109.54 | Below 40W EMA
2026-05-30 02:49:54 | INFO | 🔴 EXIT       | YUM             | $    147.95 | Broke support with EMAs converging
2026-05-30 02:49:56 | INFO | 🔴 EXIT       | ZBRA            | $    243.63 | Below 40W EMA
2026-05-30 02:49:58 | INFO | 🔴 EXIT       | ZBH             | $     82.33 | Below 40W EMA
2026-05-30 02:50:00 | INFO | 🔴 EXIT       | ZTS             | $     77.69 | Below 40W EMA
2026-05-30 02:50:00 | INFO | ==================================================
2026-05-30 02:50:00 | INFO | SCAN COMPLETE
2026-05-30 02:50:00 | INFO | Total: 502 | Errors: 1
2026-05-30 02:50:00 | INFO | EXIT: 151
2026-05-30 02:50:00 | INFO | BULLISH: 3
2026-05-30 02:50:00 | INFO | WAIT: 119
2026-05-30 02:50:00 | INFO | CAUTIOUS: 23
2026-05-30 02:50:00 | INFO | FADING: 40
2026-05-30 02:50:00 | INFO | HOLD_ADD: 166
2026-05-30 02:50:00 | INFO | 
Checking for previous log to generate Actionable Report...
2026-05-30 02:50:00 | INFO | Comparing current run against previous run: 2026-05-23_USA.log
2026-05-30 02:50:00 | INFO | Action report generated at: /home/runner/work/ema-tracker/ema-tracker/actions/2026-05-30_USA-ACTIONS.csv
