2026-05-16 02:31:52 | INFO | Fetching S&P 500 stocks from Wikipedia
2026-05-16 02:31:53 | INFO | S&P 500 source: Wikipedia live list (503 stocks)
2026-05-16 02:31:55 | INFO | 🔴 EXIT       | MMM             | $    146.22 | Below 40W EMA
2026-05-16 02:31:58 | INFO | 🔴 EXIT       | AOS             | $     56.01 | Below 40W EMA
2026-05-16 02:32:00 | INFO | 🔴 EXIT       | ABT             | $     84.47 | Below 40W EMA
2026-05-16 02:32:03 | INFO | 🟡 WAIT       | ABBV            | $    210.39 | EMAs converging, no breakout yet
2026-05-16 02:32:05 | INFO | 🔴 EXIT       | ACN             | $    168.82 | Below 40W EMA
2026-05-16 02:32:07 | INFO | 🔴 EXIT       | ADBE            | $    247.60 | Below 40W EMA
2026-05-16 02:32:09 | INFO | 🟢 HOLD_ADD   | AMD             | $    424.10 | Above all weekly EMAs
2026-05-16 02:32:12 | INFO | 🟢 HOLD_ADD   | AES             | $     14.47 | Above all weekly EMAs
2026-05-16 02:32:14 | INFO | 🟡 WAIT       | AFL             | $    116.81 | EMAs converging, no breakout yet
2026-05-16 02:32:17 | INFO | 🔴 EXIT       | A               | $    111.70 | Below 40W EMA
2026-05-16 02:32:19 | INFO | 🟢 HOLD_ADD   | APD             | $    295.38 | Above all weekly EMAs
2026-05-16 02:32:21 | INFO | 🟣 FADING     | ABNB            | $    132.85 | Below 10W EMA - momentum fading
2026-05-16 02:32:24 | INFO | 🟢 HOLD_ADD   | AKAM            | $    150.88 | Above all weekly EMAs
2026-05-16 02:32:26 | INFO | 🟣 FADING     | ALB             | $    180.38 | Below 10W EMA - momentum fading
2026-05-16 02:32:28 | INFO | 🔴 EXIT       | ARE             | $     44.97 | Below 40W EMA
2026-05-16 02:32:31 | INFO | 🟡 WAIT       | ALGN            | $    157.25 | EMAs converging, no breakout yet
2026-05-16 02:32:33 | INFO | 🔴 EXIT       | ALLE            | $    125.65 | Below 40W EMA
2026-05-16 02:32:35 | INFO | 🟣 FADING     | LNT             | $     70.90 | Below 10W EMA - momentum fading
2026-05-16 02:32:38 | INFO | 🟢 HOLD_ADD   | ALL             | $    217.37 | Above all weekly EMAs
2026-05-16 02:32:40 | INFO | 🟢 HOLD_ADD   | GOOGL           | $    396.78 | Above all weekly EMAs
2026-05-16 02:32:42 | INFO | 🟢 HOLD_ADD   | GOOG            | $    393.32 | Above all weekly EMAs
2026-05-16 02:32:45 | INFO | 🟢 HOLD_ADD   | MO              | $     73.09 | Above all weekly EMAs
2026-05-16 02:32:47 | INFO | 🟢 HOLD_ADD   | AMZN            | $    264.14 | Above all weekly EMAs
2026-05-16 02:32:49 | INFO | 🔴 EXIT       | AMCR            | $     36.69 | Below 40W EMA
2026-05-16 02:32:52 | INFO | 🟠 CAUTIOUS   | AEE             | $    106.36 | Below 20W EMA
2026-05-16 02:32:54 | INFO | 🟠 CAUTIOUS   | AEP             | $    125.15 | Below 20W EMA
2026-05-16 02:32:56 | INFO | 🟡 WAIT       | AXP             | $    313.48 | EMAs converging, no breakout yet
2026-05-16 02:32:59 | INFO | 🟡 WAIT       | AIG             | $     76.11 | EMAs converging, no breakout yet
2026-05-16 02:33:01 | INFO | 🟡 WAIT       | AMT             | $    170.63 | EMAs converging, no breakout yet
2026-05-16 02:33:03 | INFO | 🟡 WAIT       | AWK             | $    124.29 | EMAs converging, no breakout yet
2026-05-16 02:33:06 | INFO | 🟡 WAIT       | AMP             | $    470.38 | EMAs converging, no breakout yet
2026-05-16 02:33:08 | INFO | 🟢 HOLD_ADD   | AME             | $    227.90 | Above all weekly EMAs
2026-05-16 02:33:10 | INFO | 🔴 EXIT       | AMGN            | $    326.31 | Below 40W EMA
2026-05-16 02:33:13 | INFO | 🔴 EXIT       | APH             | $    125.00 | Below 40W EMA
2026-05-16 02:33:15 | INFO | 🟢 HOLD_ADD   | ADI             | $    417.49 | Above all weekly EMAs
2026-05-16 02:33:17 | INFO | 🔴 EXIT       | AON             | $    317.22 | Below 40W EMA
2026-05-16 02:33:20 | INFO | 🟢 HOLD_ADD   | APA             | $     38.98 | Above all weekly EMAs
2026-05-16 02:33:22 | INFO | 🟡 WAIT       | APO             | $    135.38 | EMAs converging, no breakout yet
2026-05-16 02:33:24 | INFO | 🟢 HOLD_ADD   | AAPL            | $    300.23 | Above all weekly EMAs
2026-05-16 02:33:27 | INFO | 🟢 HOLD_ADD   | AMAT            | $    436.62 | Above all weekly EMAs
2026-05-16 02:33:29 | INFO | 🟢 HOLD_ADD   | APP             | $    501.00 | Above all weekly EMAs
2026-05-16 02:33:32 | INFO | 🔴 EXIT       | APTV            | $     54.34 | Below 40W EMA
2026-05-16 02:33:34 | INFO | 🟡 WAIT       | ACGL            | $     93.98 | EMAs converging, no breakout yet
2026-05-16 02:33:36 | INFO | 🟢 HOLD_ADD   | ADM             | $     80.40 | Above all weekly EMAs
2026-05-16 02:33:39 | INFO | 🔴 EXIT       | ARES            | $    123.41 | Below 40W EMA
2026-05-16 02:33:41 | INFO | 🟠 CAUTIOUS   | ANET            | $    141.97 | Below 20W EMA
2026-05-16 02:33:43 | INFO | 🔴 EXIT       | AJG             | $    199.95 | Below 40W EMA
2026-05-16 02:33:46 | INFO | 🟢 HOLD_ADD   | AIZ             | $    254.61 | Above all weekly EMAs
2026-05-16 02:33:48 | INFO | 🟡 WAIT       | T               | $     24.03 | EMAs converging, no breakout yet
2026-05-16 02:33:50 | INFO | 🟠 CAUTIOUS   | ATO             | $    176.48 | Below 20W EMA
2026-05-16 02:33:53 | INFO | 🔴 EXIT       | ADSK            | $    236.62 | Below 40W EMA
2026-05-16 02:33:55 | INFO | 🔴 EXIT       | ADP             | $    214.48 | Below 40W EMA
2026-05-16 02:33:57 | INFO | 🔴 EXIT       | AZO             | $   3321.15 | Below 40W EMA
2026-05-16 02:34:00 | INFO | 🟡 WAIT       | AVB             | $    180.84 | EMAs converging, no breakout yet
2026-05-16 02:34:02 | INFO | 🔴 EXIT       | AVY             | $    156.21 | Below 40W EMA
2026-05-16 02:34:04 | INFO | 🔴 EXIT       | AXON            | $    391.88 | Below 40W EMA
2026-05-16 02:34:07 | INFO | 🟢 HOLD_ADD   | BKR             | $     64.12 | Above all weekly EMAs
2026-05-16 02:34:09 | INFO | 🔴 EXIT       | BALL            | $     55.20 | Below 40W EMA
2026-05-16 02:34:12 | INFO | 🟡 WAIT       | BAC             | $     49.77 | EMAs converging, no breakout yet
2026-05-16 02:34:14 | INFO | 🔴 EXIT       | BAX             | $     17.30 | Below 40W EMA
2026-05-16 02:34:16 | INFO | 🔴 EXIT       | BDX             | $    143.47 | Broke support with EMAs converging
2026-05-16 02:34:19 | INFO | 🟡 WAIT       | BRK-B           | $    482.70 | EMAs converging, no breakout yet
2026-05-16 02:34:21 | INFO | 🔴 EXIT       | BBY             | $     56.28 | Below 40W EMA
2026-05-16 02:34:23 | INFO | 🔴 EXIT       | TECH            | $     43.30 | Below 40W EMA
2026-05-16 02:34:26 | INFO | 🟢 HOLD_ADD   | BIIB            | $    192.95 | Above all weekly EMAs
2026-05-16 02:34:28 | INFO | 🟡 WAIT       | BLK             | $   1081.90 | EMAs converging, no breakout yet
2026-05-16 02:34:30 | INFO | 🔴 EXIT       | BX              | $    117.89 | Below 40W EMA
2026-05-16 02:34:32 | INFO | 🟡 WAIT       | XYZ             | $     70.36 | EMAs converging, no breakout yet
2026-05-16 02:34:35 | INFO | 🟢 HOLD_ADD   | BK              | $    135.02 | Above all weekly EMAs
2026-05-16 02:34:37 | INFO | 🟡 WAIT       | BA              | $    220.49 | EMAs converging, no breakout yet
2026-05-16 02:34:39 | INFO | 🔴 EXIT       | BKNG            | $    154.13 | Below 40W EMA
2026-05-16 02:34:42 | INFO | 🔴 EXIT       | BSX             | $     52.68 | Below 40W EMA
2026-05-16 02:34:44 | INFO | 🟣 FADING     | BMY             | $     57.00 | Below 10W EMA - momentum fading
2026-05-16 02:34:46 | INFO | 🟢 HOLD_ADD   | AVGO            | $    425.19 | Above all weekly EMAs
2026-05-16 02:34:49 | INFO | 🔴 EXIT       | BR              | $    145.62 | Below 40W EMA
2026-05-16 02:34:51 | INFO | 🔴 EXIT       | BRO             | $     56.28 | Below 40W EMA
2026-05-16 02:34:54 | INFO | 🔴 EXIT       | BF-B            | $     26.38 | Below 40W EMA
2026-05-16 02:34:56 | INFO | 🔴 EXIT       | BLDR            | $     70.41 | Below 40W EMA
2026-05-16 02:34:58 | INFO | 🟢 HOLD_ADD   | BG              | $    122.45 | Above all weekly EMAs
2026-05-16 02:35:01 | INFO | 🔴 EXIT       | BXP             | $     58.50 | Below 40W EMA
2026-05-16 02:35:03 | INFO | 🟠 CAUTIOUS   | CHRW            | $    163.59 | Below 20W EMA
2026-05-16 02:35:05 | INFO | 🟡 WAIT       | CDNS            | $    347.24 | EMAs converging, no breakout yet
2026-05-16 02:35:08 | INFO | 🟡 WAIT       | CPT             | $    102.59 | EMAs converging, no breakout yet
2026-05-16 02:35:10 | INFO | 🔴 EXIT       | CPB             | $     20.01 | Below 40W EMA
2026-05-16 02:35:12 | INFO | 🔴 EXIT       | COF             | $    187.17 | Below 40W EMA
2026-05-16 02:35:15 | INFO | 🟠 CAUTIOUS   | CAH             | $    195.20 | Below 20W EMA
2026-05-16 02:35:17 | INFO | 🟡 WAIT       | CCL             | $     24.64 | EMAs converging, no breakout yet
2026-05-16 02:35:19 | INFO | 🟡 WAIT       | CARR            | $     64.67 | EMAs converging, no breakout yet
2026-05-16 02:35:22 | INFO | 🟡 WAIT       | CVNA            | $     67.17 | EMAs converging, no breakout yet
2026-05-16 02:35:24 | INFO | 🟢 HOLD_ADD   | CASY            | $    852.75 | Above all weekly EMAs
2026-05-16 02:35:27 | INFO | 🟢 HOLD_ADD   | CAT             | $    888.31 | Above all weekly EMAs
2026-05-16 02:35:29 | INFO | 🟢 HOLD_ADD   | CBOE            | $    363.02 | Above all weekly EMAs
2026-05-16 02:35:31 | INFO | 🔴 EXIT       | CBRE            | $    129.95 | Below 40W EMA
2026-05-16 02:35:34 | INFO | 🔴 EXIT       | CDW             | $    102.07 | Below 40W EMA
2026-05-16 02:35:36 | INFO | 🔴 EXIT       | COR             | $    257.71 | Below 40W EMA
2026-05-16 02:35:38 | INFO | 🟢 HOLD_ADD   | CNC             | $     58.27 | Above all weekly EMAs
2026-05-16 02:35:41 | INFO | 🟠 CAUTIOUS   | CNP             | $     41.53 | Below 20W EMA
2026-05-16 02:35:43 | INFO | 🟢 HOLD_ADD   | CF              | $    125.24 | Above all weekly EMAs
2026-05-16 02:35:45 | INFO | 🟡 WAIT       | CRL             | $    150.85 | EMAs converging, no breakout yet
2026-05-16 02:35:48 | INFO | 🟡 WAIT       | SCHW            | $     90.88 | EMAs converging, no breakout yet
2026-05-16 02:35:50 | INFO | 🔴 EXIT       | CHTR            | $    140.33 | Below 40W EMA
2026-05-16 02:35:52 | INFO | 🟢 HOLD_ADD   | CVX             | $    191.10 | Above all weekly EMAs
2026-05-16 02:35:55 | INFO | 🔴 EXIT       | CMG             | $     32.65 | Below 40W EMA
2026-05-16 02:35:57 | INFO | 🟣 FADING     | CB              | $    324.15 | Below 10W EMA - momentum fading
2026-05-16 02:35:59 | INFO | 🟡 WAIT       | CHD             | $     94.05 | EMAs converging, no breakout yet
2026-05-16 02:36:02 | INFO | 🟢 HOLD_ADD   | CIEN            | $    554.46 | Above all weekly EMAs
2026-05-16 02:36:04 | INFO | 🟡 WAIT       | CI              | $    285.27 | EMAs converging, no breakout yet
2026-05-16 02:36:07 | INFO | 🟡 WAIT       | CINF            | $    166.42 | EMAs converging, no breakout yet
2026-05-16 02:36:09 | INFO | 🔴 EXIT       | CTAS            | $    168.31 | Below 40W EMA
2026-05-16 02:36:11 | INFO | 🟢 HOLD_ADD   | CSCO            | $    118.21 | Above all weekly EMAs
2026-05-16 02:36:14 | INFO | 🟢 HOLD_ADD   | C               | $    123.42 | Above all weekly EMAs
2026-05-16 02:36:16 | INFO | 🟣 FADING     | CFG             | $     60.86 | Below 10W EMA - momentum fading
2026-05-16 02:36:18 | INFO | 🔴 EXIT       | CLX             | $     90.45 | Below 40W EMA
2026-05-16 02:36:21 | INFO | 🟢 HOLD_ADD   | CME             | $    298.86 | Above all weekly EMAs
2026-05-16 02:36:23 | INFO | 🟡 WAIT       | CMS             | $     71.64 | EMAs converging, no breakout yet
2026-05-16 02:36:26 | INFO | 🟢 HOLD_ADD   | KO              | $     80.82 | Above all weekly EMAs
2026-05-16 02:36:28 | INFO | 🔴 EXIT       | CTSH            | $     47.13 | Below 40W EMA
2026-05-16 02:36:30 | INFO | 🟢 HOLD_ADD   | COHR            | $    382.45 | Above all weekly EMAs
2026-05-16 02:36:32 | INFO | 🔴 EXIT       | COIN            | $    195.43 | Below 40W EMA
2026-05-16 02:36:35 | INFO | 🟡 WAIT       | CL              | $     88.13 | EMAs converging, no breakout yet
2026-05-16 02:36:37 | INFO | 🔴 EXIT       | CMCSA           | $     24.76 | Below 40W EMA
2026-05-16 02:36:40 | INFO | 🟢 HOLD_ADD   | FIX             | $   1992.74 | Above all weekly EMAs
2026-05-16 02:36:42 | INFO | 🔴 EXIT       | CAG             | $     13.43 | Below 40W EMA
2026-05-16 02:36:44 | INFO | 🟢 HOLD_ADD   | COP             | $    122.41 | Above all weekly EMAs
2026-05-16 02:36:47 | INFO | 🟠 CAUTIOUS   | ED              | $    105.36 | Below 20W EMA
2026-05-16 02:36:49 | INFO | 🟡 WAIT       | STZ             | $    142.35 | EMAs converging, no breakout yet
2026-05-16 02:36:51 | INFO | 🔴 EXIT       | CEG             | $    267.20 | Below 40W EMA
2026-05-16 02:36:54 | INFO | 🔴 EXIT       | COO             | $     59.61 | Below 40W EMA
2026-05-16 02:36:56 | INFO | 🔴 EXIT       | CPRT            | $     32.30 | Below 40W EMA
2026-05-16 02:36:58 | INFO | 🟢 HOLD_ADD   | GLW             | $    191.81 | Above all weekly EMAs
2026-05-16 02:37:01 | INFO | 🟡 WAIT       | CPAY            | $    328.23 | EMAs converging, no breakout yet
2026-05-16 02:37:03 | INFO | 🟢 HOLD_ADD   | CTVA            | $     82.21 | Above all weekly EMAs
2026-05-16 02:37:05 | INFO | 🔴 EXIT       | CSGP            | $     32.68 | Below 40W EMA
2026-05-16 02:37:08 | INFO | 🟢 HOLD_ADD   | COST            | $   1048.95 | Above all weekly EMAs
2026-05-16 02:37:10 | INFO | 🟡 WAIT       | CRH             | $    103.21 | EMAs converging, no breakout yet
2026-05-16 02:37:12 | INFO | 🟢 HOLD_ADD   | CRWD            | $    594.08 | Above all weekly EMAs
2026-05-16 02:37:15 | INFO | 🟡 WAIT       | CCI             | $     86.66 | EMAs converging, no breakout yet
2026-05-16 02:37:17 | INFO | 🟢 HOLD_ADD   | CSX             | $     45.66 | Above all weekly EMAs
2026-05-16 02:37:19 | INFO | 🟢 HOLD_ADD   | CMI             | $    696.53 | Above all weekly EMAs
2026-05-16 02:37:22 | INFO | 🟢 HOLD_ADD   | CVS             | $     95.89 | Above all weekly EMAs
2026-05-16 02:37:24 | INFO | 🔴 EXIT       | DHR             | $    161.91 | Below 40W EMA
2026-05-16 02:37:26 | INFO | 🟡 WAIT       | DRI             | $    195.89 | EMAs converging, no breakout yet
2026-05-16 02:37:28 | INFO | 🟢 HOLD_ADD   | DDOG            | $    207.98 | Above all weekly EMAs
2026-05-16 02:37:31 | INFO | 🟢 HOLD_ADD   | DVA             | $    199.74 | Above all weekly EMAs
2026-05-16 02:37:33 | INFO | 🔴 EXIT       | DECK            | $     93.56 | Below 40W EMA
2026-05-16 02:37:35 | INFO | 🟣 FADING     | DE              | $    561.83 | Below 10W EMA - momentum fading
2026-05-16 02:37:38 | INFO | 🟢 HOLD_ADD   | DELL            | $    241.99 | Above all weekly EMAs
2026-05-16 02:37:40 | INFO | 🟢 HOLD_ADD   | DAL             | $     70.23 | Above all weekly EMAs
2026-05-16 02:37:42 | INFO | 🟢 HOLD_ADD   | DVN             | $     49.49 | Above all weekly EMAs
2026-05-16 02:37:45 | INFO | 🔴 EXIT       | DXCM            | $     61.63 | Below 40W EMA
2026-05-16 02:37:47 | INFO | 🟢 HOLD_ADD   | FANG            | $    203.56 | Above all weekly EMAs
2026-05-16 02:37:49 | INFO | 🟣 FADING     | DLR             | $    188.51 | Below 10W EMA - momentum fading
2026-05-16 02:37:52 | INFO | 🔴 EXIT       | DG              | $    102.38 | Below 40W EMA
2026-05-16 02:37:54 | INFO | 🔴 EXIT       | DLTR            | $     89.58 | Below 40W EMA
2026-05-16 02:37:56 | INFO | 🟠 CAUTIOUS   | D               | $     61.73 | Below 20W EMA
2026-05-16 02:37:59 | INFO | 🔴 EXIT       | DPZ             | $    302.29 | Below 40W EMA
2026-05-16 02:38:01 | INFO | 🔴 EXIT       | DASH            | $    159.20 | Below 40W EMA
2026-05-16 02:38:03 | INFO | 🟠 CAUTIOUS   | DOV             | $    210.77 | Below 20W EMA
2026-05-16 02:38:06 | INFO | 🟢 HOLD_ADD   | DOW             | $     38.75 | Above all weekly EMAs
2026-05-16 02:38:08 | INFO | 🟡 WAIT       | DHI             | $    135.39 | EMAs converging, no breakout yet
2026-05-16 02:38:10 | INFO | 🟠 CAUTIOUS   | DTE             | $    139.78 | Below 20W EMA
2026-05-16 02:38:13 | INFO | 🟡 WAIT       | DUK             | $    120.95 | EMAs converging, no breakout yet
2026-05-16 02:38:15 | INFO | 🟢 HOLD_ADD   | DD              | $     49.31 | Above all weekly EMAs
2026-05-16 02:38:18 | INFO | 🟢 HOLD_ADD   | ETN             | $    399.44 | Above all weekly EMAs
2026-05-16 02:38:20 | INFO | 🟢 HOLD_ADD   | EBAY            | $    116.13 | Above all weekly EMAs
2026-05-16 02:38:22 | INFO | 🟢 HOLD_ADD   | SATS            | $    137.23 | Above all weekly EMAs
2026-05-16 02:38:25 | INFO | 🔴 EXIT       | ECL             | $    247.62 | Broke support with EMAs converging
2026-05-16 02:38:27 | INFO | 🟣 FADING     | EIX             | $     69.16 | Below 10W EMA - momentum fading
2026-05-16 02:38:29 | INFO | 🟡 WAIT       | EW              | $     81.38 | EMAs converging, no breakout yet
2026-05-16 02:38:32 | INFO | 🟣 FADING     | EA              | $    200.64 | Below 10W EMA - momentum fading
2026-05-16 02:38:34 | INFO | ✅ BULLISH    | ELV             | $    392.68 | Resistance breakout with EMAs converging
2026-05-16 02:38:36 | INFO | 🟢 HOLD_ADD   | EME             | $    913.11 | Above all weekly EMAs
2026-05-16 02:38:39 | INFO | 🟡 WAIT       | EMR             | $    133.05 | EMAs converging, no breakout yet
2026-05-16 02:38:41 | INFO | 🟣 FADING     | ETR             | $    109.03 | Below 10W EMA - momentum fading
2026-05-16 02:38:44 | INFO | 🟢 HOLD_ADD   | EOG             | $    140.26 | Above all weekly EMAs
2026-05-16 02:38:46 | INFO | 🔴 EXIT       | EPAM            | $     93.02 | Below 40W EMA
2026-05-16 02:38:48 | INFO | 🔴 EXIT       | EQT             | $     56.22 | Below 40W EMA
2026-05-16 02:38:51 | INFO | 🔴 EXIT       | EFX             | $    158.37 | Below 40W EMA
2026-05-16 02:38:53 | INFO | 🟢 HOLD_ADD   | EQIX            | $   1059.44 | Above all weekly EMAs
2026-05-16 02:38:55 | INFO | 🟡 WAIT       | EQR             | $     63.88 | EMAs converging, no breakout yet
2026-05-16 02:38:58 | INFO | 🔴 EXIT       | ERIE            | $    213.05 | Below 40W EMA
2026-05-16 02:39:00 | INFO | 🟡 WAIT       | ESS             | $    267.06 | EMAs converging, no breakout yet
2026-05-16 02:39:03 | INFO | 🔴 EXIT       | EL              | $     80.28 | Below 40W EMA
2026-05-16 02:39:05 | INFO | 🟡 WAIT       | EG              | $    351.67 | EMAs converging, no breakout yet
2026-05-16 02:39:07 | INFO | 🟣 FADING     | EVRG            | $     80.50 | Below 10W EMA - momentum fading
2026-05-16 02:39:10 | INFO | 🟡 WAIT       | ES              | $     67.17 | EMAs converging, no breakout yet
2026-05-16 02:39:12 | INFO | 🟡 WAIT       | EXC             | $     43.38 | EMAs converging, no breakout yet
2026-05-16 02:39:14 | INFO | 🔴 EXIT       | EXE             | $     96.69 | Below 40W EMA
2026-05-16 02:39:17 | INFO | 🔴 EXIT       | EXPE            | $    217.73 | Below 40W EMA
2026-05-16 02:39:19 | INFO | 🟢 HOLD_ADD   | EXPD            | $    155.45 | Above all weekly EMAs
2026-05-16 02:39:21 | INFO | 🟡 WAIT       | EXR             | $    136.90 | EMAs converging, no breakout yet
2026-05-16 02:39:24 | INFO | 🟢 HOLD_ADD   | XOM             | $    157.92 | Above all weekly EMAs
2026-05-16 02:39:26 | INFO | 🟢 HOLD_ADD   | FFIV            | $    362.58 | Above all weekly EMAs
2026-05-16 02:39:28 | INFO | 🔴 EXIT       | FDS             | $    212.58 | Below 40W EMA
2026-05-16 02:39:31 | INFO | 🔴 EXIT       | FICO            | $   1098.59 | Below 40W EMA
2026-05-16 02:39:33 | INFO | 🟡 WAIT       | FAST            | $     43.26 | EMAs converging, no breakout yet
2026-05-16 02:39:35 | INFO | 🟢 HOLD_ADD   | FRT             | $    113.16 | Above all weekly EMAs
2026-05-16 02:39:38 | INFO | 🟢 HOLD_ADD   | FDX             | $    375.78 | Above all weekly EMAs
2026-05-16 02:39:40 | INFO | 🔴 EXIT       | FIS             | $     41.80 | Below 40W EMA
2026-05-16 02:39:42 | INFO | 🟠 CAUTIOUS   | FITB            | $     47.35 | Below 20W EMA
2026-05-16 02:39:45 | INFO | 🟡 WAIT       | FSLR            | $    233.37 | EMAs converging, no breakout yet
2026-05-16 02:39:47 | INFO | 🟡 WAIT       | FE              | $     43.82 | EMAs converging, no breakout yet
2026-05-16 02:39:50 | INFO | 🔴 EXIT       | FISV            | $     55.33 | Below 40W EMA
2026-05-16 02:39:52 | INFO | 🟡 WAIT       | F               | $     13.40 | EMAs converging, no breakout yet
2026-05-16 02:39:54 | INFO | 🟢 HOLD_ADD   | FTNT            | $    122.78 | Above all weekly EMAs
2026-05-16 02:39:57 | INFO | 🟢 HOLD_ADD   | FTV             | $     58.72 | Above all weekly EMAs
2026-05-16 02:39:59 | INFO | 🟡 WAIT       | FOXA            | $     64.85 | EMAs converging, no breakout yet
2026-05-16 02:40:01 | INFO | 🟡 WAIT       | FOX             | $     57.87 | EMAs converging, no breakout yet
2026-05-16 02:40:04 | INFO | 🟢 HOLD_ADD   | BEN             | $     31.83 | Above all weekly EMAs
2026-05-16 02:40:06 | INFO | 🟢 HOLD_ADD   | FCX             | $     63.01 | Above all weekly EMAs
2026-05-16 02:40:08 | INFO | 🔴 EXIT       | GRMN            | $    225.75 | Below 40W EMA
2026-05-16 02:40:10 | INFO | 🔴 EXIT       | IT              | $    146.23 | Below 40W EMA
2026-05-16 02:40:13 | INFO | 🟡 WAIT       | GE              | $    281.53 | EMAs converging, no breakout yet
2026-05-16 02:40:15 | INFO | 🔴 EXIT       | GEHC            | $     60.76 | Below 40W EMA
2026-05-16 02:40:18 | INFO | 🟢 HOLD_ADD   | GEV             | $   1049.23 | Above all weekly EMAs
2026-05-16 02:40:20 | INFO | 🔴 EXIT       | GEN             | $     23.45 | Below 40W EMA
2026-05-16 02:40:22 | INFO | 🟢 HOLD_ADD   | GNRC            | $    263.68 | Above all weekly EMAs
2026-05-16 02:40:25 | INFO | 🟡 WAIT       | GD              | $    334.50 | EMAs converging, no breakout yet
2026-05-16 02:40:27 | INFO | 🔴 EXIT       | GIS             | $     32.99 | Below 40W EMA
2026-05-16 02:40:29 | INFO | 🟠 CAUTIOUS   | GM              | $     74.86 | Below 20W EMA
2026-05-16 02:40:32 | INFO | 🔴 EXIT       | GPC             | $     92.87 | Below 40W EMA
2026-05-16 02:40:34 | INFO | 🟠 CAUTIOUS   | GILD            | $    129.58 | Below 20W EMA
2026-05-16 02:40:36 | INFO | 🔴 EXIT       | GPN             | $     67.58 | Below 40W EMA
2026-05-16 02:40:39 | INFO | 🟢 HOLD_ADD   | GL              | $    155.04 | Above all weekly EMAs
2026-05-16 02:40:41 | INFO | 🔴 EXIT       | GDDY            | $     87.18 | Below 40W EMA
2026-05-16 02:40:43 | INFO | 🟢 HOLD_ADD   | GS              | $    948.47 | Above all weekly EMAs
2026-05-16 02:40:46 | INFO | 🟢 HOLD_ADD   | HAL             | $     41.76 | Above all weekly EMAs
2026-05-16 02:40:48 | INFO | 🟡 WAIT       | HIG             | $    133.92 | EMAs converging, no breakout yet
2026-05-16 02:40:51 | INFO | 🟢 HOLD_ADD   | HAS             | $     95.25 | Above all weekly EMAs
2026-05-16 02:40:53 | INFO | 🟡 WAIT       | HCA             | $    423.00 | EMAs converging, no breakout yet
2026-05-16 02:40:55 | INFO | ✅ BULLISH    | DOC             | $     19.36 | Resistance breakout with EMAs converging
2026-05-16 02:40:58 | INFO | 🟡 WAIT       | HSIC            | $     72.72 | EMAs converging, no breakout yet
2026-05-16 02:41:00 | INFO | 🟡 WAIT       | HSY             | $    186.98 | EMAs converging, no breakout yet
2026-05-16 02:41:02 | INFO | 🟢 HOLD_ADD   | HPE             | $     33.10 | Above all weekly EMAs
2026-05-16 02:41:05 | INFO | 🟢 HOLD_ADD   | HLT             | $    316.17 | Above all weekly EMAs
2026-05-16 02:41:07 | INFO | 🔴 EXIT       | HD              | $    297.51 | Below 40W EMA
2026-05-16 02:41:09 | INFO | 🟡 WAIT       | HON             | $    213.24 | EMAs converging, no breakout yet
2026-05-16 02:41:12 | INFO | 🔴 EXIT       | HRL             | $     19.74 | Below 40W EMA
2026-05-16 02:41:14 | INFO | 🟢 HOLD_ADD   | HST             | $     21.38 | Above all weekly EMAs
2026-05-16 02:41:16 | INFO | 🟢 HOLD_ADD   | HWM             | $    260.35 | Above all weekly EMAs
2026-05-16 02:41:19 | INFO | 🔴 EXIT       | HPQ             | $     20.81 | Below 40W EMA
2026-05-16 02:41:21 | INFO | 🟠 CAUTIOUS   | HUBB            | $    479.97 | Below 20W EMA
2026-05-16 02:41:24 | INFO | 🟢 HOLD_ADD   | HUM             | $    305.12 | Above all weekly EMAs
2026-05-16 02:41:26 | INFO | 🟡 WAIT       | HBAN            | $     15.41 | EMAs converging, no breakout yet
2026-05-16 02:41:28 | INFO | 🔴 EXIT       | HII             | $    326.17 | Below 40W EMA
2026-05-16 02:41:31 | INFO | 🔴 EXIT       | IBM             | $    219.30 | Below 40W EMA
2026-05-16 02:41:33 | INFO | 🟢 HOLD_ADD   | IEX             | $    207.69 | Above all weekly EMAs
2026-05-16 02:41:35 | INFO | 🔴 EXIT       | IDXX            | $    528.79 | Below 40W EMA
2026-05-16 02:41:37 | INFO | 🟡 WAIT       | ITW             | $    247.68 | EMAs converging, no breakout yet
2026-05-16 02:41:40 | INFO | 🟠 CAUTIOUS   | INCY            | $     95.31 | Below 20W EMA
2026-05-16 02:41:42 | INFO | 🔴 EXIT       | IR              | $     70.35 | Below 40W EMA
2026-05-16 02:41:44 | INFO | 🔴 EXIT       | PODD            | $    147.46 | Below 40W EMA
2026-05-16 02:41:47 | INFO | 🟢 HOLD_ADD   | INTC            | $    108.77 | Above all weekly EMAs
2026-05-16 02:41:49 | INFO | 🟢 HOLD_ADD   | IBKR            | $     87.00 | Above all weekly EMAs
2026-05-16 02:41:51 | INFO | 🟡 WAIT       | ICE             | $    154.36 | EMAs converging, no breakout yet
2026-05-16 02:41:54 | INFO | 🟡 WAIT       | IFF             | $     73.10 | EMAs converging, no breakout yet
2026-05-16 02:41:56 | INFO | 🔴 EXIT       | IP              | $     30.26 | Below 40W EMA
2026-05-16 02:41:58 | INFO | 🔴 EXIT       | INTU            | $    393.00 | Below 40W EMA
2026-05-16 02:42:01 | INFO | 🔴 EXIT       | ISRG            | $    421.12 | Below 40W EMA
2026-05-16 02:42:03 | INFO | 🟢 HOLD_ADD   | IVZ             | $     27.12 | Above all weekly EMAs
2026-05-16 02:42:05 | INFO | 🟡 WAIT       | INVH            | $     27.93 | EMAs converging, no breakout yet
2026-05-16 02:42:08 | INFO | 🔴 EXIT       | IQV             | $    169.12 | Below 40W EMA
2026-05-16 02:42:10 | INFO | 🟢 HOLD_ADD   | IRM             | $    125.07 | Above all weekly EMAs
2026-05-16 02:42:12 | INFO | 🟢 HOLD_ADD   | JBHT            | $    262.21 | Above all weekly EMAs
2026-05-16 02:42:15 | INFO | 🟢 HOLD_ADD   | JBL             | $    339.82 | Above all weekly EMAs
2026-05-16 02:42:17 | INFO | 🔴 EXIT       | JKHY            | $    136.87 | Below 40W EMA
2026-05-16 02:42:19 | INFO | 🔴 EXIT       | J               | $    110.51 | Below 40W EMA
2026-05-16 02:42:22 | INFO | 🟣 FADING     | JNJ             | $    226.71 | Below 10W EMA - momentum fading
2026-05-16 02:42:24 | INFO | 🟢 HOLD_ADD   | JCI             | $    143.08 | Above all weekly EMAs
2026-05-16 02:42:26 | INFO | 🟡 WAIT       | JPM             | $    297.81 | EMAs converging, no breakout yet
2026-05-16 02:42:29 | INFO | 🟡 WAIT       | KVUE            | $     17.11 | EMAs converging, no breakout yet
2026-05-16 02:42:31 | INFO | 🟡 WAIT       | KDP             | $     28.93 | EMAs converging, no breakout yet
2026-05-16 02:42:33 | INFO | 🟣 FADING     | KEY             | $     21.04 | Below 10W EMA - momentum fading
2026-05-16 02:42:35 | INFO | 🟢 HOLD_ADD   | KEYS            | $    349.01 | Above all weekly EMAs
2026-05-16 02:42:38 | INFO | 🔴 EXIT       | KMB             | $     95.91 | Below 40W EMA
2026-05-16 02:42:40 | INFO | 🟣 FADING     | KIM             | $     23.00 | Below 10W EMA - momentum fading
2026-05-16 02:42:42 | INFO | 🟢 HOLD_ADD   | KMI             | $     33.63 | Above all weekly EMAs
2026-05-16 02:42:45 | INFO | 🔴 EXIT       | KKR             | $     96.97 | Below 40W EMA
2026-05-16 02:42:47 | INFO | 🟢 HOLD_ADD   | KLAC            | $   1804.32 | Above all weekly EMAs
2026-05-16 02:42:49 | INFO | 🔴 EXIT       | KHC             | $     22.92 | Below 40W EMA
2026-05-16 02:42:52 | INFO | 🟡 WAIT       | KR              | $     66.02 | EMAs converging, no breakout yet
2026-05-16 02:42:54 | INFO | 🔴 EXIT       | LHX             | $    303.39 | Below 40W EMA
2026-05-16 02:42:57 | INFO | 🟡 WAIT       | LH              | $    250.40 | EMAs converging, no breakout yet
2026-05-16 02:42:59 | INFO | 🟢 HOLD_ADD   | LRCX            | $    284.72 | Above all weekly EMAs
2026-05-16 02:43:01 | INFO | 🟡 WAIT       | LVS             | $     51.16 | EMAs converging, no breakout yet
2026-05-16 02:43:04 | INFO | 🔴 EXIT       | LDOS            | $    123.69 | Below 40W EMA
2026-05-16 02:43:06 | INFO | 🔴 EXIT       | LEN             | $     82.30 | Below 40W EMA
2026-05-16 02:43:08 | INFO | 🟡 WAIT       | LII             | $    499.99 | EMAs converging, no breakout yet
2026-05-16 02:43:11 | INFO | 🟡 WAIT       | LLY             | $   1004.92 | EMAs converging, no breakout yet
2026-05-16 02:43:13 | INFO | 🟢 HOLD_ADD   | LIN             | $    506.11 | Above all weekly EMAs
2026-05-16 02:43:15 | INFO | 🟢 HOLD_ADD   | LYV             | $    168.87 | Above all weekly EMAs
2026-05-16 02:43:18 | INFO | 🔴 EXIT       | LMT             | $    516.01 | Below 40W EMA
2026-05-16 02:43:20 | INFO | 🟠 CAUTIOUS   | L               | $    105.80 | Below 20W EMA
2026-05-16 02:43:23 | INFO | 🔴 EXIT       | LOW             | $    218.42 | Broke support with EMAs converging
2026-05-16 02:43:25 | INFO | 🔴 EXIT       | LULU            | $    119.14 | Below 40W EMA
2026-05-16 02:43:27 | INFO | 🟢 HOLD_ADD   | LITE            | $    970.70 | Above all weekly EMAs
2026-05-16 02:43:30 | INFO | 🟢 HOLD_ADD   | LYB             | $     75.06 | Above all weekly EMAs
2026-05-16 02:43:32 | INFO | 🟠 CAUTIOUS   | MTB             | $    204.90 | Below 20W EMA
2026-05-16 02:43:34 | INFO | 🟢 HOLD_ADD   | MPC             | $    255.03 | Above all weekly EMAs
2026-05-16 02:43:37 | INFO | 🟢 HOLD_ADD   | MAR             | $    353.17 | Above all weekly EMAs
2026-05-16 02:43:39 | INFO | 🔴 EXIT       | MRSH            | $    161.05 | Below 40W EMA
2026-05-16 02:43:41 | INFO | 🟡 WAIT       | MLM             | $    558.66 | EMAs converging, no breakout yet
2026-05-16 02:43:44 | INFO | 🟡 WAIT       | MAS             | $     65.14 | EMAs converging, no breakout yet
2026-05-16 02:43:46 | INFO | 🔴 EXIT       | MA              | $    494.20 | Below 40W EMA
2026-05-16 02:43:48 | INFO | 🔴 EXIT       | MKC             | $     46.35 | Below 40W EMA
2026-05-16 02:43:51 | INFO | 🔴 EXIT       | MCD             | $    276.39 | Broke support with EMAs converging
2026-05-16 02:43:53 | INFO | 🔴 EXIT       | MCK             | $    760.57 | Broke support with EMAs converging
2026-05-16 02:43:56 | INFO | 🔴 EXIT       | MDT             | $     76.15 | Below 40W EMA
2026-05-16 02:43:58 | INFO | 🟠 CAUTIOUS   | MRK             | $    111.38 | Below 20W EMA
2026-05-16 02:44:00 | INFO | 🟡 WAIT       | META            | $    614.23 | EMAs converging, no breakout yet
2026-05-16 02:44:03 | INFO | 🟡 WAIT       | MET             | $     79.78 | EMAs converging, no breakout yet
2026-05-16 02:44:05 | INFO | 🔴 EXIT       | MTD             | $   1031.64 | Below 40W EMA
2026-05-16 02:44:07 | INFO | 🟣 FADING     | MGM             | $     36.97 | Below 10W EMA - momentum fading
2026-05-16 02:44:10 | INFO | 🟢 HOLD_ADD   | MCHP            | $     93.85 | Above all weekly EMAs
2026-05-16 02:44:12 | INFO | 🟢 HOLD_ADD   | MU              | $    724.66 | Above all weekly EMAs
2026-05-16 02:44:14 | INFO | 🔴 EXIT       | MSFT            | $    421.92 | Below 40W EMA
2026-05-16 02:44:17 | INFO | 🔴 EXIT       | MAA             | $    125.71 | Below 40W EMA
2026-05-16 02:44:19 | INFO | 🟣 FADING     | MRNA            | $     49.04 | Below 10W EMA - momentum fading
2026-05-16 02:44:21 | INFO | 🔴 EXIT       | TAP             | $     40.84 | Below 40W EMA
2026-05-16 02:44:24 | INFO | 🟡 WAIT       | MDLZ            | $     60.44 | EMAs converging, no breakout yet
2026-05-16 02:44:26 | INFO | 🟢 HOLD_ADD   | MPWR            | $   1550.02 | Above all weekly EMAs
2026-05-16 02:44:28 | INFO | 🟢 HOLD_ADD   | MNST            | $     87.09 | Above all weekly EMAs
2026-05-16 02:44:31 | INFO | 🔴 EXIT       | MCO             | $    428.90 | Below 40W EMA
2026-05-16 02:44:33 | INFO | 🟢 HOLD_ADD   | MS              | $    192.51 | Above all weekly EMAs
2026-05-16 02:44:36 | INFO | 🔴 EXIT       | MOS             | $     21.76 | Below 40W EMA
2026-05-16 02:44:38 | INFO | 🟡 WAIT       | MSI             | $    393.28 | EMAs converging, no breakout yet
2026-05-16 02:44:40 | INFO | 🟡 WAIT       | MSCI            | $    561.72 | EMAs converging, no breakout yet
2026-05-16 02:44:42 | INFO | 🟡 WAIT       | NDAQ            | $     91.06 | EMAs converging, no breakout yet
2026-05-16 02:44:45 | INFO | ✅ BULLISH    | NTAP            | $    119.93 | Resistance breakout with EMAs converging
2026-05-16 02:44:47 | INFO | 🔴 EXIT       | NFLX            | $     87.02 | Below 40W EMA
2026-05-16 02:44:50 | INFO | 🟠 CAUTIOUS   | NEM             | $    109.06 | Below 20W EMA
2026-05-16 02:44:52 | INFO | 🟡 WAIT       | NWSA            | $     25.92 | EMAs converging, no breakout yet
2026-05-16 02:44:54 | INFO | 🟡 WAIT       | NWS             | $     29.74 | EMAs converging, no breakout yet
2026-05-16 02:44:57 | INFO | 🟢 HOLD_ADD   | NEE             | $     93.36 | Above all weekly EMAs
2026-05-16 02:44:59 | INFO | 🔴 EXIT       | NKE             | $     41.88 | Below 40W EMA
2026-05-16 02:45:01 | INFO | 🟣 FADING     | NI              | $     46.30 | Below 10W EMA - momentum fading
2026-05-16 02:45:04 | INFO | 🟣 FADING     | NDSN            | $    274.88 | Below 10W EMA - momentum fading
2026-05-16 02:45:06 | INFO | 🟢 HOLD_ADD   | NSC             | $    315.95 | Above all weekly EMAs
2026-05-16 02:45:08 | INFO | 🟢 HOLD_ADD   | NTRS            | $    163.86 | Above all weekly EMAs
2026-05-16 02:45:11 | INFO | 🟡 WAIT       | NOC             | $    540.69 | EMAs converging, no breakout yet
2026-05-16 02:45:13 | INFO | 🔴 EXIT       | NCLH            | $     15.52 | Below 40W EMA
2026-05-16 02:45:15 | INFO | 🔴 EXIT       | NRG             | $    127.81 | Broke support with EMAs converging
2026-05-16 02:45:18 | INFO | 🟢 HOLD_ADD   | NUE             | $    227.02 | Above all weekly EMAs
2026-05-16 02:45:20 | INFO | 🟢 HOLD_ADD   | NVDA            | $    225.32 | Above all weekly EMAs
2026-05-16 02:45:23 | INFO | 🔴 EXIT       | NVR             | $   5563.62 | Below 40W EMA
2026-05-16 02:45:25 | INFO | 🟢 HOLD_ADD   | NXPI            | $    291.50 | Above all weekly EMAs
2026-05-16 02:45:27 | INFO | 🟡 WAIT       | ORLY            | $     88.49 | EMAs converging, no breakout yet
2026-05-16 02:45:29 | INFO | 🟢 HOLD_ADD   | OXY             | $     59.62 | Above all weekly EMAs
2026-05-16 02:45:32 | INFO | 🟢 HOLD_ADD   | ODFL            | $    203.12 | Above all weekly EMAs
2026-05-16 02:45:34 | INFO | 🟡 WAIT       | OMC             | $     70.83 | EMAs converging, no breakout yet
2026-05-16 02:45:36 | INFO | 🟢 HOLD_ADD   | ON              | $    113.11 | Above all weekly EMAs
2026-05-16 02:45:39 | INFO | 🟢 HOLD_ADD   | OKE             | $     92.32 | Above all weekly EMAs
2026-05-16 02:45:41 | INFO | 🟢 HOLD_ADD   | ORCL            | $    192.95 | Above all weekly EMAs
2026-05-16 02:45:43 | INFO | 🔴 EXIT       | OTIS            | $     71.01 | Below 40W EMA
2026-05-16 02:45:46 | INFO | 🔴 EXIT       | PCAR            | $    110.32 | Below 40W EMA
2026-05-16 02:45:48 | INFO | 🟡 WAIT       | PKG             | $    212.08 | EMAs converging, no breakout yet
2026-05-16 02:45:50 | INFO | 🔴 EXIT       | PLTR            | $    133.99 | Below 40W EMA
2026-05-16 02:45:53 | INFO | 🟢 HOLD_ADD   | PANW            | $    242.83 | Above all weekly EMAs
2026-05-16 02:45:55 | INFO | 🔴 EXIT       | PSKY            | $      9.89 | Below 40W EMA
2026-05-16 02:45:57 | INFO | 🔴 EXIT       | PH              | $    862.72 | Below 40W EMA
2026-05-16 02:46:00 | INFO | 🔴 EXIT       | PAYX            | $     91.54 | Below 40W EMA
2026-05-16 02:46:02 | INFO | 🔴 EXIT       | PYPL            | $     44.41 | Below 40W EMA
2026-05-16 02:46:04 | INFO | 🔴 EXIT       | PNR             | $     72.68 | Below 40W EMA
2026-05-16 02:46:07 | INFO | 🟡 WAIT       | PEP             | $    149.12 | EMAs converging, no breakout yet
2026-05-16 02:46:09 | INFO | 🟠 CAUTIOUS   | PFE             | $     25.33 | Below 20W EMA
2026-05-16 02:46:12 | INFO | 🟡 WAIT       | PCG             | $     16.13 | EMAs converging, no breakout yet
2026-05-16 02:46:14 | INFO | 🟢 HOLD_ADD   | PM              | $    189.61 | Above all weekly EMAs
2026-05-16 02:46:16 | INFO | 🟢 HOLD_ADD   | PSX             | $    176.20 | Above all weekly EMAs
2026-05-16 02:46:19 | INFO | 🟣 FADING     | PNW             | $     98.40 | Below 10W EMA - momentum fading
2026-05-16 02:46:21 | INFO | 🟣 FADING     | PNC             | $    212.84 | Below 10W EMA - momentum fading
2026-05-16 02:46:23 | INFO | 🔴 EXIT       | POOL            | $    175.35 | Below 40W EMA
2026-05-16 02:46:26 | INFO | 🟡 WAIT       | PPG             | $    102.64 | EMAs converging, no breakout yet
2026-05-16 02:46:28 | INFO | 🟡 WAIT       | PPL             | $     34.88 | EMAs converging, no breakout yet
2026-05-16 02:46:30 | INFO | 🟢 HOLD_ADD   | PFG             | $    100.53 | Above all weekly EMAs
2026-05-16 02:46:33 | INFO | 🟡 WAIT       | PG              | $    141.57 | EMAs converging, no breakout yet
2026-05-16 02:46:35 | INFO | 🔴 EXIT       | PGR             | $    199.73 | Below 40W EMA
2026-05-16 02:46:38 | INFO | 🟢 HOLD_ADD   | PLD             | $    140.53 | Above all weekly EMAs
2026-05-16 02:46:40 | INFO | 🟡 WAIT       | PRU             | $    101.93 | EMAs converging, no breakout yet
2026-05-16 02:46:42 | INFO | 🔴 EXIT       | PEG             | $     76.44 | Broke support with EMAs converging
2026-05-16 02:46:45 | INFO | 🔴 EXIT       | PTC             | $    141.91 | Below 40W EMA
2026-05-16 02:46:47 | INFO | 🟣 FADING     | PSA             | $    292.47 | Below 10W EMA - momentum fading
2026-05-16 02:46:49 | INFO | 🔴 EXIT       | PHM             | $    110.11 | Broke support with EMAs converging
2026-05-16 02:46:52 | INFO | 🟢 HOLD_ADD   | PWR             | $    769.99 | Above all weekly EMAs
2026-05-16 02:46:54 | INFO | 🟢 HOLD_ADD   | QCOM            | $    201.49 | Above all weekly EMAs
2026-05-16 02:46:56 | INFO | 🟠 CAUTIOUS   | DGX             | $    186.61 | Below 20W EMA
2026-05-16 02:46:59 | WARNING | Q: Insufficient data for analysis
2026-05-16 02:47:01 | INFO | 🔴 EXIT       | RL              | $    326.81 | Below 40W EMA
2026-05-16 02:47:03 | INFO | 🟡 WAIT       | RJF             | $    154.11 | EMAs converging, no breakout yet
2026-05-16 02:47:06 | INFO | 🔴 EXIT       | RTX             | $    171.18 | Below 40W EMA
2026-05-16 02:47:08 | INFO | 🟠 CAUTIOUS   | O               | $     61.12 | Below 20W EMA
2026-05-16 02:47:11 | INFO | 🟣 FADING     | REG             | $     76.06 | Below 10W EMA - momentum fading
2026-05-16 02:47:13 | INFO | 🟡 WAIT       | REGN            | $    698.25 | EMAs converging, no breakout yet
2026-05-16 02:47:15 | INFO | 🟠 CAUTIOUS   | RF              | $     26.66 | Below 20W EMA
2026-05-16 02:47:18 | INFO | 🟡 WAIT       | RSG             | $    208.32 | EMAs converging, no breakout yet
2026-05-16 02:47:20 | INFO | 🔴 EXIT       | RMD             | $    201.88 | Below 40W EMA
2026-05-16 02:47:22 | INFO | 🔴 EXIT       | RVTY            | $     93.97 | Below 40W EMA
2026-05-16 02:47:25 | INFO | 🔴 EXIT       | HOOD            | $     77.14 | Below 40W EMA
2026-05-16 02:47:27 | INFO | 🟢 HOLD_ADD   | ROK             | $    448.74 | Above all weekly EMAs
2026-05-16 02:47:29 | INFO | 🟡 WAIT       | ROL             | $     53.42 | EMAs converging, no breakout yet
2026-05-16 02:47:32 | INFO | 🔴 EXIT       | ROP             | $    320.90 | Below 40W EMA
2026-05-16 02:47:34 | INFO | 🟣 FADING     | ROST            | $    212.75 | Below 10W EMA - momentum fading
2026-05-16 02:47:36 | INFO | 🟡 WAIT       | RCL             | $    260.29 | EMAs converging, no breakout yet
2026-05-16 02:47:39 | INFO | 🔴 EXIT       | SPGI            | $    403.15 | Below 40W EMA
2026-05-16 02:47:41 | INFO | 🔴 EXIT       | CRM             | $    173.51 | Below 40W EMA
2026-05-16 02:47:43 | INFO | 🟢 HOLD_ADD   | SNDK            | $   1407.61 | Above all weekly EMAs
2026-05-16 02:47:45 | INFO | 🟡 WAIT       | SBAC            | $    199.62 | EMAs converging, no breakout yet
2026-05-16 02:47:48 | INFO | 🟢 HOLD_ADD   | SLB             | $     55.38 | Above all weekly EMAs
2026-05-16 02:47:50 | INFO | 🟢 HOLD_ADD   | STX             | $    795.47 | Above all weekly EMAs
2026-05-16 02:47:52 | INFO | 🟠 CAUTIOUS   | SRE             | $     90.43 | Below 20W EMA
2026-05-16 02:47:55 | INFO | 🔴 EXIT       | NOW             | $     95.07 | Below 40W EMA
2026-05-16 02:47:57 | INFO | 🔴 EXIT       | SHW             | $    300.10 | Below 40W EMA
2026-05-16 02:48:00 | INFO | 🟢 HOLD_ADD   | SPG             | $    200.02 | Above all weekly EMAs
2026-05-16 02:48:02 | INFO | 🟢 HOLD_ADD   | SWKS            | $     68.53 | Above all weekly EMAs
2026-05-16 02:48:04 | INFO | 🔴 EXIT       | SJM             | $    100.54 | Below 40W EMA
2026-05-16 02:48:07 | INFO | 🟡 WAIT       | SW              | $     37.48 | EMAs converging, no breakout yet
2026-05-16 02:48:09 | INFO | 🟠 CAUTIOUS   | SNA             | $    359.65 | Below 20W EMA
2026-05-16 02:48:11 | INFO | 🟢 HOLD_ADD   | SOLV            | $     74.26 | Above all weekly EMAs
2026-05-16 02:48:14 | INFO | 🟡 WAIT       | SO              | $     92.55 | EMAs converging, no breakout yet
2026-05-16 02:48:16 | INFO | 🔴 EXIT       | LUV             | $     38.50 | Below 40W EMA
2026-05-16 02:48:18 | INFO | 🟡 WAIT       | SWK             | $     75.14 | EMAs converging, no breakout yet
2026-05-16 02:48:21 | INFO | 🟢 HOLD_ADD   | SBUX            | $    106.82 | Above all weekly EMAs
2026-05-16 02:48:23 | INFO | 🟢 HOLD_ADD   | STT             | $    152.85 | Above all weekly EMAs
2026-05-16 02:48:25 | INFO | 🟢 HOLD_ADD   | STLD            | $    229.34 | Above all weekly EMAs
2026-05-16 02:48:28 | INFO | 🔴 EXIT       | STE             | $    212.11 | Below 40W EMA
2026-05-16 02:48:30 | INFO | 🔴 EXIT       | SYK             | $    306.76 | Below 40W EMA
2026-05-16 02:48:32 | INFO | 🔴 EXIT       | SMCI            | $     31.04 | Below 40W EMA
2026-05-16 02:48:35 | INFO | 🟡 WAIT       | SYF             | $     71.38 | EMAs converging, no breakout yet
2026-05-16 02:48:37 | INFO | 🟡 WAIT       | SNPS            | $    502.42 | EMAs converging, no breakout yet
2026-05-16 02:48:39 | INFO | 🟡 WAIT       | SYY             | $     72.57 | EMAs converging, no breakout yet
2026-05-16 02:48:41 | INFO | 🔴 EXIT       | TMUS            | $    185.22 | Below 40W EMA
2026-05-16 02:48:44 | INFO | 🟡 WAIT       | TROW            | $    102.01 | EMAs converging, no breakout yet
2026-05-16 02:48:46 | INFO | 🟡 WAIT       | TTWO            | $    242.44 | EMAs converging, no breakout yet
2026-05-16 02:48:48 | INFO | 🟠 CAUTIOUS   | TPR             | $    129.32 | Below 20W EMA
2026-05-16 02:48:51 | INFO | 🟢 HOLD_ADD   | TRGP            | $    271.99 | Above all weekly EMAs
2026-05-16 02:48:53 | INFO | 🟢 HOLD_ADD   | TGT             | $    121.54 | Above all weekly EMAs
2026-05-16 02:48:55 | INFO | 🟡 WAIT       | TEL             | $    205.11 | EMAs converging, no breakout yet
2026-05-16 02:48:58 | INFO | 🟣 FADING     | TDY             | $    616.58 | Below 10W EMA - momentum fading
2026-05-16 02:49:00 | INFO | 🟣 FADING     | TER             | $    337.88 | Below 10W EMA - momentum fading
2026-05-16 02:49:02 | INFO | 🟡 WAIT       | TSLA            | $    422.24 | EMAs converging, no breakout yet
2026-05-16 02:49:05 | INFO | 🟢 HOLD_ADD   | TXN             | $    302.73 | Above all weekly EMAs
2026-05-16 02:49:07 | INFO | 🔴 EXIT       | TPL             | $    385.17 | Below 40W EMA
2026-05-16 02:49:09 | INFO | 🟠 CAUTIOUS   | TXT             | $     88.77 | Below 20W EMA
2026-05-16 02:49:12 | INFO | 🔴 EXIT       | TMO             | $    438.34 | Below 40W EMA
2026-05-16 02:49:14 | INFO | 🔴 EXIT       | TJX             | $    147.43 | Below 40W EMA
2026-05-16 02:49:16 | INFO | 🟡 WAIT       | TKO             | $    190.07 | EMAs converging, no breakout yet
2026-05-16 02:49:19 | INFO | 🔴 EXIT       | TTD             | $     21.15 | Below 40W EMA
2026-05-16 02:49:21 | INFO | 🔴 EXIT       | TSCO            | $     30.57 | Below 40W EMA
2026-05-16 02:49:23 | INFO | 🟢 HOLD_ADD   | TT              | $    466.60 | Above all weekly EMAs
2026-05-16 02:49:26 | INFO | 🔴 EXIT       | TDG             | $   1148.97 | Below 40W EMA
2026-05-16 02:49:28 | INFO | 🟢 HOLD_ADD   | TRV             | $    299.76 | Above all weekly EMAs
2026-05-16 02:49:30 | INFO | 🔴 EXIT       | TRMB            | $     55.13 | Below 40W EMA
2026-05-16 02:49:33 | INFO | 🟠 CAUTIOUS   | TFC             | $     46.96 | Below 20W EMA
2026-05-16 02:49:35 | INFO | 🔴 EXIT       | TYL             | $    311.89 | Below 40W EMA
2026-05-16 02:49:37 | INFO | 🟢 HOLD_ADD   | TSN             | $     65.79 | Above all weekly EMAs
2026-05-16 02:49:40 | INFO | 🟠 CAUTIOUS   | USB             | $     53.12 | Below 20W EMA
2026-05-16 02:49:42 | INFO | 🔴 EXIT       | UBER            | $     75.09 | Below 40W EMA
2026-05-16 02:49:44 | INFO | 🟡 WAIT       | UDR             | $     36.92 | EMAs converging, no breakout yet
2026-05-16 02:49:47 | INFO | 🔴 EXIT       | ULTA            | $    494.28 | Below 40W EMA
2026-05-16 02:49:49 | INFO | 🟢 HOLD_ADD   | UNP             | $    270.56 | Above all weekly EMAs
2026-05-16 02:49:51 | INFO | 🟡 WAIT       | UAL             | $     92.85 | EMAs converging, no breakout yet
2026-05-16 02:49:54 | INFO | 🟡 WAIT       | UPS             | $     98.93 | EMAs converging, no breakout yet
2026-05-16 02:49:56 | INFO | 🟢 HOLD_ADD   | URI             | $    961.15 | Above all weekly EMAs
2026-05-16 02:49:58 | INFO | 🟢 HOLD_ADD   | UNH             | $    393.85 | Above all weekly EMAs
2026-05-16 02:50:01 | INFO | 🔴 EXIT       | UHS             | $    168.64 | Below 40W EMA
2026-05-16 02:50:03 | INFO | 🟢 HOLD_ADD   | VLO             | $    250.74 | Above all weekly EMAs
2026-05-16 02:50:05 | INFO | 🔴 EXIT       | VEEV            | $    158.86 | Below 40W EMA
2026-05-16 02:50:08 | INFO | 🟢 HOLD_ADD   | VTR             | $     87.45 | Above all weekly EMAs
2026-05-16 02:50:10 | INFO | 🔴 EXIT       | VLTO            | $     84.83 | Below 40W EMA
2026-05-16 02:50:12 | INFO | 🟢 HOLD_ADD   | VRSN            | $    297.57 | Above all weekly EMAs
2026-05-16 02:50:14 | INFO | 🔴 EXIT       | VRSK            | $    162.55 | Below 40W EMA
2026-05-16 02:50:17 | INFO | 🟣 FADING     | VZ              | $     46.37 | Below 10W EMA - momentum fading
2026-05-16 02:50:19 | INFO | 🟡 WAIT       | VRTX            | $    436.95 | EMAs converging, no breakout yet
2026-05-16 02:50:21 | INFO | 🟢 HOLD_ADD   | VRT             | $    370.94 | Above all weekly EMAs
2026-05-16 02:50:24 | INFO | 🟢 HOLD_ADD   | VTRS            | $     16.48 | Above all weekly EMAs
2026-05-16 02:50:26 | INFO | 🟡 WAIT       | VICI            | $     27.90 | EMAs converging, no breakout yet
2026-05-16 02:50:28 | INFO | 🟡 WAIT       | V               | $    325.75 | EMAs converging, no breakout yet
2026-05-16 02:50:31 | INFO | 🔴 EXIT       | VST             | $    139.68 | Below 40W EMA
2026-05-16 02:50:33 | INFO | 🟡 WAIT       | VMC             | $    267.83 | EMAs converging, no breakout yet
2026-05-16 02:50:35 | INFO | 🟡 WAIT       | WRB             | $     66.45 | EMAs converging, no breakout yet
2026-05-16 02:50:38 | INFO | 🟢 HOLD_ADD   | GWW             | $   1272.47 | Above all weekly EMAs
2026-05-16 02:50:40 | INFO | 🟢 HOLD_ADD   | WAB             | $    263.90 | Above all weekly EMAs
2026-05-16 02:50:42 | INFO | 🟢 HOLD_ADD   | WMT             | $    131.45 | Above all weekly EMAs
2026-05-16 02:50:45 | INFO | 🟡 WAIT       | DIS             | $    102.72 | EMAs converging, no breakout yet
2026-05-16 02:50:47 | INFO | 🟣 FADING     | WBD             | $     26.98 | Below 10W EMA - momentum fading
2026-05-16 02:50:50 | INFO | 🟡 WAIT       | WM              | $    219.82 | EMAs converging, no breakout yet
2026-05-16 02:50:52 | INFO | 🔴 EXIT       | WAT             | $    329.22 | Below 40W EMA
2026-05-16 02:50:54 | INFO | 🔴 EXIT       | WEC             | $    109.16 | Below 40W EMA
2026-05-16 02:50:57 | INFO | 🔴 EXIT       | WFC             | $     73.42 | Broke support with EMAs converging
2026-05-16 02:50:59 | INFO | 🟢 HOLD_ADD   | WELL            | $    213.74 | Above all weekly EMAs
2026-05-16 02:51:01 | INFO | 🟢 HOLD_ADD   | WST             | $    302.89 | Above all weekly EMAs
2026-05-16 02:51:04 | INFO | 🟢 HOLD_ADD   | WDC             | $    482.02 | Above all weekly EMAs
2026-05-16 02:51:06 | INFO | 🟡 WAIT       | WY              | $     22.68 | EMAs converging, no breakout yet
2026-05-16 02:51:08 | INFO | 🔴 EXIT       | WSM             | $    168.64 | Broke support with EMAs converging
2026-05-16 02:51:11 | INFO | 🟢 HOLD_ADD   | WMB             | $     77.72 | Above all weekly EMAs
2026-05-16 02:51:13 | INFO | 🔴 EXIT       | WTW             | $    248.38 | Below 40W EMA
2026-05-16 02:51:15 | INFO | 🔴 EXIT       | WDAY            | $    125.01 | Below 40W EMA
2026-05-16 02:51:18 | INFO | 🔴 EXIT       | WYNN            | $     95.42 | Below 40W EMA
2026-05-16 02:51:20 | INFO | 🟠 CAUTIOUS   | XEL             | $     77.92 | Below 20W EMA
2026-05-16 02:51:22 | INFO | 🔴 EXIT       | XYL             | $    108.12 | Below 40W EMA
2026-05-16 02:51:25 | INFO | 🟡 WAIT       | YUM             | $    149.97 | EMAs converging, no breakout yet
2026-05-16 02:51:27 | INFO | 🟢 HOLD_ADD   | ZBRA            | $    259.35 | Above all weekly EMAs
2026-05-16 02:51:29 | INFO | 🔴 EXIT       | ZBH             | $     83.70 | Below 40W EMA
2026-05-16 02:51:32 | INFO | 🔴 EXIT       | ZTS             | $     74.22 | Below 40W EMA
2026-05-16 02:51:32 | INFO | ==================================================
2026-05-16 02:51:32 | INFO | SCAN COMPLETE
2026-05-16 02:51:32 | INFO | Total: 502 | Errors: 1
2026-05-16 02:51:32 | INFO | EXIT: 171
2026-05-16 02:51:32 | INFO | BULLISH: 3
2026-05-16 02:51:32 | INFO | WAIT: 119
2026-05-16 02:51:32 | INFO | CAUTIOUS: 31
2026-05-16 02:51:32 | INFO | FADING: 28
2026-05-16 02:51:32 | INFO | HOLD_ADD: 150
2026-05-16 02:51:32 | INFO | 
Checking for previous log to generate Actionable Report...
2026-05-16 02:51:32 | INFO | Comparing current run against previous run: 2026-05-09_USA.log
2026-05-16 02:51:32 | INFO | Action report generated at: /home/runner/work/ema-tracker/ema-tracker/actions/2026-05-16_USA-ACTIONS.csv
