2026-02-10 22:31:14 | INFO | 🟡 WAIT       | RELIANCE        | ₹   1461.60 | EMAs converging, no breakout yet
2026-02-10 22:31:16 | INFO | 🟡 WAIT       | TCS             | ₹   2948.20 | EMAs converging, no breakout yet
2026-02-10 22:31:19 | INFO | 🟡 WAIT       | HDFCBANK        | ₹    937.25 | EMAs converging, no breakout yet
2026-02-10 22:31:21 | INFO | 🟡 WAIT       | INFY            | ₹   1497.20 | EMAs converging, no breakout yet
2026-02-10 22:31:23 | INFO | 🟡 WAIT       | ICICIBANK       | ₹   1396.30 | EMAs converging, no breakout yet
2026-02-10 22:31:25 | INFO | 🟡 WAIT       | HINDUNILVR      | ₹   2435.00 | EMAs converging, no breakout yet
2026-02-10 22:31:27 | INFO | 🟢 HOLD_ADD   | BHARTIARTL      | ₹   2038.20 | Above all weekly EMAs
2026-02-10 22:31:29 | INFO | 🟢 HOLD_ADD   | SBIN            | ₹   1146.00 | Above all weekly EMAs
2026-02-10 22:31:32 | INFO | 🟡 WAIT       | BAJFINANCE      | ₹    983.15 | EMAs converging, no breakout yet
2026-02-10 22:31:34 | INFO | 🟡 WAIT       | KOTAKBANK       | ₹    428.80 | EMAs converging, no breakout yet
2026-02-10 22:31:36 | INFO | 🔴 EXIT       | ITC             | ₹    322.80 | Below 40W EMA
2026-02-10 22:31:38 | INFO | 🟢 HOLD_ADD   | LT              | ₹   4113.60 | Above all weekly EMAs
2026-02-10 22:31:41 | INFO | 🟢 HOLD_ADD   | AXISBANK        | ₹   1341.40 | Above all weekly EMAs
2026-02-10 22:31:43 | INFO | 🟠 CAUTIOUS   | HCLTECH         | ₹   1602.00 | Below 20W EMA
2026-02-10 22:31:45 | INFO | 🟡 WAIT       | ASIANPAINT      | ₹   2417.40 | EMAs converging, no breakout yet
2026-02-10 22:31:48 | INFO | 🟠 CAUTIOUS   | MARUTI          | ₹  14978.00 | Below 20W EMA
2026-02-10 22:31:50 | INFO | 🟡 WAIT       | SUNPHARMA       | ₹   1704.60 | EMAs converging, no breakout yet
2026-02-10 22:31:52 | INFO | 🟢 HOLD_ADD   | TITAN           | ₹   4257.80 | Above all weekly EMAs
2026-02-10 22:31:55 | INFO | 🟡 WAIT       | ULTRACEMCO      | ₹  13048.00 | EMAs converging, no breakout yet
2026-02-10 22:31:57 | INFO | 🟢 HOLD_ADD   | ONGC            | ₹    266.60 | Above all weekly EMAs
2026-02-10 22:32:00 | INFO | 🟢 BULLISH    | NTPC            | ₹    361.90 | Resistance breakout with EMAs converging
2026-02-10 22:32:02 | INFO | 🟡 WAIT       | BAJAJFINSV      | ₹   2024.60 | EMAs converging, no breakout yet
2026-02-10 22:32:04 | INFO | 🟡 WAIT       | WIPRO           | ₹    230.08 | EMAs converging, no breakout yet
2026-02-10 22:32:07 | INFO | 🟡 WAIT       | POWERGRID       | ₹    286.53 | EMAs converging, no breakout yet
2026-02-10 22:32:09 | INFO | 🟢 HOLD_ADD   | M&M             | ₹   3609.60 | Above all weekly EMAs
2026-02-10 22:32:10 | ERROR | HTTP Error 404: {"quoteSummary":{"result":null,"error":{"code":"Not Found","description":"Quote not found for symbol: TATAMOTORS.NS"}}}
2026-02-10 22:32:11 | ERROR | $TATAMOTORS.NS: possibly delisted; no timezone found
2026-02-10 22:32:13 | WARNING | No data returned for TATAMOTORS
2026-02-10 22:32:15 | INFO | 🟢 HOLD_ADD   | NESTLEIND       | ₹   1295.60 | Above all weekly EMAs
2026-02-10 22:32:17 | INFO | 🟢 HOLD_ADD   | JSWSTEEL        | ₹   1245.00 | Above all weekly EMAs
2026-02-10 22:32:20 | INFO | 🟢 HOLD_ADD   | COALINDIA       | ₹    431.70 | Above all weekly EMAs
2026-02-10 22:32:22 | INFO | 🟢 HOLD_ADD   | TATASTEEL       | ₹    202.00 | Above all weekly EMAs
2026-02-10 22:32:24 | INFO | 🔴 EXIT       | ADANIENT        | ₹   2250.10 | Below 40W EMA
2026-02-10 22:32:27 | INFO | 🟢 HOLD_ADD   | ADANIPORTS      | ₹   1561.70 | Above all weekly EMAs
2026-02-10 22:32:29 | INFO | 🟢 HOLD_ADD   | TECHM           | ₹   1621.70 | Above all weekly EMAs
2026-02-10 22:32:31 | INFO | 🟡 WAIT       | HDFCLIFE        | ₹    707.90 | EMAs converging, no breakout yet
2026-02-10 22:32:34 | INFO | 🟡 WAIT       | DRREDDY         | ₹   1275.50 | EMAs converging, no breakout yet
2026-02-10 22:32:36 | INFO | 🟢 HOLD_ADD   | SBILIFE         | ₹   2024.00 | Above all weekly EMAs
2026-02-10 22:32:38 | INFO | 🟡 WAIT       | GRASIM          | ₹   2926.30 | EMAs converging, no breakout yet
2026-02-10 22:32:41 | INFO | 🟡 WAIT       | DIVISLAB        | ₹   6113.50 | EMAs converging, no breakout yet
2026-02-10 22:32:43 | INFO | 🟡 WAIT       | BRITANNIA       | ₹   5843.00 | EMAs converging, no breakout yet
2026-02-10 22:32:45 | INFO | 🔴 EXIT       | CIPLA           | ₹   1342.50 | Below 40W EMA
2026-02-10 22:32:48 | INFO | 🟡 WAIT       | APOLLOHOSP      | ₹   7211.00 | EMAs converging, no breakout yet
2026-02-10 22:32:50 | INFO | 🟢 HOLD_ADD   | EICHERMOT       | ₹   7195.50 | Above all weekly EMAs
2026-02-10 22:32:52 | INFO | 🟢 HOLD_ADD   | BAJAJ-AUTO      | ₹   9590.00 | Above all weekly EMAs
2026-02-10 22:32:55 | INFO | 🟢 HOLD_ADD   | INDUSINDBK      | ₹    927.90 | Above all weekly EMAs
2026-02-10 22:32:57 | INFO | 🟢 HOLD_ADD   | HINDALCO        | ₹    964.25 | Above all weekly EMAs
2026-02-10 22:32:59 | INFO | 🟡 WAIT       | TATACONSUM      | ₹   1167.20 | EMAs converging, no breakout yet
2026-02-10 22:33:02 | INFO | 🟢 HOLD_ADD   | BPCL            | ₹    388.30 | Above all weekly EMAs
2026-02-10 22:33:04 | INFO | 🟢 HOLD_ADD   | HEROMOTOCO      | ₹   5756.50 | Above all weekly EMAs
2026-02-10 22:33:07 | INFO | 🔴 EXIT       | SHREECEM        | ₹  27145.00 | Below 40W EMA
2026-02-10 22:33:09 | INFO | 🟢 HOLD_ADD   | VEDL            | ₹    679.75 | Above all weekly EMAs
2026-02-10 22:33:12 | INFO | 🟡 WAIT       | DABUR           | ₹    514.40 | EMAs converging, no breakout yet
2026-02-10 22:33:14 | INFO | 🟡 WAIT       | GODREJCP        | ₹   1197.70 | EMAs converging, no breakout yet
2026-02-10 22:33:16 | INFO | 🔴 EXIT       | HAVELLS         | ₹   1371.90 | Below 40W EMA
2026-02-10 22:33:19 | INFO | 🟡 WAIT       | PIDILITIND      | ₹   1488.20 | EMAs converging, no breakout yet
2026-02-10 22:33:21 | INFO | 🟡 WAIT       | SIEMENS         | ₹   3109.00 | EMAs converging, no breakout yet
2026-02-10 22:33:24 | INFO | 🟡 WAIT       | BIOCON          | ₹    373.95 | EMAs converging, no breakout yet
2026-02-10 22:33:26 | INFO | 🔴 EXIT       | BERGEPAINT      | ₹    467.15 | Below 40W EMA
2026-02-10 22:33:28 | INFO | 🟡 WAIT       | AMBUJACEM       | ₹    542.45 | EMAs converging, no breakout yet
2026-02-10 22:33:31 | INFO | 🟢 HOLD_ADD   | MARICO          | ₹    754.85 | Above all weekly EMAs
2026-02-10 22:33:33 | INFO | 🔴 EXIT       | SBICARD         | ₹    765.55 | Below 40W EMA
2026-02-10 22:33:35 | INFO | 🟡 WAIT       | ICICIPRULI      | ₹    648.30 | EMAs converging, no breakout yet
2026-02-10 22:33:38 | INFO | 🟡 WAIT       | ICICIGI         | ₹   1888.20 | EMAs converging, no breakout yet
2026-02-10 22:33:40 | INFO | 🔴 EXIT       | COLPAL          | ₹   2155.60 | Below 40W EMA
2026-02-10 22:33:42 | INFO | 🟢 HOLD_ADD   | TORNTPHARM      | ₹   3997.20 | Above all weekly EMAs
2026-02-10 22:33:45 | INFO | 🔴 EXIT       | DLF             | ₹    671.15 | Below 40W EMA
2026-02-10 22:33:47 | INFO | 🔴 EXIT       | ACC             | ₹   1706.10 | Below 40W EMA
2026-02-10 22:33:49 | INFO | 🟢 HOLD_ADD   | BANDHANBNK      | ₹    162.07 | Above all weekly EMAs
2026-02-10 22:33:52 | INFO | 🟢 HOLD_ADD   | MUTHOOTFIN      | ₹   3779.80 | Above all weekly EMAs
2026-02-10 22:33:54 | INFO | 🔴 EXIT       | NAUKRI          | ₹   1177.30 | Below 40W EMA
2026-02-10 22:33:55 | ERROR | HTTP Error 404: {"quoteSummary":{"result":null,"error":{"code":"Not Found","description":"Quote not found for symbol: PEL.NS"}}}
2026-02-10 22:33:56 | ERROR | $PEL.NS: possibly delisted; no timezone found
2026-02-10 22:33:58 | WARNING | No data returned for PEL
2026-02-10 22:34:00 | INFO | 🟢 HOLD_ADD   | LUPIN           | ₹   2196.80 | Above all weekly EMAs
2026-02-10 22:34:02 | INFO | 🟢 HOLD_ADD   | CHOLAFIN        | ₹   1770.20 | Above all weekly EMAs
2026-02-10 22:34:05 | INFO | 🔴 EXIT       | INDIGO          | ₹   4964.10 | Below 40W EMA
2026-02-10 22:34:07 | INFO | 🔴 EXIT       | GAIL            | ₹    163.64 | Below 40W EMA
2026-02-10 22:34:09 | INFO | 🟢 HOLD_ADD   | IOC             | ₹    176.16 | Above all weekly EMAs
2026-02-10 22:34:12 | INFO | 🟡 WAIT       | HDFCAMC         | ₹   2746.60 | EMAs converging, no breakout yet
2026-02-10 22:34:14 | INFO | 🔴 EXIT       | JUBLFOOD        | ₹    548.35 | Below 40W EMA
2026-02-10 22:34:16 | INFO | 🔴 EXIT       | PGHH            | ₹  11911.00 | Below 40W EMA
2026-02-10 22:34:19 | INFO | 🟡 WAIT       | VOLTAS          | ₹   1502.90 | EMAs converging, no breakout yet
2026-02-10 22:34:21 | INFO | 🟡 WAIT       | LICI            | ₹    895.45 | EMAs converging, no breakout yet
2026-02-10 22:34:23 | INFO | 🔴 EXIT       | TRENT           | ₹   4171.20 | Below 40W EMA
2026-02-10 22:34:26 | INFO | 🟠 CAUTIOUS   | LTIM            | ₹   5626.50 | Below 20W EMA
2026-02-10 22:34:28 | INFO | 🟢 HOLD_ADD   | BANKBARODA      | ₹    290.60 | Above all weekly EMAs
2026-02-10 22:34:30 | INFO | 🟢 HOLD_ADD   | CANBK           | ₹    147.93 | Above all weekly EMAs
2026-02-10 22:34:33 | INFO | 🟢 HOLD_ADD   | PNB             | ₹    123.44 | Above all weekly EMAs
2026-02-10 22:34:35 | INFO | 🟢 HOLD_ADD   | UNIONBANK       | ₹    179.98 | Above all weekly EMAs
2026-02-10 22:34:37 | INFO | 🟢 HOLD_ADD   | IDFCFIRSTB      | ₹     84.76 | Above all weekly EMAs
2026-02-10 22:34:40 | INFO | 🟢 HOLD_ADD   | INDIANB         | ₹    902.50 | Above all weekly EMAs
2026-02-10 22:34:42 | INFO | 🟢 HOLD_ADD   | FEDERALBNK      | ₹    286.65 | Above all weekly EMAs
2026-02-10 22:34:44 | INFO | 🔴 EXIT       | ADANIGREEN      | ₹    982.65 | Below 40W EMA
2026-02-10 22:34:45 | ERROR | $ADANITRANS.NS: possibly delisted; no timezone found
2026-02-10 22:34:47 | WARNING | No data returned for ADANITRANS
2026-02-10 22:34:49 | INFO | 🔴 EXIT       | RECLTD          | ₹    359.90 | Below 40W EMA
2026-02-10 22:34:52 | INFO | 🟡 WAIT       | PFC             | ₹    415.20 | EMAs converging, no breakout yet
2026-02-10 22:34:54 | INFO | 🟡 WAIT       | NHPC            | ₹     77.50 | EMAs converging, no breakout yet
2026-02-10 22:34:56 | INFO | 🔴 EXIT       | IRFC            | ₹    115.07 | Below 40W EMA
2026-02-10 22:34:59 | INFO | 🟢 HOLD_ADD   | BEL             | ₹    437.30 | Above all weekly EMAs
2026-02-10 22:35:01 | INFO | 🔴 EXIT       | HAL             | ₹   4131.00 | Below 40W EMA
2026-02-10 22:35:03 | INFO | 🟢 HOLD_ADD   | BHEL            | ₹    274.65 | Above all weekly EMAs
2026-02-10 22:35:06 | INFO | 🔴 EXIT       | IRCTC           | ₹    624.75 | Below 40W EMA
2026-02-10 22:35:06 | ERROR | $ZOMATO.NS: possibly delisted; no timezone found
2026-02-10 22:35:08 | WARNING | No data returned for ZOMATO
2026-02-10 22:35:11 | INFO | 🔴 EXIT       | ABBOTINDIA      | ₹  27480.00 | Below 40W EMA
2026-02-10 22:35:13 | INFO | 🟢 HOLD_ADD   | ABCAPITAL       | ₹    352.90 | Above all weekly EMAs
2026-02-10 22:35:15 | INFO | 🔴 EXIT       | ABFRL           | ₹     74.27 | Below 40W EMA
2026-02-10 22:35:18 | INFO | 🟢 HOLD_ADD   | ALKEM           | ₹   5750.50 | Above all weekly EMAs
2026-02-10 22:35:18 | ERROR | $AMARAJABAT.NS: possibly delisted; no timezone found
2026-02-10 22:35:20 | WARNING | No data returned for AMARAJABAT
2026-02-10 22:35:23 | INFO | 🟢 HOLD_ADD   | APLAPOLLO       | ₹   2234.60 | Above all weekly EMAs
2026-02-10 22:35:25 | INFO | 🟡 WAIT       | ASTRAL          | ₹   1490.70 | EMAs converging, no breakout yet
2026-02-10 22:35:27 | INFO | 🟡 WAIT       | ATUL            | ₹   6531.00 | EMAs converging, no breakout yet
2026-02-10 22:35:30 | INFO | 🟢 HOLD_ADD   | AUBANK          | ₹   1005.30 | Above all weekly EMAs
2026-02-10 22:35:32 | INFO | 🟡 WAIT       | AUROPHARMA      | ₹   1203.70 | EMAs converging, no breakout yet
2026-02-10 22:35:34 | INFO | 🔴 EXIT       | BALRAMCHIN      | ₹    453.45 | Below 40W EMA
2026-02-10 22:35:37 | INFO | 🔴 EXIT       | BATAINDIA       | ₹    884.20 | Below 40W EMA
2026-02-10 22:35:39 | INFO | 🟢 HOLD_ADD   | BHARATFORG      | ₹   1590.40 | Above all weekly EMAs
2026-02-10 22:35:41 | INFO | 🔴 EXIT       | CAMS            | ₹    736.40 | Below 40W EMA
2026-02-10 22:35:44 | INFO | 🟢 HOLD_ADD   | CANFINHOME      | ₹    950.20 | Above all weekly EMAs
2026-02-10 22:35:46 | INFO | 🔴 EXIT       | CENTRALBK       | ₹     37.74 | Below 40W EMA
2026-02-10 22:35:49 | INFO | 🟡 WAIT       | CGCL            | ₹    176.79 | EMAs converging, no breakout yet
2026-02-10 22:35:51 | INFO | 🟡 WAIT       | COFORGE         | ₹   1549.30 | EMAs converging, no breakout yet
2026-02-10 22:35:53 | INFO | 🟢 HOLD_ADD   | CUB             | ₹    289.85 | Above all weekly EMAs
2026-02-10 22:35:56 | INFO | 🟢 HOLD_ADD   | CUMMINSIND      | ₹   4427.50 | Above all weekly EMAs
2026-02-10 22:35:58 | INFO | 🔴 EXIT       | DEEPAKNTR       | ₹   1678.00 | Below 40W EMA
2026-02-10 22:36:01 | INFO | 🟡 WAIT       | DELHIVERY       | ₹    433.75 | EMAs converging, no breakout yet
2026-02-10 22:36:03 | INFO | 🔴 EXIT       | DIXON           | ₹  11757.00 | Below 40W EMA
2026-02-10 22:36:06 | INFO | 🔴 EXIT       | EMAMILTD        | ₹    500.85 | Below 40W EMA
2026-02-10 22:36:08 | INFO | 🟡 WAIT       | ENDURANCE       | ₹   2505.50 | EMAs converging, no breakout yet
2026-02-10 22:36:11 | INFO | 🟡 WAIT       | ESCORTS         | ₹   3777.60 | EMAs converging, no breakout yet
2026-02-10 22:36:13 | INFO | 🔴 EXIT       | EXIDEIND        | ₹    340.45 | Below 40W EMA
2026-02-10 22:36:15 | INFO | 🔴 EXIT       | FACT            | ₹    816.70 | Below 40W EMA
2026-02-10 22:36:18 | INFO | 🔴 EXIT       | FSL             | ₹    292.95 | Below 40W EMA
2026-02-10 22:36:20 | INFO | 🟢 HOLD_ADD   | GLENMARK        | ₹   1974.40 | Above all weekly EMAs
2026-02-10 22:36:21 | ERROR | $GMRINFRA.NS: possibly delisted; no timezone found
2026-02-10 22:36:23 | WARNING | No data returned for GMRINFRA
2026-02-10 22:36:25 | INFO | 🔴 EXIT       | GNFC            | ₹    480.50 | Below 40W EMA
2026-02-10 22:36:27 | INFO | 🟣 FADING     | GRANULES        | ₹    569.00 | Below 10W EMA - momentum fading
2026-02-10 22:36:30 | INFO | 🟡 WAIT       | GSPL            | ₹    311.85 | EMAs converging, no breakout yet
2026-02-10 22:36:32 | INFO | 🟡 WAIT       | HATSUN          | ₹    936.30 | EMAs converging, no breakout yet
2026-02-10 22:36:35 | INFO | 🟢 HOLD_ADD   | HINDZINC        | ₹    629.10 | Above all weekly EMAs
2026-02-10 22:36:37 | INFO | 🔴 EXIT       | HONAUT          | ₹  32490.00 | Below 40W EMA
2026-02-10 22:36:38 | ERROR | $IBULHSGFIN.NS: possibly delisted; no timezone found
2026-02-10 22:36:40 | WARNING | No data returned for IBULHSGFIN
2026-02-10 22:36:42 | INFO | 🟢 HOLD_ADD   | IDBI            | ₹    104.04 | Above all weekly EMAs
2026-02-10 22:36:45 | INFO | 🔴 EXIT       | IEX             | ₹    125.34 | Below 40W EMA
2026-02-10 22:36:47 | INFO | 🟠 CAUTIOUS   | IIFL            | ₹    517.90 | Below 20W EMA
2026-02-10 22:36:49 | INFO | 🟡 WAIT       | IPCALAB         | ₹   1452.00 | EMAs converging, no breakout yet
2026-02-10 22:36:52 | INFO | 🔴 EXIT       | IRB             | ₹     44.17 | Below 40W EMA
2026-02-10 22:36:52 | ERROR | $ISEC.NS: possibly delisted; no timezone found
2026-02-10 22:36:54 | WARNING | No data returned for ISEC
2026-02-10 22:36:57 | INFO | 🟡 WAIT       | JKCEMENT        | ₹   5960.50 | EMAs converging, no breakout yet
2026-02-10 22:36:59 | INFO | 🔴 EXIT       | JSWENERGY       | ₹    480.10 | Below 40W EMA
2026-02-10 22:37:02 | INFO | 🔴 EXIT       | JUSTDIAL        | ₹    697.25 | Below 40W EMA
2026-02-10 22:37:04 | INFO | 🔴 EXIT       | KAJARIACER      | ₹    955.15 | Below 40W EMA
2026-02-10 22:37:06 | INFO | 🔴 EXIT       | KANSAINER       | ₹    212.59 | Below 40W EMA
2026-02-10 22:37:09 | INFO | 🟢 HOLD_ADD   | KEI             | ₹   4599.10 | Above all weekly EMAs
2026-02-10 22:37:11 | INFO | 🔴 EXIT       | KPITTECH        | ₹    964.00 | Below 40W EMA
2026-02-10 22:37:13 | INFO | 🟡 WAIT       | LATENTVIEW      | ₹    422.85 | EMAs converging, no breakout yet
2026-02-10 22:37:16 | INFO | 🟣 FADING     | LAURUSLABS      | ₹    985.50 | Below 10W EMA - momentum fading
2026-02-10 22:37:18 | INFO | 🔴 EXIT       | LICHSGFIN       | ₹    523.65 | Below 40W EMA
2026-02-10 22:37:20 | INFO | 🟡 WAIT       | LLOYDSME        | ₹   1258.20 | EMAs converging, no breakout yet
2026-02-10 22:37:22 | INFO | 🔴 EXIT       | LODHA           | ₹   1090.40 | Below 40W EMA
2026-02-10 22:37:25 | INFO | 🟢 HOLD_ADD   | LTF             | ₹    296.85 | Above all weekly EMAs
2026-02-10 22:37:27 | INFO | 🔴 EXIT       | LTTS            | ₹   3901.00 | Below 40W EMA
2026-02-10 22:37:29 | INFO | 🟢 HOLD_ADD   | MANAPPURAM      | ₹    306.70 | Above all weekly EMAs
2026-02-10 22:37:32 | INFO | 🔴 EXIT       | MANYAVAR        | ₹    491.00 | Below 40W EMA
2026-02-10 22:37:34 | INFO | 🔴 EXIT       | MAPMYINDIA      | ₹   1283.00 | Below 40W EMA
2026-02-10 22:37:36 | INFO | 🔴 EXIT       | MAXHEALTH       | ₹   1010.00 | Below 40W EMA
2026-02-10 22:37:39 | INFO | 🟢 HOLD_ADD   | MCX             | ₹   2434.90 | Above all weekly EMAs
2026-02-10 22:37:41 | INFO | 🟡 WAIT       | METROPOLIS      | ₹   1999.40 | EMAs converging, no breakout yet
2026-02-10 22:37:44 | INFO | 🟢 HOLD_ADD   | MFSL            | ₹   1753.20 | Above all weekly EMAs
2026-02-10 22:37:46 | INFO | 🔴 EXIT       | MGL             | ₹   1181.20 | Below 40W EMA
2026-02-10 22:37:49 | INFO | 🟢 HOLD_ADD   | MOTHERSON       | ₹    124.41 | Above all weekly EMAs
2026-02-10 22:37:52 | INFO | 🟡 WAIT       | MPHASIS         | ₹   2615.10 | EMAs converging, no breakout yet
2026-02-10 22:37:54 | INFO | 🟡 WAIT       | MRF             | ₹ 145310.00 | EMAs converging, no breakout yet
2026-02-10 22:37:57 | INFO | 🟢 HOLD_ADD   | NAM-INDIA       | ₹    919.85 | Above all weekly EMAs
2026-02-10 22:37:59 | INFO | 🟢 HOLD_ADD   | NATIONALUM      | ₹    365.20 | Above all weekly EMAs
2026-02-10 22:38:02 | INFO | 🟢 HOLD_ADD   | NAVINFLUOR      | ₹   6598.00 | Above all weekly EMAs
2026-02-10 22:38:04 | INFO | 🟡 WAIT       | NBCC            | ₹    102.01 | EMAs converging, no breakout yet
2026-02-10 22:38:06 | INFO | 🔴 EXIT       | NCC             | ₹    158.05 | Below 40W EMA
2026-02-10 22:38:09 | INFO | 🟡 WAIT       | NLCINDIA        | ₹    262.35 | EMAs converging, no breakout yet
2026-02-10 22:38:11 | INFO | 🟢 HOLD_ADD   | NMDC            | ₹     84.47 | Above all weekly EMAs
2026-02-10 22:38:13 | INFO | 🔴 EXIT       | NOCIL           | ₹    150.18 | Below 40W EMA
2026-02-10 22:38:16 | INFO | 🔴 EXIT       | OBEROIRLTY      | ₹   1564.30 | Below 40W EMA
2026-02-10 22:38:18 | INFO | 🔴 EXIT       | OFSS            | ₹   7269.50 | Below 40W EMA
2026-02-10 22:38:21 | INFO | 🟢 HOLD_ADD   | OIL             | ₹    490.05 | Above all weekly EMAs
2026-02-10 22:38:23 | INFO | 🔴 EXIT       | PAGEIND         | ₹  34855.00 | Below 40W EMA
2026-02-10 22:38:25 | INFO | 🔴 EXIT       | PATANJALI       | ₹    531.55 | Below 40W EMA
2026-02-10 22:38:27 | INFO | 🟠 CAUTIOUS   | PERSISTENT      | ₹   5875.00 | Below 20W EMA
2026-02-10 22:38:30 | INFO | 🟡 WAIT       | PETRONET        | ₹    300.00 | EMAs converging, no breakout yet
2026-02-10 22:38:32 | INFO | 🟣 FADING     | PHOENIXLTD      | ₹   1750.30 | Below 10W EMA - momentum fading
2026-02-10 22:38:34 | INFO | 🟢 HOLD_ADD   | POLYCAB         | ₹   7788.00 | Above all weekly EMAs
2026-02-10 22:38:37 | INFO | 🔴 EXIT       | POLYPLEX        | ₹    886.15 | Below 40W EMA
2026-02-10 22:38:39 | INFO | 🟡 WAIT       | PRESTIGE        | ₹   1589.20 | EMAs converging, no breakout yet
2026-02-10 22:38:42 | INFO | 🟢 HOLD_ADD   | PVRINOX         | ₹   1076.05 | Above all weekly EMAs
2026-02-10 22:38:44 | INFO | 🟢 HOLD_ADD   | RAIN            | ₹    166.51 | Above all weekly EMAs
2026-02-10 22:38:47 | INFO | 🔴 EXIT       | RAJESHEXPO      | ₹    181.22 | Below 40W EMA
2026-02-10 22:38:49 | INFO | 🟢 HOLD_ADD   | RAMCOCEM        | ₹   1204.90 | Above all weekly EMAs
2026-02-10 22:38:51 | INFO | 🔴 EXIT       | RATNAMANI       | ₹   2003.60 | Below 40W EMA
2026-02-10 22:38:54 | INFO | 🔴 EXIT       | RAYMOND         | ₹    416.70 | Below 40W EMA
2026-02-10 22:38:56 | INFO | 🔴 EXIT       | RELAXO          | ₹    371.05 | Below 40W EMA
2026-02-10 22:38:58 | INFO | 🔴 EXIT       | RVNL            | ₹    317.25 | Below 40W EMA
2026-02-10 22:39:01 | INFO | 🟢 HOLD_ADD   | SAIL            | ₹    158.38 | Above all weekly EMAs
2026-02-10 22:39:03 | INFO | 🔴 EXIT       | SANOFI          | ₹   4006.70 | Below 40W EMA
2026-02-10 22:39:06 | INFO | 🟡 WAIT       | SCHAEFFLER      | ₹   3988.90 | EMAs converging, no breakout yet
2026-02-10 22:39:08 | INFO | 🟢 HOLD_ADD   | SCI             | ₹    265.25 | Above all weekly EMAs
2026-02-10 22:39:10 | INFO | 🔴 EXIT       | SFL             | ₹    609.05 | Below 40W EMA
2026-02-10 22:39:13 | INFO | 🟢 HOLD_ADD   | SHRIRAMFIN      | ₹   1062.70 | Above all weekly EMAs
2026-02-10 22:39:15 | INFO | 🔴 EXIT       | SJVN            | ₹     73.31 | Below 40W EMA
2026-02-10 22:39:17 | INFO | 🔴 EXIT       | SKFINDIA        | ₹   1748.90 | Below 40W EMA
2026-02-10 22:39:20 | INFO | 🟡 WAIT       | SONACOMS        | ₹    530.60 | EMAs converging, no breakout yet
2026-02-10 22:39:22 | INFO | 🟡 WAIT       | STARHEALTH      | ₹    463.25 | EMAs converging, no breakout yet
2026-02-10 22:39:24 | INFO | 🟡 WAIT       | SUNTV           | ₹    569.90 | EMAs converging, no breakout yet
2026-02-10 22:39:25 | ERROR | $SUVENPHAR.NS: possibly delisted; no timezone found
2026-02-10 22:39:27 | WARNING | No data returned for SUVENPHAR
2026-02-10 22:39:29 | INFO | 🔴 EXIT       | SYNGENE         | ₹    455.50 | Below 40W EMA
2026-02-10 22:39:32 | INFO | 🟡 WAIT       | TATACOMM        | ₹   1573.60 | EMAs converging, no breakout yet
2026-02-10 22:39:34 | INFO | 🔴 EXIT       | TATAELXSI       | ₹   5233.00 | Below 40W EMA
2026-02-10 22:39:36 | INFO | 🔴 EXIT       | TATAPOWER       | ₹    368.70 | Below 40W EMA
2026-02-10 22:39:39 | INFO | 🟠 CAUTIOUS   | TATVA           | ₹   1230.70 | Below 20W EMA
2026-02-10 22:39:41 | INFO | 🔴 EXIT       | TEAMLEASE       | ₹   1400.30 | Below 40W EMA
2026-02-10 22:39:44 | INFO | 🔴 EXIT       | THERMAX         | ₹   2893.30 | Below 40W EMA
2026-02-10 22:39:46 | INFO | 🔴 EXIT       | TIINDIA         | ₹   2361.30 | Below 40W EMA
2026-02-10 22:39:48 | INFO | 🟡 WAIT       | TIMKEN          | ₹   3287.10 | EMAs converging, no breakout yet
2026-02-10 22:39:51 | INFO | 🟢 BULLISH    | TORNTPOWER      | ₹   1427.20 | Resistance breakout with EMAs converging
2026-02-10 22:39:53 | INFO | 🟢 HOLD_ADD   | TVSMOTOR        | ₹   3764.70 | Above all weekly EMAs
2026-02-10 22:39:55 | INFO | 🔴 EXIT       | UBL             | ₹   1533.60 | Below 40W EMA
2026-02-10 22:39:56 | ERROR | $UJJIVAN.NS: possibly delisted; no timezone found
2026-02-10 22:39:58 | WARNING | No data returned for UJJIVAN
2026-02-10 22:40:00 | INFO | 🟠 CAUTIOUS   | UNOMINDA        | ₹   1204.00 | Below 20W EMA
2026-02-10 22:40:02 | INFO | 🟢 HOLD_ADD   | UPL             | ₹    744.05 | Above all weekly EMAs
2026-02-10 22:40:05 | INFO | 🔴 EXIT       | VBL             | ₹    457.35 | Below 40W EMA
2026-02-10 22:40:07 | INFO | 🔴 EXIT       | VINATIORGA      | ₹   1552.30 | Below 40W EMA
2026-02-10 22:40:09 | INFO | 🔴 EXIT       | VIPIND          | ₹    383.90 | Below 40W EMA
2026-02-10 22:40:12 | INFO | 🔴 EXIT       | VMART           | ₹    632.05 | Below 40W EMA
2026-02-10 22:40:14 | INFO | 🔴 EXIT       | WHIRLPOOL       | ₹    906.90 | Below 40W EMA
2026-02-10 22:40:17 | INFO | 🟡 WAIT       | YESBANK         | ₹     21.56 | EMAs converging, no breakout yet
2026-02-10 22:40:19 | INFO | 🔴 EXIT       | ZEEL            | ₹     92.71 | Below 40W EMA
2026-02-10 22:40:22 | INFO | 🔴 EXIT       | ZENSARTECH      | ₹    625.05 | Below 40W EMA
2026-02-10 22:40:24 | INFO | 🔴 EXIT       | ZYDUSLIFE       | ₹    923.45 | Below 40W EMA
2026-02-10 22:40:26 | INFO | 🔴 EXIT       | AFFLE           | ₹   1649.80 | Below 40W EMA
2026-02-10 22:40:28 | INFO | 🔴 EXIT       | CLEAN           | ₹    799.40 | Below 40W EMA
2026-02-10 22:40:31 | INFO | 🔴 EXIT       | CROMPTON        | ₹    262.92 | Below 40W EMA
2026-02-10 22:40:33 | INFO | 🟡 WAIT       | CESC            | ₹    154.58 | EMAs converging, no breakout yet
2026-02-10 22:40:35 | INFO | 🔴 EXIT       | INDIAMART       | ₹   2248.30 | Below 40W EMA
2026-02-10 22:40:38 | INFO | 🔴 EXIT       | INTELLECT       | ₹    771.70 | Below 40W EMA
2026-02-10 22:40:40 | INFO | 🔴 EXIT       | JINDALSAW       | ₹    189.38 | Below 40W EMA
2026-02-10 22:40:43 | INFO | 🟢 HOLD_ADD   | JSL             | ₹    790.25 | Above all weekly EMAs
2026-02-10 22:40:45 | INFO | 🔴 EXIT       | JUBLPHARMA      | ₹    942.60 | Below 40W EMA
2026-02-10 22:40:47 | INFO | 🔴 EXIT       | KALYANKJIL      | ₹    437.35 | Below 40W EMA
2026-02-10 22:40:50 | INFO | 🔴 EXIT       | KIMS            | ₹    646.65 | Below 40W EMA
2026-02-10 22:40:52 | INFO | 🟡 WAIT       | KRBL            | ₹    371.40 | EMAs converging, no breakout yet
2026-02-10 22:40:53 | ERROR | $LAXMIMACH.NS: possibly delisted; no timezone found
2026-02-10 22:40:55 | WARNING | No data returned for LAXMIMACH
2026-02-10 22:40:57 | INFO | 🔴 EXIT       | WESTLIFE        | ₹    522.65 | Below 40W EMA
2026-02-10 22:40:59 | INFO | 🔴 EXIT       | APTUS           | ₹    266.50 | Below 40W EMA
2026-02-10 22:41:01 | INFO | 🔴 EXIT       | AAVAS           | ₹   1328.00 | Below 40W EMA
2026-02-10 22:41:04 | INFO | 🔴 EXIT       | ALKYLAMINE      | ₹   1571.30 | Below 40W EMA
2026-02-10 22:41:04 | INFO | ==================================================
2026-02-10 22:41:04 | INFO | SCAN COMPLETE
2026-02-10 22:41:04 | INFO | Total: 238 | Errors: 11
2026-02-10 22:41:04 | INFO | EXIT: 93
2026-02-10 22:41:04 | INFO | BULLISH: 2
2026-02-10 22:41:04 | INFO | WAIT: 64
2026-02-10 22:41:04 | INFO | CAUTIOUS: 7
2026-02-10 22:41:04 | INFO | FADING: 3
2026-02-10 22:41:04 | INFO | HOLD_ADD: 69
