2026-02-20 01:09:34 | INFO | USA Top 100 source: hardcoded list (100 stocks)
2026-02-20 01:09:37 | INFO | 🟣 FADING     | AAPL            | $    260.92 | Below 10W EMA - momentum fading
2026-02-20 01:09:39 | INFO | 🔴 EXIT       | MSFT            | $    397.02 | Below 40W EMA
2026-02-20 01:09:41 | INFO | 🟢 HOLD_ADD   | NVDA            | $    186.57 | Above all weekly EMAs
2026-02-20 01:09:43 | INFO | 🔴 EXIT       | AMZN            | $    204.04 | Broke support with EMAs converging
2026-02-20 01:09:45 | INFO | 🟣 FADING     | GOOGL           | $    303.43 | Below 10W EMA - momentum fading
2026-02-20 01:09:47 | INFO | 🟣 FADING     | GOOG            | $    303.85 | Below 10W EMA - momentum fading
2026-02-20 01:09:50 | INFO | 🟡 WAIT       | META            | $    643.03 | EMAs converging, no breakout yet
2026-02-20 01:09:52 | INFO | 🟡 WAIT       | BRK.B           | $    495.97 | EMAs converging, no breakout yet
2026-02-20 01:09:54 | INFO | 🟠 CAUTIOUS   | AVGO            | $    332.88 | Below 20W EMA
2026-02-20 01:09:56 | INFO | 🟠 CAUTIOUS   | TSLA            | $    409.06 | Below 20W EMA
2026-02-20 01:09:58 | INFO | 🟠 CAUTIOUS   | JPM             | $    306.57 | Below 20W EMA
2026-02-20 01:10:00 | INFO | 🟡 WAIT       | V               | $    317.23 | EMAs converging, no breakout yet
2026-02-20 01:10:02 | INFO | 🔴 EXIT       | UNH             | $    287.88 | Below 40W EMA
2026-02-20 01:10:05 | INFO | 🟢 HOLD_ADD   | XOM             | $    151.53 | Above all weekly EMAs
2026-02-20 01:10:07 | INFO | 🟣 FADING     | LLY             | $   1017.07 | Below 10W EMA - momentum fading
2026-02-20 01:10:09 | INFO | 🟢 HOLD_ADD   | WMT             | $    125.77 | Above all weekly EMAs
2026-02-20 01:10:11 | INFO | 🟢 HOLD_ADD   | JNJ             | $    246.36 | Above all weekly EMAs
2026-02-20 01:10:13 | INFO | 🔴 EXIT       | MA              | $    516.29 | Broke support with EMAs converging
2026-02-20 01:10:16 | INFO | 🟡 WAIT       | PG              | $    157.73 | EMAs converging, no breakout yet
2026-02-20 01:10:18 | INFO | 🔴 EXIT       | ORCL            | $    156.29 | Below 40W EMA
2026-02-20 01:10:20 | INFO | 🟡 WAIT       | COST            | $    984.35 | EMAs converging, no breakout yet
2026-02-20 01:10:22 | INFO | 🟡 WAIT       | HD              | $    377.65 | EMAs converging, no breakout yet
2026-02-20 01:10:24 | INFO | 🟢 HOLD_ADD   | MRK             | $    122.04 | Above all weekly EMAs
2026-02-20 01:10:26 | INFO | 🟢 HOLD_ADD   | ABBV            | $    224.00 | Above all weekly EMAs
2026-02-20 01:10:29 | INFO | 🟠 CAUTIOUS   | BAC             | $     52.37 | Below 20W EMA
2026-02-20 01:10:31 | INFO | 🟢 HOLD_ADD   | KO              | $     78.81 | Above all weekly EMAs
2026-02-20 01:10:33 | INFO | 🔴 EXIT       | CRM             | $    185.18 | Below 40W EMA
2026-02-20 01:10:35 | INFO | 🔴 EXIT       | NFLX            | $     77.04 | Below 40W EMA
2026-02-20 01:10:37 | INFO | 🟢 HOLD_ADD   | CVX             | $    185.76 | Above all weekly EMAs
2026-02-20 01:10:40 | INFO | 🔴 EXIT       | ACN             | $    211.92 | Below 40W EMA
2026-02-20 01:10:42 | INFO | 🟠 CAUTIOUS   | AMD             | $    202.06 | Below 20W EMA
2026-02-20 01:10:44 | INFO | 🟢 HOLD_ADD   | PEP             | $    163.55 | Above all weekly EMAs
2026-02-20 01:10:46 | INFO | 🔴 EXIT       | TMO             | $    512.13 | Below 40W EMA
2026-02-20 01:10:48 | INFO | 🟢 HOLD_ADD   | MCD             | $    329.88 | Above all weekly EMAs
2026-02-20 01:10:51 | INFO | 🟢 HOLD_ADD   | CSCO            | $     79.01 | Above all weekly EMAs
2026-02-20 01:10:53 | INFO | ✅ BULLISH    | LIN             | $    487.34 | Resistance breakout with EMAs converging
2026-02-20 01:10:55 | INFO | 🔴 EXIT       | ABT             | $    112.11 | Below 40W EMA
2026-02-20 01:10:57 | INFO | 🟠 CAUTIOUS   | WFC             | $     87.15 | Below 20W EMA
2026-02-20 01:10:59 | INFO | 🟢 HOLD_ADD   | GE              | $    334.58 | Above all weekly EMAs
2026-02-20 01:11:02 | INFO | 🟡 WAIT       | DHR             | $    209.71 | EMAs converging, no breakout yet
2026-02-20 01:11:04 | INFO | 🟢 HOLD_ADD   | PM              | $    182.57 | Above all weekly EMAs
2026-02-20 01:11:06 | INFO | 🔴 EXIT       | IBM             | $    255.71 | Below 40W EMA
2026-02-20 01:11:08 | INFO | 🟢 HOLD_ADD   | TXN             | $    217.50 | Above all weekly EMAs
2026-02-20 01:11:10 | INFO | 🟢 HOLD_ADD   | GS              | $    910.51 | Above all weekly EMAs
2026-02-20 01:11:12 | INFO | 🔴 EXIT       | INTU            | $    381.86 | Below 40W EMA
2026-02-20 01:11:14 | INFO | 🔴 EXIT       | QCOM            | $    140.17 | Below 40W EMA
2026-02-20 01:11:17 | INFO | 🟢 HOLD_ADD   | RTX             | $    204.27 | Above all weekly EMAs
2026-02-20 01:11:19 | INFO | 🟢 HOLD_ADD   | CAT             | $    755.39 | Above all weekly EMAs
2026-02-20 01:11:21 | INFO | 🔴 EXIT       | NOW             | $    107.07 | Below 40W EMA
2026-02-20 01:11:23 | INFO | 🟢 HOLD_ADD   | AMGN            | $    374.77 | Above all weekly EMAs
2026-02-20 01:11:26 | INFO | 🔴 EXIT       | SPGI            | $    413.93 | Below 40W EMA
2026-02-20 01:11:28 | INFO | 🟡 WAIT       | BLK             | $   1071.87 | EMAs converging, no breakout yet
2026-02-20 01:11:30 | INFO | 🟠 CAUTIOUS   | AXP             | $    340.40 | Below 20W EMA
2026-02-20 01:11:32 | INFO | 🔴 EXIT       | BKNG            | $   3926.31 | Below 40W EMA
2026-02-20 01:11:34 | INFO | 🟡 WAIT       | DIS             | $    105.97 | EMAs converging, no breakout yet
2026-02-20 01:11:36 | INFO | 🟢 HOLD_ADD   | LOW             | $    277.00 | Above all weekly EMAs
2026-02-20 01:11:39 | INFO | 🟠 CAUTIOUS   | SCHW            | $     93.38 | Below 20W EMA
2026-02-20 01:11:41 | INFO | 🟡 WAIT       | SYK             | $    371.62 | EMAs converging, no breakout yet
2026-02-20 01:11:43 | INFO | 🟢 HOLD_ADD   | PFE             | $     26.67 | Above all weekly EMAs
2026-02-20 01:11:45 | INFO | 🟢 HOLD_ADD   | HON             | $    240.16 | Above all weekly EMAs
2026-02-20 01:11:47 | INFO | 🟢 HOLD_ADD   | TJX             | $    155.32 | Above all weekly EMAs
2026-02-20 01:11:50 | INFO | 🔴 EXIT       | ADP             | $    214.84 | Below 40W EMA
2026-02-20 01:11:52 | INFO | 🟢 HOLD_ADD   | C               | $    114.90 | Above all weekly EMAs
2026-02-20 01:11:54 | INFO | 🟣 FADING     | MS              | $    173.71 | Below 10W EMA - momentum fading
2026-02-20 01:11:56 | INFO | 🟢 HOLD_ADD   | UPS             | $    115.39 | Above all weekly EMAs
2026-02-20 01:11:58 | INFO | 🟢 HOLD_ADD   | COP             | $    112.04 | Above all weekly EMAs
2026-02-20 01:12:00 | INFO | 🟢 HOLD_ADD   | BA              | $    234.56 | Above all weekly EMAs
2026-02-20 01:12:03 | INFO | 🟠 CAUTIOUS   | MDT             | $     97.60 | Below 20W EMA
2026-02-20 01:12:05 | INFO | 🟢 HOLD_ADD   | MO              | $     67.62 | Above all weekly EMAs
2026-02-20 01:12:07 | INFO | 🟢 HOLD_ADD   | GILD            | $    151.34 | Above all weekly EMAs
2026-02-20 01:12:09 | INFO | 🟢 HOLD_ADD   | LRCX            | $    234.82 | Above all weekly EMAs
2026-02-20 01:12:11 | INFO | 🟢 HOLD_ADD   | MU              | $    413.93 | Above all weekly EMAs
2026-02-20 01:12:13 | INFO | 🟡 WAIT       | SO              | $     94.51 | EMAs converging, no breakout yet
2026-02-20 01:12:16 | INFO | 🟢 HOLD_ADD   | AMAT            | $    365.27 | Above all weekly EMAs
2026-02-20 01:12:18 | INFO | 🟢 HOLD_ADD   | EQIX            | $    917.24 | Above all weekly EMAs
2026-02-20 01:12:20 | INFO | 🟢 HOLD_ADD   | DE              | $    671.68 | Above all weekly EMAs
2026-02-20 01:12:22 | INFO | 🟢 HOLD_ADD   | NEE             | $     91.82 | Above all weekly EMAs
2026-02-20 01:12:24 | INFO | 🟡 WAIT       | DUK             | $    125.87 | EMAs converging, no breakout yet
2026-02-20 01:12:26 | INFO | 🟢 HOLD_ADD   | KLAC            | $   1456.81 | Above all weekly EMAs
2026-02-20 01:12:29 | INFO | 🔴 EXIT       | PANW            | $    151.71 | Below 40W EMA
2026-02-20 01:12:31 | INFO | 🟢 HOLD_ADD   | ANET            | $    136.94 | Above all weekly EMAs
2026-02-20 01:12:33 | INFO | 🟡 WAIT       | CMCSA           | $     31.27 | EMAs converging, no breakout yet
2026-02-20 01:12:35 | INFO | 🔴 EXIT       | CRWD            | $    419.58 | Below 40W EMA
2026-02-20 01:12:37 | INFO | 🟢 HOLD_ADD   | ADI             | $    343.14 | Above all weekly EMAs
2026-02-20 01:12:39 | INFO | 🟢 HOLD_ADD   | TT              | $    462.92 | Above all weekly EMAs
2026-02-20 01:12:42 | INFO | 🟢 HOLD_ADD   | UNP             | $    262.79 | Above all weekly EMAs
2026-02-20 01:12:44 | INFO | 🔴 EXIT       | NKE             | $     65.11 | Below 40W EMA
2026-02-20 01:12:46 | INFO | 🟡 WAIT       | T               | $     27.86 | EMAs converging, no breakout yet
2026-02-20 01:12:48 | INFO | 🟢 HOLD_ADD   | VZ              | $     48.74 | Above all weekly EMAs
2026-02-20 01:12:50 | INFO | 🔴 EXIT       | MMC             | $    178.11 | Below 40W EMA
2026-02-20 01:12:53 | INFO | 🟢 HOLD_ADD   | CB              | $    328.52 | Above all weekly EMAs
2026-02-20 01:12:55 | INFO | 🟢 HOLD_ADD   | CME             | $    302.39 | Above all weekly EMAs
2026-02-20 01:12:57 | INFO | 🟡 WAIT       | ELV             | $    346.32 | EMAs converging, no breakout yet
2026-02-20 01:12:58 | ERROR | HTTP Error 404: {"quoteSummary":{"result":null,"error":{"code":"Not Found","description":"Quote not found for symbol: FI"}}}
2026-02-20 01:12:58 | ERROR | $FI: possibly delisted; no timezone found
2026-02-20 01:13:00 | WARNING | No data returned for FI
2026-02-20 01:13:03 | INFO | 🔴 EXIT       | UBER            | $     72.82 | Below 40W EMA
2026-02-20 01:13:05 | INFO | 🔴 EXIT       | BX              | $    124.61 | Below 40W EMA
2026-02-20 01:13:07 | INFO | 🔴 EXIT       | PGR             | $    201.51 | Below 40W EMA
2026-02-20 01:13:09 | INFO | 🔴 EXIT       | AON             | $    321.91 | Below 40W EMA
2026-02-20 01:13:11 | INFO | 🟢 HOLD_ADD   | APH             | $    150.00 | Above all weekly EMAs
2026-02-20 01:13:13 | INFO | 🟢 HOLD_ADD   | GD              | $    352.31 | Above all weekly EMAs
2026-02-20 01:13:13 | INFO | ==================================================
2026-02-20 01:13:13 | INFO | SCAN COMPLETE
2026-02-20 01:13:13 | INFO | Total: 99 | Errors: 1
2026-02-20 01:13:13 | INFO | EXIT: 25
2026-02-20 01:13:13 | INFO | BULLISH: 1
2026-02-20 01:13:13 | INFO | WAIT: 15
2026-02-20 01:13:13 | INFO | CAUTIOUS: 9
2026-02-20 01:13:13 | INFO | FADING: 5
2026-02-20 01:13:13 | INFO | HOLD_ADD: 44
